[
  {
      "wazuh":
      {
          "queue": 49,
          "location": "[003] (vm-ubuntu22) any->EventChannel",
          "message": "<Event xmlns='http://schemas.microsoft.com/win/2004/08/events/event'><System><Provider Name='Microsoft-Windows-Security-Auditing' Guid='{54849625-5478-4994-a5ba-3e3b0328c30d}'/><EventID>4624</EventID><Version>2</Version><Level>0</Level><Task>12544</Task><Opcode>0</Opcode><Keywords>0x8020000000000000</Keywords><TimeCreated SystemTime='2023-07-11T17:14:07.5120744Z'/><EventRecordID>7733</EventRecordID><Correlation ActivityID='{58616339-b3b9-0001-a163-6158b9b3d901}'/><Execution ProcessID='732' ThreadID='3976'/><Channel>Security</Channel><Computer>DESKTOP-2GJHQ1J</Computer><Security/></System><EventData><Data Name='SubjectUserSid'>S-1-5-18</Data><Data Name='SubjectUserName'>DESKTOP-2GJHQ1J$</Data><Data Name='SubjectDomainName'>WORKGROUP</Data><Data Name='SubjectLogonId'>0x3e7</Data><Data Name='TargetUserSid'>S-1-5-18</Data><Data Name='TargetUserName'>SYSTEM</Data><Data Name='TargetDomainName'>NT AUTHORITY</Data><Data Name='TargetLogonId'>0x3e7</Data><Data Name='LogonType'>5</Data><Data Name='LogonProcessName'>Advapi  </Data><Data Name='AuthenticationPackageName'>Negotiate</Data><Data Name='WorkstationName'>-</Data><Data Name='LogonGuid'>{00000000-0000-0000-0000-000000000000}</Data><Data Name='TransmittedServices'>-</Data><Data Name='LmPackageName'>-</Data><Data Name='KeyLength'>0</Data><Data Name='ProcessId'>0x2c0</Data><Data Name='ProcessName'>C:\\Windows\\System32\\services.exe</Data><Data Name='IpAddress'>-</Data><Data Name='IpPort'>-</Data><Data Name='ImpersonationLevel'>%%1833</Data><Data Name='RestrictedAdminMode'>-</Data><Data Name='TargetOutboundUserName'>-</Data><Data Name='TargetOutboundDomainName'>-</Data><Data Name='VirtualAccount'>%%1843</Data><Data Name='TargetLinkedLogonId'>0x0</Data><Data Name='ElevatedToken'>%%1842</Data></EventData></Event>",
          "origin": "EventChannel",
          "registered_ip": "any",
          "decoders":
          [
              "core-wazuh-message",
              "core-localfile",
              "integrations",
              "windows-event-decoder",
              "windows-security"
          ],
          "source": "logcollector"
      },
      "agent":
      {
          "id": "003",
          "name": "vm-ubuntu22",
          "type": "wazuh"
      },
      "event":
      {
          "original": "<Event xmlns='http://schemas.microsoft.com/win/2004/08/events/event'><System><Provider Name='Microsoft-Windows-Security-Auditing' Guid='{54849625-5478-4994-a5ba-3e3b0328c30d}'/><EventID>4624</EventID><Version>2</Version><Level>0</Level><Task>12544</Task><Opcode>0</Opcode><Keywords>0x8020000000000000</Keywords><TimeCreated SystemTime='2023-07-11T17:14:07.5120744Z'/><EventRecordID>7733</EventRecordID><Correlation ActivityID='{58616339-b3b9-0001-a163-6158b9b3d901}'/><Execution ProcessID='732' ThreadID='3976'/><Channel>Security</Channel><Computer>DESKTOP-2GJHQ1J</Computer><Security/></System><EventData><Data Name='SubjectUserSid'>S-1-5-18</Data><Data Name='SubjectUserName'>DESKTOP-2GJHQ1J$</Data><Data Name='SubjectDomainName'>WORKGROUP</Data><Data Name='SubjectLogonId'>0x3e7</Data><Data Name='TargetUserSid'>S-1-5-18</Data><Data Name='TargetUserName'>SYSTEM</Data><Data Name='TargetDomainName'>NT AUTHORITY</Data><Data Name='TargetLogonId'>0x3e7</Data><Data Name='LogonType'>5</Data><Data Name='LogonProcessName'>Advapi  </Data><Data Name='AuthenticationPackageName'>Negotiate</Data><Data Name='WorkstationName'>-</Data><Data Name='LogonGuid'>{00000000-0000-0000-0000-000000000000}</Data><Data Name='TransmittedServices'>-</Data><Data Name='LmPackageName'>-</Data><Data Name='KeyLength'>0</Data><Data Name='ProcessId'>0x2c0</Data><Data Name='ProcessName'>C:\\Windows\\System32\\services.exe</Data><Data Name='IpAddress'>-</Data><Data Name='IpPort'>-</Data><Data Name='ImpersonationLevel'>%%1833</Data><Data Name='RestrictedAdminMode'>-</Data><Data Name='TargetOutboundUserName'>-</Data><Data Name='TargetOutboundDomainName'>-</Data><Data Name='VirtualAccount'>%%1843</Data><Data Name='TargetLinkedLogonId'>0x0</Data><Data Name='ElevatedToken'>%%1842</Data></EventData></Event>",
          "module": "windows",
          "dataset": "security",
          "start": "2023-07-11T17:14:07.5120744Z",
          "code": "4624",
          "id": "4624",
          "kind": "event",
          "provider": "Microsoft-Windows-Security-Auditing",
          "category":
          [
              "authentication"
          ],
          "type":
          [
              "start"
          ],
          "action": "logged-in"
      },
      "host":
      {
          "id": "003",
          "name": "DESKTOP-2GJHQ1J"
      },
      "log":
      {
          "level": "Audit"
      },
      "~winlog":
      {
          "logon":
          {
              "id": "0x3e7",
              "type": "Service"
          }
      },
      "user":
      {
          "id": "S-1-5-18",
          "name": "DESKTOP-2GJHQ1J$",
          "domain": "WORKGROUP"
      },
      "related":
      {
          "user":
          [
              "DESKTOP-2GJHQ1J$",
              "DESKTOP-2GJHQ1J$"
          ]
      },
      "service":
      {
          "type": "Recognizer Driver"
      }
  },
  {
      "wazuh":
      {
          "queue": 49,
          "location": "[003] (vm-ubuntu22) any->EventChannel",
          "message": "<Event xmlns='http://schemas.microsoft.com/win/2004/08/events/event'><System><Provider Name='Microsoft-Windows-Security-Auditing' Guid='{54849625-5478-4994-a5ba-3e3b0328c30d}'/><EventID>4672</EventID><Version>0</Version><Level>0</Level><Task>12548</Task><Opcode>0</Opcode><Keywords>0x8020000000000000</Keywords><TimeCreated SystemTime='2023-07-11T17:14:07.5120807Z'/><EventRecordID>7734</EventRecordID><Correlation ActivityID='{58616339-b3b9-0001-a163-6158b9b3d901}'/><Execution ProcessID='732' ThreadID='3976'/><Channel>Security</Channel><Computer>DESKTOP-2GJHQ1J</Computer><Security/></System><EventData><Data Name='SubjectUserSid'>S-1-5-18</Data><Data Name='SubjectUserName'>SYSTEM</Data><Data Name='SubjectDomainName'>NT AUTHORITY</Data><Data Name='SubjectLogonId'>0x3e7</Data><Data Name='PrivilegeList'>SeAssignPrimaryTokenPrivilege     SeTcbPrivilege     SeSecurityPrivilege     SeTakeOwnershipPrivilege     SeLoadDriverPrivilege     SeBackupPrivilege     SeRestorePrivilege     SeDebugPrivilege     SeAuditPrivilege     SeSystemEnvironmentPrivilege     SeImpersonatePrivilege     SeDelegateSessionUserImpersonatePrivilege</Data></EventData></Event>",
          "origin": "EventChannel",
          "registered_ip": "any",
          "decoders":
          [
              "core-wazuh-message",
              "core-localfile",
              "integrations",
              "windows-event-decoder",
              "windows-security"
          ],
          "source": "logcollector"
      },
      "agent":
      {
          "id": "003",
          "name": "vm-ubuntu22",
          "type": "wazuh"
      },
      "event":
      {
          "original": "<Event xmlns='http://schemas.microsoft.com/win/2004/08/events/event'><System><Provider Name='Microsoft-Windows-Security-Auditing' Guid='{54849625-5478-4994-a5ba-3e3b0328c30d}'/><EventID>4672</EventID><Version>0</Version><Level>0</Level><Task>12548</Task><Opcode>0</Opcode><Keywords>0x8020000000000000</Keywords><TimeCreated SystemTime='2023-07-11T17:14:07.5120807Z'/><EventRecordID>7734</EventRecordID><Correlation ActivityID='{58616339-b3b9-0001-a163-6158b9b3d901}'/><Execution ProcessID='732' ThreadID='3976'/><Channel>Security</Channel><Computer>DESKTOP-2GJHQ1J</Computer><Security/></System><EventData><Data Name='SubjectUserSid'>S-1-5-18</Data><Data Name='SubjectUserName'>SYSTEM</Data><Data Name='SubjectDomainName'>NT AUTHORITY</Data><Data Name='SubjectLogonId'>0x3e7</Data><Data Name='PrivilegeList'>SeAssignPrimaryTokenPrivilege     SeTcbPrivilege     SeSecurityPrivilege     SeTakeOwnershipPrivilege     SeLoadDriverPrivilege     SeBackupPrivilege     SeRestorePrivilege     SeDebugPrivilege     SeAuditPrivilege     SeSystemEnvironmentPrivilege     SeImpersonatePrivilege     SeDelegateSessionUserImpersonatePrivilege</Data></EventData></Event>",
          "module": "windows",
          "dataset": "security",
          "start": "2023-07-11T17:14:07.5120807Z",
          "code": "4672",
          "id": "4672",
          "kind": "event",
          "provider": "Microsoft-Windows-Security-Auditing",
          "category":
          [
              "iam"
          ],
          "type":
          [
              "admin"
          ],
          "action": "logged-in-special"
      },
      "host":
      {
          "id": "003",
          "name": "DESKTOP-2GJHQ1J"
      },
      "log":
      {
          "level": "Audit"
      },
      "~winlog":
      {
          "logon":
          {
              "id": "0x3e7"
          },
          "event_data":
          {
              "PrivilegeList":
              [
                  "SeAssignPrimaryTokenPrivilege",
                  "",
                  "",
                  "",
                  "",
                  "SeTcbPrivilege",
                  "",
                  "",
                  "",
                  "",
                  "SeSecurityPrivilege",
                  "",
                  "",
                  "",
                  "",
                  "SeTakeOwnershipPrivilege",
                  "",
                  "",
                  "",
                  "",
                  "SeLoadDriverPrivilege",
                  "",
                  "",
                  "",
                  "",
                  "SeBackupPrivilege",
                  "",
                  "",
                  "",
                  "",
                  "SeRestorePrivilege",
                  "",
                  "",
                  "",
                  "",
                  "SeDebugPrivilege",
                  "",
                  "",
                  "",
                  "",
                  "SeAuditPrivilege",
                  "",
                  "",
                  "",
                  "",
                  "SeSystemEnvironmentPrivilege",
                  "",
                  "",
                  "",
                  "",
                  "SeImpersonatePrivilege",
                  "",
                  "",
                  "",
                  "",
                  "SeDelegateSessionUserImpersonatePrivilege"
              ]
          }
      },
      "user":
      {
          "id": "S-1-5-18",
          "name": "SYSTEM",
          "domain": "NT AUTHORITY"
      },
      "related":
      {
          "user":
          [
              "SYSTEM"
          ]
      },
      "service":
      {
          "type": "Recognizer Driver"
      }
  },
  {
      "wazuh":
      {
          "queue": 49,
          "location": "[003] (vm-ubuntu22) any->EventChannel",
          "message": "<Event xmlns='http://schemas.microsoft.com/win/2004/08/events/event'><System><Provider Name='Service Control Manager' Guid='{555908d1-a6d7-4695-8e1e-26931d2012f4}' EventSourceName='Service Control Manager'/><EventID Qualifiers='16384'>7040</EventID><Version>0</Version><Level>4</Level><Task>0</Task><Opcode>0</Opcode><Keywords>0x8080000000000000</Keywords><TimeCreated SystemTime='2023-07-11T17:10:39.8308565Z'/><EventRecordID>1693</EventRecordID><Correlation/><Execution ProcessID='704' ThreadID='4520'/><Channel>System</Channel><Computer>DESKTOP-2GJHQ1J</Computer><Security UserID='S-1-5-18'/></System><EventData><Data Name='param1'>Background Intelligent Transfer Service</Data><Data Name='param2'>auto start</Data><Data Name='param3'>demand start</Data><Data Name='param4'>BITS</Data></EventData></Event>",
          "origin": "EventChannel",
          "registered_ip": "any",
          "decoders":
          [
              "core-wazuh-message",
              "core-localfile",
              "integrations",
              "windows-event-decoder"
          ],
          "source": "logcollector"
      },
      "agent":
      {
          "id": "003",
          "name": "vm-ubuntu22",
          "type": "wazuh"
      },
      "event":
      {
          "original": "<Event xmlns='http://schemas.microsoft.com/win/2004/08/events/event'><System><Provider Name='Service Control Manager' Guid='{555908d1-a6d7-4695-8e1e-26931d2012f4}' EventSourceName='Service Control Manager'/><EventID Qualifiers='16384'>7040</EventID><Version>0</Version><Level>4</Level><Task>0</Task><Opcode>0</Opcode><Keywords>0x8080000000000000</Keywords><TimeCreated SystemTime='2023-07-11T17:10:39.8308565Z'/><EventRecordID>1693</EventRecordID><Correlation/><Execution ProcessID='704' ThreadID='4520'/><Channel>System</Channel><Computer>DESKTOP-2GJHQ1J</Computer><Security UserID='S-1-5-18'/></System><EventData><Data Name='param1'>Background Intelligent Transfer Service</Data><Data Name='param2'>auto start</Data><Data Name='param3'>demand start</Data><Data Name='param4'>BITS</Data></EventData></Event>",
          "module": "windows",
          "dataset": "general",
          "start": "2023-07-11T17:10:39.8308565Z",
          "code": "7040",
          "id": "7040",
          "kind": "event",
          "provider": "Service Control Manager"
      },
      "host":
      {
          "id": "003",
          "name": "DESKTOP-2GJHQ1J"
      },
      "~windows":
      {
          "System":
          {
              "Provider":
              {
                  "@Name": "Service Control Manager",
                  "@Guid": "{555908d1-a6d7-4695-8e1e-26931d2012f4}",
                  "@EventSourceName": "Service Control Manager"
              },
              "EventID":
              {
                  "#text": "7040",
                  "@Qualifiers": "16384"
              },
              "Version":
              {
                  "#text": "0"
              },
              "Level":
              {
                  "#text": "4"
              },
              "Task":
              {
                  "#text": "0"
              },
              "Opcode":
              {
                  "#text": "0"
              },
              "Keywords":
              {
                  "#text": "0x8080000000000000"
              },
              "TimeCreated":
              {
                  "@SystemTime": "2023-07-11T17:10:39.8308565Z"
              },
              "EventRecordID":
              {
                  "#text": "1693"
              },
              "Correlation":
              {},
              "Execution":
              {
                  "@ProcessID": "704",
                  "@ThreadID": "4520"
              },
              "Channel":
              {
                  "#text": "System"
              },
              "Computer":
              {
                  "#text": "DESKTOP-2GJHQ1J"
              },
              "Security":
              {
                  "@UserID": "S-1-5-18"
              }
          },
          "EventData":
          {
              "param1": "Background Intelligent Transfer Service",
              "param2": "auto start",
              "param3": "demand start",
              "param4": "BITS"
          }
      },
      "log":
      {
          "level": "Information"
      }
  }
]