            "origin": "EventChannel",
            "registered_ip": "any",
            "decoders":
            [
                "core-wazuh-message",
                "core-windows",
                "integrations",
                "windows-event-decoder",
                "windows-security"
            ],
            "source": "logcollector"
        },
        "agent":
        {
            "id": "003",
            "name": "vm-ubuntu22",
            "type": "wazuh"
        },
        "event":
        {
            "original": "<Event xmlns='http://schemas.microsoft.com/win/2004/08/events/event'><System><Provider Name='Microsoft-Windows-Security-Auditing' Guid='{54849625-5478-4994-A5BA-3E3B0328C30D}'/><EventID>4781</EventID><Version>0</Version><Level>0</Level><Task>13824</Task><Opcode>0</Opcode><Keywords>0x8020000000000000</Keywords><TimeCreated SystemTime='2015-04-15T19:33:01.220777700Z'/><EventRecordID>121</EventRecordID><Correlation/><Execution ProcessID='464' ThreadID='504'/><Channel>Security</Channel><Computer>WIN-IV0BOSRBARR</Computer><Security/></System><EventData><Data Name='OldTargetUserName'>Access Control Assistance Operators</Data><Data Name='NewTargetUserName'>Access Control Assistance Operators</Data><Data Name='TargetDomainName'>Builtin</Data><Data Name='TargetSid'>S-1-5-32-579</Data><Data Name='SubjectUserSid'>S-1-5-18</Data><Data Name='SubjectUserName'>WIN-IV0BOSRBARR$</Data><Data Name='SubjectDomainName'>WORKGROUP</Data><Data Name='SubjectLogonId'>0x3e7</Data><Data Name='PrivilegeList'>-</Data></EventData></Event>",
            "module": "windows",
            "dataset": "security",
            "start": "2015-04-15T19:33:01.220777700Z",
            "code": "4781",
            "id": "4781",
            "kind": "event",
            "provider": "Microsoft-Windows-Security-Auditing",
            "category":
            [
                "iam"
            ],
            "type":
            [
                "user",
                "change"
            ],
            "action": "renamed-user-account"
        },
        "host":
        {
            "id": "003",
            "name": "WIN-IV0BOSRBARR"
        },
        "log":
        {
            "level": "Audit"
        },
        "~winlog":
        {
            "logon":
            {
                "id": "0x3e7"
            }
        },
        "user":
        {
            "id": "S-1-5-18",
            "name": "WIN-IV0BOSRBARR$",
            "domain": "WORKGROUP",
            "target":
            {
                "name": "Access Control Assistance Operators"
            },
            "changes":
            {
                "name": "Access Control Assistance Operators"
            }
        },
        "related":
        {
            "user":
            [
                "WIN-IV0BOSRBARR$",
                "Access Control Assistance Operators",
                "Access Control Assistance Operators"
            ]
        }
    },
    {
        "wazuh":
        {
            "queue": 102,
            "location": "[003] (vm-ubuntu22) any->EventChannel",
            "message": "<Event xmlns='http://schemas.microsoft.com/win/2004/08/events/event'><System><Provider Name='Microsoft-Windows-Security-Auditing' Guid='{54849625-5478-4994-A5BA-3E3B0328C30D}'/><EventID>4624</EventID><Version>0</Version><Level>0</Level><Task>12544</Task><Opcode>0</Opcode><Keywords>0x8020000000000000</Keywords><TimeCreated SystemTime='2023-07-18T16:48:00.187000000Z'/><EventRecordID>6861</EventRecordID><Correlation/><Execution ProcessID='488' ThreadID='2064'/><Channel>Security</Channel><Computer>vm-win7</Computer><Security/></System><EventData><Data Name='SubjectUserSid'>S-1-5-18</Data><Data Name='SubjectUserName'>VM-WIN7$</Data><Data Name='SubjectDomainName'>WORKGROUP</Data><Data Name='SubjectLogonId'>0x3e7</Data><Data Name='TargetUserSid'>S-1-5-18</Data><Data Name='TargetUserName'>SYSTEM</Data><Data Name='TargetDomainName'>NT AUTHORITY</Data><Data Name='TargetLogonId'>0x3e7</Data><Data Name='LogonType'>5</Data><Data Name='LogonProcessName'>Advapi  </Data><Data Name='AuthenticationPackageName'>Negotiate</Data><Data Name='WorkstationName'></Data><Data Name='LogonGuid'>{00000000-0000-0000-0000-000000000000}</Data><Data Name='TransmittedServices'>-</Data><Data Name='LmPackageName'>-</Data><Data Name='KeyLength'>0</Data><Data Name='ProcessId'>0x1d8</Data><Data Name='ProcessName'>C:\\Windows\\System32\\services.exe</Data><Data Name='IpAddress'>-</Data><Data Name='IpPort'>-</Data></EventData></Event>",
            "origin": "EventChannel",
            "registered_ip": "any",
            "decoders":
            [
                "core-wazuh-message",
                "core-windows",
                "integrations",
                "windows-event-decoder",
                "windows-security"
            ],
            "source": "logcollector"
        },
        "agent":
        {
            "id": "003",
            "name": "vm-ubuntu22",
            "type": "wazuh"
        },
        "event":
        {
            "original": "<Event xmlns='http://schemas.microsoft.com/win/2004/08/events/event'><System><Provider Name='Microsoft-Windows-Security-Auditing' Guid='{54849625-5478-4994-A5BA-3E3B0328C30D}'/><EventID>4624</EventID><Version>0</Version><Level>0</Level><Task>12544</Task><Opcode>0</Opcode><Keywords>0x8020000000000000</Keywords><TimeCreated SystemTime='2023-07-18T16:48:00.187000000Z'/><EventRecordID>6861</EventRecordID><Correlation/><Execution ProcessID='488' ThreadID='2064'/><Channel>Security</Channel><Computer>vm-win7</Computer><Security/></System><EventData><Data Name='SubjectUserSid'>S-1-5-18</Data><Data Name='SubjectUserName'>VM-WIN7$</Data><Data Name='SubjectDomainName'>WORKGROUP</Data><Data Name='SubjectLogonId'>0x3e7</Data><Data Name='TargetUserSid'>S-1-5-18</Data><Data Name='TargetUserName'>SYSTEM</Data><Data Name='TargetDomainName'>NT AUTHORITY</Data><Data Name='TargetLogonId'>0x3e7</Data><Data Name='LogonType'>5</Data><Data Name='LogonProcessName'>Advapi  </Data><Data Name='AuthenticationPackageName'>Negotiate</Data><Data Name='WorkstationName'></Data><Data Name='LogonGuid'>{00000000-0000-0000-0000-000000000000}</Data><Data Name='TransmittedServices'>-</Data><Data Name='LmPackageName'>-</Data><Data Name='KeyLength'>0</Data><Data Name='ProcessId'>0x1d8</Data><Data Name='ProcessName'>C:\\Windows\\System32\\services.exe</Data><Data Name='IpAddress'>-</Data><Data Name='IpPort'>-</Data></EventData></Event>",
            "module": "windows",
            "dataset": "security",
            "start": "2023-07-18T16:48:00.187000000Z",
            "code": "4624",
            "id": "4624",
            "kind": "event",
            "provider": "Microsoft-Windows-Security-Auditing",
            "category":
            [
                "authentication"
            ],
            "type":
            [
                "start"
            ],
            "action": "logged-in"
        },
        "host":
        {
            "id": "003",
            "name": "vm-win7"
        },
        "log":
        {
            "level": "Audit"
        },
        "~winlog":
        {
            "logon":
            {
                "id": "0x3e7"
            },
            "LogonType": "Service"
        },
        "user":
        {
            "id": "S-1-5-18",
            "target":
            {
                "id": "S-1-5-18",
                "name": "SYSTEM",
                "domain": "NT AUTHORITY"
            },
            "name": "SYSTEM",
            "domain": "NT AUTHORITY"
        },
        "related":
        {
            "user":
            [
                "SYSTEM"
            ]
        },
        "process":
        {
            "pid": 472,
            "executable": "C:\\Windows\\System32\\services.exe",
            "name": "services.exe"
        }
    },
    {
        "wazuh":
        {
            "queue": 102,
            "location": "[003] (vm-ubuntu22) any->EventChannel",
            "message": "<Event xmlns='http://schemas.microsoft.com/win/2004/08/events/event'><System><Provider Name='Microsoft-Windows-Security-Auditing' Guid='{54849625-5478-4994-A5BA-3E3B0328C30D}'/><EventID>4648</EventID><Version>0</Version><Level>0</Level><Task>12544</Task><Opcode>0</Opcode><Keywords>0x8020000000000000</Keywords><TimeCreated SystemTime='2015-04-15T19:00:44.092189800Z'/><EventRecordID>12040</EventRecordID><Correlation/><Execution ProcessID='472' ThreadID='492'/><Channel>Security</Channel><Computer>WIN-IV0BOSRBARR</Computer><Security/></System><EventData><Data Name='SubjectUserSid'>S-1-5-18</Data><Data Name='SubjectUserName'>WIN-IV0BOSRBARR$</Data><Data Name='SubjectDomainName'>WORKGROUP</Data><Data Name='SubjectLogonId'>0x3e7</Data><Data Name='LogonGuid'>{00000000-0000-0000-0000-000000000000}</Data><Data Name='TargetUserName'>DWM-1</Data><Data Name='TargetDomainName'>Window Manager</Data><Data Name='TargetLogonGuid'>{00000000-0000-0000-0000-000000000000}</Data><Data Name='TargetServerName'>localhost</Data><Data Name='TargetInfo'>localhost</Data><Data Name='ProcessId'>0x194</Data><Data Name='ProcessName'>C:\\Windows\\System32\\winlogon.exe</Data><Data Name='IpAddress'>-</Data><Data Name='IpPort'>-</Data></EventData></Event>",
            "origin": "EventChannel",
            "registered_ip": "any",
            "decoders":
            [
                "core-wazuh-message",
                "core-windows",
                "integrations",
                "windows-event-decoder",
                "windows-security"
            ],
            "source": "logcollector"
        },
        "agent":
        {
            "id": "003",
            "name": "vm-ubuntu22",
            "type": "wazuh"
        },
        "event":
        {
            "original": "<Event xmlns='http://schemas.microsoft.com/win/2004/08/events/event'><System><Provider Name='Microsoft-Windows-Security-Auditing' Guid='{54849625-5478-4994-A5BA-3E3B0328C30D}'/><EventID>4648</EventID><Version>0</Version><Level>0</Level><Task>12544</Task><Opcode>0</Opcode><Keywords>0x8020000000000000</Keywords><TimeCreated SystemTime='2015-04-15T19:00:44.092189800Z'/><EventRecordID>12040</EventRecordID><Correlation/><Execution ProcessID='472' ThreadID='492'/><Channel>Security</Channel><Computer>WIN-IV0BOSRBARR</Computer><Security/></System><EventData><Data Name='SubjectUserSid'>S-1-5-18</Data><Data Name='SubjectUserName'>WIN-IV0BOSRBARR$</Data><Data Name='SubjectDomainName'>WORKGROUP</Data><Data Name='SubjectLogonId'>0x3e7</Data><Data Name='LogonGuid'>{00000000-0000-0000-0000-000000000000}</Data><Data Name='TargetUserName'>DWM-1</Data><Data Name='TargetDomainName'>Window Manager</Data><Data Name='TargetLogonGuid'>{00000000-0000-0000-0000-000000000000}</Data><Data Name='TargetServerName'>localhost</Data><Data Name='TargetInfo'>localhost</Data><Data Name='ProcessId'>0x194</Data><Data Name='ProcessName'>C:\\Windows\\System32\\winlogon.exe</Data><Data Name='IpAddress'>-</Data><Data Name='IpPort'>-</Data></EventData></Event>",
            "module": "windows",
            "dataset": "security",
            "start": "2015-04-15T19:00:44.092189800Z",
            "code": "4648",
            "id": "4648",
            "kind": "event",
            "provider": "Microsoft-Windows-Security-Auditing",
            "category":
            [
                "authentication"
            ],
            "type":
            [
                "start"
            ],
            "action": "logged-in-explicit"
        },
        "host":
        {
            "id": "003",
            "name": "WIN-IV0BOSRBARR"
        },
        "log":
        {
            "level": "Audit"
        },
        "~winlog":
        {
            "logon":
            {
                "id": "0x3e7"
            }
        },
        "user":
        {
            "name": "WIN-IV0BOSRBARR$",
            "target":
            {
                "name": "DWM-1",
                "domain": "Window Manager"
            },
            "domain": "WORKGROUP",
            "id": "S-1-5-18",
            "effective":
            {
                "name": "DWM-1",
                "domain": "Window Manager"
            }
        },
        "related":
        {
            "user":
            [
                "DWM-1",
                "WIN-IV0BOSRBARR$"
            ]
        },
        "process":
        {
            "pid": 404,
            "executable": "C:\\Windows\\System32\\winlogon.exe",
            "name": "winlogon.exe"
        }
    },
    {
        "wazuh":
        {
            "queue": 102,
            "location": "[003] (vm-ubuntu22) any->EventChannel",
            "message": "<Event xmlns='http://schemas.microsoft.com/win/2004/08/events/event'><System><Provider Name='Microsoft-Windows-Security-Auditing' Guid='{54849625-5478-4994-A5BA-3E3B0328C30D}'/><EventID>4728</EventID><Version>0</Version><Level>0</Level><Task>13826</Task><Opcode>0</Opcode><Keywords>0x8020000000000000</Keywords><TimeCreated SystemTime='2023-07-18T18:40:12.321573200Z'/><EventRecordID>13977</EventRecordID><Correlation/><Execution ProcessID='476' ThreadID='2472'/><Channel>Security</Channel><Computer>WIN-IV0BOSRBARR</Computer><Security/></System><EventData><Data Name='MemberName'>-</Data><Data Name='MemberSid'>S-1-5-21-3687077623-3779298101-2624825782-1001</Data><Data Name='TargetUserName'>None</Data><Data Name='TargetDomainName'>WIN-IV0BOSRBARR</Data><Data Name='TargetSid'>S-1-5-21-3687077623-3779298101-2624825782-513</Data><Data Name='SubjectUserSid'>S-1-5-21-3687077623-3779298101-2624825782-500</Data><Data Name='SubjectUserName'>vagrant</Data><Data Name='SubjectDomainName'>WIN-IV0BOSRBARR</Data><Data Name='SubjectLogonId'>0x90623</Data><Data Name='PrivilegeList'>-</Data></EventData></Event>",
            "origin": "EventChannel",
            "registered_ip": "any",
            "decoders":
            [
                "core-wazuh-message",
                "core-windows",
                "integrations",
                "windows-event-decoder",
                "windows-security"
            ],
            "source": "logcollector"
        },
        "agent":
        {
            "id": "003",
            "name": "vm-ubuntu22",
            "type": "wazuh"
        },
        "event":
        {
            "original": "<Event xmlns='http://schemas.microsoft.com/win/2004/08/events/event'><System><Provider Name='Microsoft-Windows-Security-Auditing' Guid='{54849625-5478-4994-A5BA-3E3B0328C30D}'/><EventID>4728</EventID><Version>0</Version><Level>0</Level><Task>13826</Task><Opcode>0</Opcode><Keywords>0x8020000000000000</Keywords><TimeCreated SystemTime='2023-07-18T18:40:12.321573200Z'/><EventRecordID>13977</EventRecordID><Correlation/><Execution ProcessID='476' ThreadID='2472'/><Channel>Security</Channel><Computer>WIN-IV0BOSRBARR</Computer><Security/></System><EventData><Data Name='MemberName'>-</Data><Data Name='MemberSid'>S-1-5-21-3687077623-3779298101-2624825782-1001</Data><Data Name='TargetUserName'>None</Data><Data Name='TargetDomainName'>WIN-IV0BOSRBARR</Data><Data Name='TargetSid'>S-1-5-21-3687077623-3779298101-2624825782-513</Data><Data Name='SubjectUserSid'>S-1-5-21-3687077623-3779298101-2624825782-500</Data><Data Name='SubjectUserName'>vagrant</Data><Data Name='SubjectDomainName'>WIN-IV0BOSRBARR</Data><Data Name='SubjectLogonId'>0x90623</Data><Data Name='PrivilegeList'>-</Data></EventData></Event>",
            "module": "windows",
            "dataset": "security",
            "start": "2023-07-18T18:40:12.321573200Z",
            "code": "4728",
            "id": "4728",
            "kind": "event",
            "provider": "Microsoft-Windows-Security-Auditing",
            "category":
            [
                "iam"
            ],
            "type":
            [
                "group",
                "change"
            ],
            "action": "added-member-to-group"
        },
        "host":
        {
            "id": "003",
            "name": "WIN-IV0BOSRBARR"
        },
        "log":
        {
            "level": "Audit"
        },
        "~winlog":
        {
            "logon":
            {
                "id": "0x90623"
            }
        },
        "user":
        {
            "target":
            {
                "id": "S-1-5-21-3687077623-3779298101-2624825782-513",
                "group":
                {
                    "name": "None",
                    "domain": "WIN-IV0BOSRBARR"
                }
            },
            "id": "S-1-5-21-3687077623-3779298101-2624825782-500",
            "name": "vagrant",
            "domain": "WIN-IV0BOSRBARR"
        },
        "group":
        {
            "name": "None",
            "domain": "WIN-IV0BOSRBARR"
        },
        "related":
        {
            "user":
            [
                "vagrant"
            ]
        }
    },
    {
        "wazuh":
        {
            "queue": 102,
            "location": "[003] (vm-ubuntu22) any->EventChannel",
            "message": "<Event xmlns='http://schemas.microsoft.com/win/2004/08/events/event'><System><Provider Name='Microsoft-Windows-Security-Auditing' Guid='{54849625-5478-4994-A5BA-3E3B0328C30D}'/><EventID>4672</EventID><Version>0</Version><Level>0</Level><Task>12548</Task><Opcode>0</Opcode><Keywords>0x8020000000000000</Keywords><TimeCreated SystemTime='2023-07-18T16:46:44.468250000Z'/><EventRecordID>6851</EventRecordID><Correlation/><Execution ProcessID='488' ThreadID='568'/><Channel>Security</Channel><Computer>vm-win7</Computer><Security/></System><EventData><Data Name='SubjectUserSid'>S-1-5-18</Data><Data Name='SubjectUserName'>SYSTEM</Data><Data Name='SubjectDomainName'>NT AUTHORITY</Data><Data Name='SubjectLogonId'>0x3e7</Data><Data Name='PrivilegeList'>SeAssignPrimaryTokenPrivilege SeTcbPrivilege SeSecurityPrivilege SeTakeOwnershipPrivilege SeLoadDriverPrivilege SeBackupPrivilege SeRestorePrivilege SeDebugPrivilege SeAuditPrivilege SeSystemEnvironmentPrivilege SeImpersonatePrivilege</Data></EventData></Event>",
            "origin": "EventChannel",
            "registered_ip": "any",
            "decoders":
            [
                "core-wazuh-message",
                "core-windows",
                "integrations",
                "windows-event-decoder",
                "windows-security"
            ],
            "source": "logcollector"
        },
        "agent":
        {
            "id": "003",
            "name": "vm-ubuntu22",
            "type": "wazuh"
        },
        "event":
        {
            "original": "<Event xmlns='http://schemas.microsoft.com/win/2004/08/events/event'><System><Provider Name='Microsoft-Windows-Security-Auditing' Guid='{54849625-5478-4994-A5BA-3E3B0328C30D}'/><EventID>4672</EventID><Version>0</Version><Level>0</Level><Task>12548</Task><Opcode>0</Opcode><Keywords>0x8020000000000000</Keywords><TimeCreated SystemTime='2023-07-18T16:46:44.468250000Z'/><EventRecordID>6851</EventRecordID><Correlation/><Execution ProcessID='488' ThreadID='568'/><Channel>Security</Channel><Computer>vm-win7</Computer><Security/></System><EventData><Data Name='SubjectUserSid'>S-1-5-18</Data><Data Name='SubjectUserName'>SYSTEM</Data><Data Name='SubjectDomainName'>NT AUTHORITY</Data><Data Name='SubjectLogonId'>0x3e7</Data><Data Name='PrivilegeList'>SeAssignPrimaryTokenPrivilege SeTcbPrivilege SeSecurityPrivilege SeTakeOwnershipPrivilege SeLoadDriverPrivilege SeBackupPrivilege SeRestorePrivilege SeDebugPrivilege SeAuditPrivilege SeSystemEnvironmentPrivilege SeImpersonatePrivilege</Data></EventData></Event>",
            "module": "windows",
            "dataset": "security",
            "start": "2023-07-18T16:46:44.468250000Z",
            "code": "4672",
            "id": "4672",
            "kind": "event",
            "provider": "Microsoft-Windows-Security-Auditing",
            "category":
            [
                "iam"
            ],
            "type":
            [
                "admin"
            ],
            "action": "logged-in-special"
        },
        "host":
        {
            "id": "003",
            "name": "vm-win7"
        },
        "log":
        {
            "level": "Audit"
        },
        "~winlog":
        {
            "logon":
            {
                "id": "0x3e7"
            },
            "User_PrivilegeList":
            [
                "SeAssignPrimaryTokenPrivilege",
                "SeTcbPrivilege",
                "SeSecurityPrivilege",
                "SeTakeOwnershipPrivilege",
                "SeLoadDriverPrivilege",
                "SeBackupPrivilege",
                "SeRestorePrivilege",
                "SeDebugPrivilege",
                "SeAuditPrivilege",
                "SeSystemEnvironmentPrivilege",
                "SeImpersonatePrivilege"
            ]
        },
        "user":
        {
            "id": "S-1-5-18",
            "name": "SYSTEM",
            "domain": "NT AUTHORITY"
        },
        "related":
        {
            "user":
            [
                "SYSTEM"
            ]
        }
    },
    {
        "wazuh":
        {
            "queue": 102,
            "location": "[003] (vm-ubuntu22) any->EventChannel",
            "message": "<Event xmlns='http://schemas.microsoft.com/win/2004/08/events/event'><System><Provider Name='Microsoft-Windows-Security-Auditing' Guid='{54849625-5478-4994-A5BA-3E3B0328C30D}'/><EventID>4625</EventID><Version>0</Version><Level>0</Level><Task>12544</Task><Opcode>0</Opcode><Keywords>0x8010000000000000</Keywords><TimeCreated SystemTime='2023-07-18T18:58:07.973200400Z'/><EventRecordID>13993</EventRecordID><Correlation/><Execution ProcessID='476' ThreadID='548'/><Channel>Security</Channel><Computer>WIN-IV0BOSRBARR</Computer><Security/></System><EventData><Data Name='SubjectUserSid'>S-1-5-18</Data><Data Name='SubjectUserName'>WIN-IV0BOSRBARR$</Data><Data Name='SubjectDomainName'>WORKGROUP</Data><Data Name='SubjectLogonId'>0x3e7</Data><Data Name='TargetUserSid'>S-1-0-0</Data><Data Name='TargetUserName'>qwerty</Data><Data Name='TargetDomainName'>WIN-IV0BOSRBARR</Data><Data Name='Status'>0xc000006d</Data><Data Name='FailureReason'>%%2313</Data><Data Name='SubStatus'>0xc000006a</Data><Data Name='LogonType'>2</Data><Data Name='LogonProcessName'>User32 </Data><Data Name='AuthenticationPackageName'>Negotiate</Data><Data Name='WorkstationName'>WIN-IV0BOSRBARR</Data><Data Name='TransmittedServices'>-</Data><Data Name='LmPackageName'>-</Data><Data Name='KeyLength'>0</Data><Data Name='ProcessId'>0x4c0</Data><Data Name='ProcessName'>C:\\Windows\\System32\\winlogon.exe</Data><Data Name='IpAddress'>127.0.0.1</Data><Data Name='IpPort'>0</Data></EventData></Event>",
            "origin": "EventChannel",
            "registered_ip": "any",
            "decoders":
            [
                "core-wazuh-message",
                "core-windows",
                "integrations",
                "windows-event-decoder",
                "windows-security"
            ],
            "source": "logcollector"
        },
        "agent":
        {
            "id": "003",
            "name": "vm-ubuntu22",
            "type": "wazuh"
        },
        "event":
        {
            "original": "<Event xmlns='http://schemas.microsoft.com/win/2004/08/events/event'><System><Provider Name='Microsoft-Windows-Security-Auditing' Guid='{54849625-5478-4994-A5BA-3E3B0328C30D}'/><EventID>4625</EventID><Version>0</Version><Level>0</Level><Task>12544</Task><Opcode>0</Opcode><Keywords>0x8010000000000000</Keywords><TimeCreated SystemTime='2023-07-18T18:58:07.973200400Z'/><EventRecordID>13993</EventRecordID><Correlation/><Execution ProcessID='476' ThreadID='548'/><Channel>Security</Channel><Computer>WIN-IV0BOSRBARR</Computer><Security/></System><EventData><Data Name='SubjectUserSid'>S-1-5-18</Data><Data Name='SubjectUserName'>WIN-IV0BOSRBARR$</Data><Data Name='SubjectDomainName'>WORKGROUP</Data><Data Name='SubjectLogonId'>0x3e7</Data><Data Name='TargetUserSid'>S-1-0-0</Data><Data Name='TargetUserName'>qwerty</Data><Data Name='TargetDomainName'>WIN-IV0BOSRBARR</Data><Data Name='Status'>0xc000006d</Data><Data Name='FailureReason'>%%2313</Data><Data Name='SubStatus'>0xc000006a</Data><Data Name='LogonType'>2</Data><Data Name='LogonProcessName'>User32 </Data><Data Name='AuthenticationPackageName'>Negotiate</Data><Data Name='WorkstationName'>WIN-IV0BOSRBARR</Data><Data Name='TransmittedServices'>-</Data><Data Name='LmPackageName'>-</Data><Data Name='KeyLength'>0</Data><Data Name='ProcessId'>0x4c0</Data><Data Name='ProcessName'>C:\\Windows\\System32\\winlogon.exe</Data><Data Name='IpAddress'>127.0.0.1</Data><Data Name='IpPort'>0</Data></EventData></Event>",
            "module": "windows",
            "dataset": "security",
            "start": "2023-07-18T18:58:07.973200400Z",
            "code": "4625",
            "id": "4625",
            "kind": "event",
            "provider": "Microsoft-Windows-Security-Auditing",
            "category":
            [
                "authentication"
            ],
            "type":
            [
                "start"
            ],
            "action": "logon failed",
            "reason": "This is either due to a bad username or authentication information"
        },
        "host":
        {
            "id": "003",
            "name": "WIN-IV0BOSRBARR"
        },
        "log":
        {
            "level": "Audit"
        },
        "~winlog":
        {
            "logon":
            {
                "id": "0x3e7"
            },
            "LogonType": "Interactive"
        },
        "user":
        {
            "id": "S-1-0-0",
            "target":
            {
                "id": "S-1-0-0",
                "name": "qwerty",
                "domain": "WIN-IV0BOSRBARR"
            },
            "name": "qwerty",
            "domain": "WIN-IV0BOSRBARR"
        },
        "related":
        {
            "user":
            [
                "qwerty"
            ]
        },
        "process":
        {
            "pid": 1216,
            "executable": "C:\\Windows\\System32\\winlogon.exe",
            "name": "winlogon.exe"
        },
        "source":
        {
            "ip": "127.0.0.1",
            "port": "0",
            "domain": "WIN-IV0BOSRBARR"
        }
    }
]