[
    {
        "wazuh": {
            "queue": 102,
            "location": "[001] (hrmanager) any->EventChannel",
            "message": "{\"Message\":\"An account was successfully logged on.\\r\\n\\r\\nSubject:\\r\\n\\tSecurity ID:\\t\\tS-1-5-18\\r\\n\\tAccount Name:\\t\\tHRMANAGER$\\r\\n\\tAccount Domain:\\t\\tEXCHANGETEST\\r\\n\\tLogon ID:\\t\\t0x3E7\\r\\n\\r\\nLogon Information:\\r\\n\\tLogon Type:\\t\\t5\\r\\n\\tRestricted Admin Mode:\\t-\\r\\n\\tVirtual Account:\\t\\tNo\\r\\n\\tElevated Token:\\t\\tYes\\r\\n\\r\\nImpersonation Level:\\t\\tImpersonation\\r\\n\\r\\nNew Logon:\\r\\n\\tSecurity ID:\\t\\tS-1-5-18\\r\\n\\tAccount Name:\\t\\tSYSTEM\\r\\n\\tAccount Domain:\\t\\tNT AUTHORITY\\r\\n\\tLogon ID:\\t\\t0x3E7\\r\\n\\tLinked Logon ID:\\t\\t0x0\\r\\n\\tNetwork Account Name:\\t-\\r\\n\\tNetwork Account Domain:\\t-\\r\\n\\tLogon GUID:\\t\\t{00000000-0000-0000-0000-000000000000}\\r\\n\\r\\nProcess Information:\\r\\n\\tProcess ID:\\t\\t0x294\\r\\n\\tProcess Name:\\t\\tC:\\\\Windows\\\\System32\\\\services.exe\\r\\n\\r\\nNetwork Information:\\r\\n\\tWorkstation Name:\\t-\\r\\n\\tSource Network Address:\\t-\\r\\n\\tSource Port:\\t\\t-\\r\\n\\r\\nDetailed Authentication Information:\\r\\n\\tLogon Process:\\t\\tAdvapi  \\r\\n\\tAuthentication Package:\\tNegotiate\\r\\n\\tTransited Services:\\t-\\r\\n\\tPackage Name (NTLM only):\\t-\\r\\n\\tKey Length:\\t\\t0\\r\\n\\r\\nThis event is generated when a logon session is created. It is generated on the computer that was accessed.\\r\\n\\r\\nThe subject fields indicate the account on the local system which requested the logon. This is most commonly a service such as the Server service, or a local process such as Winlogon.exe or Services.exe.\\r\\n\\r\\nThe logon type field indicates the kind of logon that occurred. The most common types are 2 (interactive) and 3 (network).\\r\\n\\r\\nThe New Logon fields indicate the account for whom the new logon was created, i.e. the account that was logged on.\\r\\n\\r\\nThe network fields indicate where a remote logon request originated. Workstation name is not always available and may be left blank in some cases.\\r\\n\\r\\nThe impersonation level field indicates the extent to which a process in the logon session can impersonate.\\r\\n\\r\\nThe authentication information fields provide detailed information about this specific logon request.\\r\\n\\t- Logon GUID is a unique identifier that can be used to correlate this event with a KDC event.\\r\\n\\t- Transited services indicate which intermediate services have participated in this logon request.\\r\\n\\t- Package name indicates which sub-protocol was used among the NTLM protocols.\\r\\n\\t- Key length indicates the length of the generated session key. This will be 0 if no session key was requested.\",\"Event\":\"<Event xmlns='http://schemas.microsoft.com/win/2004/08/events/event'><System><Provider Name='Microsoft-Windows-Security-Auditing' Guid='{54849625-5478-4994-a5ba-3e3b0328c30d}'/><EventID>4624</EventID><Version>2</Version><Level>0</Level><Task>12544</Task><Opcode>0</Opcode><Keywords>0x8020000000000000</Keywords><TimeCreated SystemTime='2023-05-23T14:04:21.0306394Z'/><EventRecordID>816535</EventRecordID><Correlation ActivityID='{8e31b2be-8d9f-0000-47b3-318e9f8dd901}'/><Execution ProcessID='696' ThreadID='736'/><Channel>Security</Channel><Computer>hrmanager.ExchangeTest.com</Computer><Security/></System><EventData><Data Name='SubjectUserSid'>S-1-5-18</Data><Data Name='SubjectUserName'>HRMANAGER$</Data><Data Name='SubjectDomainName'>EXCHANGETEST</Data><Data Name='SubjectLogonId'>0x3e7</Data><Data Name='TargetUserSid'>S-1-5-18</Data><Data Name='TargetUserName'>SYSTEM</Data><Data Name='TargetDomainName'>NT AUTHORITY</Data><Data Name='TargetLogonId'>0x3e7</Data><Data Name='LogonType'>5</Data><Data Name='LogonProcessName'>Advapi  </Data><Data Name='AuthenticationPackageName'>Negotiate</Data><Data Name='WorkstationName'>-</Data><Data Name='LogonGuid'>{00000000-0000-0000-0000-000000000000}</Data><Data Name='TransmittedServices'>-</Data><Data Name='LmPackageName'>-</Data><Data Name='KeyLength'>0</Data><Data Name='ProcessId'>0x294</Data><Data Name='ProcessName'>C:\\\\Windows\\\\System32\\\\services.exe</Data><Data Name='IpAddress'>-</Data><Data Name='IpPort'>-</Data><Data Name='ImpersonationLevel'>%%1833</Data><Data Name='RestrictedAdminMode'>-</Data><Data Name='TargetOutboundUserName'>-</Data><Data Name='TargetOutboundDomainName'>-</Data><Data Name='VirtualAccount'>%%1843</Data><Data Name='TargetLinkedLogonId'>0x0</Data><Data Name='ElevatedToken'>%%1842</Data></EventData></Event>\"}",
            "origin": "EventChannel",
            "registered_ip": "any",
            "decoders": [
                "core-wazuh-message",
                "core-windows",
                "integrations",
                "windows-json",
                "windows-event-decoder",
                "windows-security"
            ],
            "source": "logcollector"
        },
        "agent": {
            "id": "001",
            "name": "hrmanager",
            "type": "wazuh"
        },
        "event": {
            "original": "{\"Message\":\"An account was successfully logged on.\\r\\n\\r\\nSubject:\\r\\n\\tSecurity ID:\\t\\tS-1-5-18\\r\\n\\tAccount Name:\\t\\tHRMANAGER$\\r\\n\\tAccount Domain:\\t\\tEXCHANGETEST\\r\\n\\tLogon ID:\\t\\t0x3E7\\r\\n\\r\\nLogon Information:\\r\\n\\tLogon Type:\\t\\t5\\r\\n\\tRestricted Admin Mode:\\t-\\r\\n\\tVirtual Account:\\t\\tNo\\r\\n\\tElevated Token:\\t\\tYes\\r\\n\\r\\nImpersonation Level:\\t\\tImpersonation\\r\\n\\r\\nNew Logon:\\r\\n\\tSecurity ID:\\t\\tS-1-5-18\\r\\n\\tAccount Name:\\t\\tSYSTEM\\r\\n\\tAccount Domain:\\t\\tNT AUTHORITY\\r\\n\\tLogon ID:\\t\\t0x3E7\\r\\n\\tLinked Logon ID:\\t\\t0x0\\r\\n\\tNetwork Account Name:\\t-\\r\\n\\tNetwork Account Domain:\\t-\\r\\n\\tLogon GUID:\\t\\t{00000000-0000-0000-0000-000000000000}\\r\\n\\r\\nProcess Information:\\r\\n\\tProcess ID:\\t\\t0x294\\r\\n\\tProcess Name:\\t\\tC:\\\\Windows\\\\System32\\\\services.exe\\r\\n\\r\\nNetwork Information:\\r\\n\\tWorkstation Name:\\t-\\r\\n\\tSource Network Address:\\t-\\r\\n\\tSource Port:\\t\\t-\\r\\n\\r\\nDetailed Authentication Information:\\r\\n\\tLogon Process:\\t\\tAdvapi  \\r\\n\\tAuthentication Package:\\tNegotiate\\r\\n\\tTransited Services:\\t-\\r\\n\\tPackage Name (NTLM only):\\t-\\r\\n\\tKey Length:\\t\\t0\\r\\n\\r\\nThis event is generated when a logon session is created. It is generated on the computer that was accessed.\\r\\n\\r\\nThe subject fields indicate the account on the local system which requested the logon. This is most commonly a service such as the Server service, or a local process such as Winlogon.exe or Services.exe.\\r\\n\\r\\nThe logon type field indicates the kind of logon that occurred. The most common types are 2 (interactive) and 3 (network).\\r\\n\\r\\nThe New Logon fields indicate the account for whom the new logon was created, i.e. the account that was logged on.\\r\\n\\r\\nThe network fields indicate where a remote logon request originated. Workstation name is not always available and may be left blank in some cases.\\r\\n\\r\\nThe impersonation level field indicates the extent to which a process in the logon session can impersonate.\\r\\n\\r\\nThe authentication information fields provide detailed information about this specific logon request.\\r\\n\\t- Logon GUID is a unique identifier that can be used to correlate this event with a KDC event.\\r\\n\\t- Transited services indicate which intermediate services have participated in this logon request.\\r\\n\\t- Package name indicates which sub-protocol was used among the NTLM protocols.\\r\\n\\t- Key length indicates the length of the generated session key. This will be 0 if no session key was requested.\",\"Event\":\"<Event xmlns='http://schemas.microsoft.com/win/2004/08/events/event'><System><Provider Name='Microsoft-Windows-Security-Auditing' Guid='{54849625-5478-4994-a5ba-3e3b0328c30d}'/><EventID>4624</EventID><Version>2</Version><Level>0</Level><Task>12544</Task><Opcode>0</Opcode><Keywords>0x8020000000000000</Keywords><TimeCreated SystemTime='2023-05-23T14:04:21.0306394Z'/><EventRecordID>816535</EventRecordID><Correlation ActivityID='{8e31b2be-8d9f-0000-47b3-318e9f8dd901}'/><Execution ProcessID='696' ThreadID='736'/><Channel>Security</Channel><Computer>hrmanager.ExchangeTest.com</Computer><Security/></System><EventData><Data Name='SubjectUserSid'>S-1-5-18</Data><Data Name='SubjectUserName'>HRMANAGER$</Data><Data Name='SubjectDomainName'>EXCHANGETEST</Data><Data Name='SubjectLogonId'>0x3e7</Data><Data Name='TargetUserSid'>S-1-5-18</Data><Data Name='TargetUserName'>SYSTEM</Data><Data Name='TargetDomainName'>NT AUTHORITY</Data><Data Name='TargetLogonId'>0x3e7</Data><Data Name='LogonType'>5</Data><Data Name='LogonProcessName'>Advapi  </Data><Data Name='AuthenticationPackageName'>Negotiate</Data><Data Name='WorkstationName'>-</Data><Data Name='LogonGuid'>{00000000-0000-0000-0000-000000000000}</Data><Data Name='TransmittedServices'>-</Data><Data Name='LmPackageName'>-</Data><Data Name='KeyLength'>0</Data><Data Name='ProcessId'>0x294</Data><Data Name='ProcessName'>C:\\\\Windows\\\\System32\\\\services.exe</Data><Data Name='IpAddress'>-</Data><Data Name='IpPort'>-</Data><Data Name='ImpersonationLevel'>%%1833</Data><Data Name='RestrictedAdminMode'>-</Data><Data Name='TargetOutboundUserName'>-</Data><Data Name='TargetOutboundDomainName'>-</Data><Data Name='VirtualAccount'>%%1843</Data><Data Name='TargetLinkedLogonId'>0x0</Data><Data Name='ElevatedToken'>%%1842</Data></EventData></Event>\"}",
            "module": "windows",
            "dataset": "security",
            "start": "2023-05-23T14:04:21.0306394Z",
            "code": "4624",
            "id": "4624",
            "kind": "event",
            "provider": "Microsoft-Windows-Security-Auditing",
            "category": [
                "authentication"
            ],
            "type": [
                "start"
            ],
            "action": "logged-in"
        },
        "host": {
            "id": "001",
            "name": "hrmanager.ExchangeTest.com"
        },
        "log": {
            "level": "Audit"
        },
        "user": {
            "id": "S-1-5-18",
            "target": {
                "id": "S-1-5-18",
                "name": "SYSTEM",
                "domain": "NT AUTHORITY"
            },
            "name": "SYSTEM",
            "domain": "NT AUTHORITY"
        },
        "related": {
            "user": "HRMANAGER$"
        },
        "process": {
            "pid": 660,
            "executable": "C:\\Windows\\System32\\services.exe",
            "name": "services.exe"
        }
    },
    {
        "wazuh": {
            "queue": 102,
            "location": "[001] (hrmanager) any->EventChannel",
            "message": "{\"Message\":\"File created:\\r\\nRuleName: technique_id=T1047,technique_name=File System Permissions Weakness\\r\\nUtcTime: 2023-05-23 14:04:31.211\\r\\nProcessGuid: {4dc16835-fdbf-646c-1800-000000008000}\\r\\nProcessId: 1100\\r\\nImage: C:\\\\Windows\\\\System32\\\\svchost.exe\\r\\nTargetFilename: C:\\\\Windows\\\\Prefetch\\\\TIWORKER.EXE-FBC5D024.pf\\r\\nCreationUtcTime: 2022-06-02 16:51:00.931\",\"Event\":\"<Event xmlns='http://schemas.microsoft.com/win/2004/08/events/event'><System><Provider Name='Microsoft-Windows-Sysmon' Guid='{5770385f-c22a-43e0-bf4c-06f5698ffbd9}'/><EventID>11</EventID><Version>2</Version><Level>4</Level><Task>11</Task><Opcode>0</Opcode><Keywords>0x8000000000000000</Keywords><TimeCreated SystemTime='2023-05-23T14:04:31.2124692Z'/><EventRecordID>584909</EventRecordID><Correlation/><Execution ProcessID='2484' ThreadID='3364'/><Channel>Microsoft-Windows-Sysmon/Operational</Channel><Computer>hrmanager.ExchangeTest.com</Computer><Security UserID='S-1-5-18'/></System><EventData><Data Name='RuleName'>technique_id=T1047,technique_name=File System Permissions Weakness</Data><Data Name='UtcTime'>2023-05-23 14:04:31.211</Data><Data Name='ProcessGuid'>{4dc16835-fdbf-646c-1800-000000008000}</Data><Data Name='ProcessId'>1100</Data><Data Name='Image'>C:\\\\Windows\\\\System32\\\\svchost.exe</Data><Data Name='TargetFilename'>C:\\\\Windows\\\\Prefetch\\\\TIWORKER.EXE-FBC5D024.pf</Data><Data Name='CreationUtcTime'>2022-06-02 16:51:00.931</Data></EventData></Event>\"}",
            "origin": "EventChannel",
            "registered_ip": "any",
            "decoders": [
                "core-wazuh-message",
                "core-windows",
                "integrations",
                "windows-json",
                "windows-event-decoder",
                "windows-sysmon"
            ],
            "source": "logcollector"
        },
        "agent": {
            "id": "001",
            "name": "hrmanager",
            "type": "wazuh"
        },
        "event": {
            "original": "{\"Message\":\"File created:\\r\\nRuleName: technique_id=T1047,technique_name=File System Permissions Weakness\\r\\nUtcTime: 2023-05-23 14:04:31.211\\r\\nProcessGuid: {4dc16835-fdbf-646c-1800-000000008000}\\r\\nProcessId: 1100\\r\\nImage: C:\\\\Windows\\\\System32\\\\svchost.exe\\r\\nTargetFilename: C:\\\\Windows\\\\Prefetch\\\\TIWORKER.EXE-FBC5D024.pf\\r\\nCreationUtcTime: 2022-06-02 16:51:00.931\",\"Event\":\"<Event xmlns='http://schemas.microsoft.com/win/2004/08/events/event'><System><Provider Name='Microsoft-Windows-Sysmon' Guid='{5770385f-c22a-43e0-bf4c-06f5698ffbd9}'/><EventID>11</EventID><Version>2</Version><Level>4</Level><Task>11</Task><Opcode>0</Opcode><Keywords>0x8000000000000000</Keywords><TimeCreated SystemTime='2023-05-23T14:04:31.2124692Z'/><EventRecordID>584909</EventRecordID><Correlation/><Execution ProcessID='2484' ThreadID='3364'/><Channel>Microsoft-Windows-Sysmon/Operational</Channel><Computer>hrmanager.ExchangeTest.com</Computer><Security UserID='S-1-5-18'/></System><EventData><Data Name='RuleName'>technique_id=T1047,technique_name=File System Permissions Weakness</Data><Data Name='UtcTime'>2023-05-23 14:04:31.211</Data><Data Name='ProcessGuid'>{4dc16835-fdbf-646c-1800-000000008000}</Data><Data Name='ProcessId'>1100</Data><Data Name='Image'>C:\\\\Windows\\\\System32\\\\svchost.exe</Data><Data Name='TargetFilename'>C:\\\\Windows\\\\Prefetch\\\\TIWORKER.EXE-FBC5D024.pf</Data><Data Name='CreationUtcTime'>2022-06-02 16:51:00.931</Data></EventData></Event>\"}",
            "module": "windows",
            "dataset": "sysmon",
            "start": "2023-05-23T14:04:31.2124692Z",
            "code": "11",
            "id": "11",
            "kind": "event",
            "provider": "Microsoft-Windows-Sysmon"
        },
        "host": {
            "id": "001",
            "name": "hrmanager.ExchangeTest.com"
        },
        "log": {
            "level": "Information"
        },
        "rule": {
            "name": "technique_id=T1047,technique_name=File System Permissions Weakness"
        },
        "process": {
            "entity_id": "{4dc16835-fdbf-646c-1800-000000008000}",
            "pid": "1100",
            "executable": "C:\\Windows\\System32\\svchost.exe",
            "name": "svchost.exe",
            "parent": {
                "name": "svchost.exe"
            }
        },
        "file": {
            "path": "C:\\Windows\\Prefetch\\TIWORKER.EXE-FBC5D024.pf",
            "directory": "C:\\Windows\\Prefetch",
            "extension": "pf",
            "name": "TIWORKER.EXE-FBC5D024.pf"
        },
        "user": {
            "id": "S-1-5-18"
        }
    },
    {
        "wazuh": {
            "queue": 102,
            "location": "[001] (hrmanager) any->EventChannel",
            "message": "{\"Message\":\"File created:\\r\\nRuleName: -\\r\\nUtcTime: 2023-05-23 14:04:21.411\\r\\nProcessGuid: {4dc16835-fdc0-646c-1c00-000000008000}\\r\\nProcessId: 1512\\r\\nImage: C:\\\\Windows\\\\system32\\\\svchost.exe\\r\\nTargetFilename: C:\\\\Windows\\\\SoftwareDistribution\\\\Download\\\\24e8a2276eae23c74ec6e3c4b93f9a94\\\\Metadata\\\\DesktopTargetServicedCompDB_Neutral.xml.cab\\r\\nCreationUtcTime: 2023-04-27 08:43:46.000\",\"Event\":\"<Event xmlns='http://schemas.microsoft.com/win/2004/08/events/event'><System><Provider Name='Microsoft-Windows-Sysmon' Guid='{5770385f-c22a-43e0-bf4c-06f5698ffbd9}'/><EventID>11</EventID><Version>2</Version><Level>4</Level><Task>11</Task><Opcode>0</Opcode><Keywords>0x8000000000000000</Keywords><TimeCreated SystemTime='2023-05-23T14:04:21.4129644Z'/><EventRecordID>584906</EventRecordID><Correlation/><Execution ProcessID='2484' ThreadID='3364'/><Channel>Microsoft-Windows-Sysmon/Operational</Channel><Computer>hrmanager.ExchangeTest.com</Computer><Security UserID='S-1-5-18'/></System><EventData><Data Name='RuleName'>-</Data><Data Name='UtcTime'>2023-05-23 14:04:21.411</Data><Data Name='ProcessGuid'>{4dc16835-fdc0-646c-1c00-000000008000}</Data><Data Name='ProcessId'>1512</Data><Data Name='Image'>C:\\\\Windows\\\\system32\\\\svchost.exe</Data><Data Name='TargetFilename'>C:\\\\Windows\\\\SoftwareDistribution\\\\Download\\\\24e8a2276eae23c74ec6e3c4b93f9a94\\\\Metadata\\\\DesktopTargetServicedCompDB_Neutral.xml.cab</Data><Data Name='CreationUtcTime'>2023-04-27 08:43:46.000</Data></EventData></Event>\"}",
            "origin": "EventChannel",
            "registered_ip": "any",
            "decoders": [
                "core-wazuh-message",
                "core-windows",
                "integrations",
                "windows-json",
                "windows-event-decoder",
                "windows-sysmon"
            ],
            "source": "logcollector"
        },
        "agent": {
            "id": "001",
            "name": "hrmanager",
            "type": "wazuh"
        },
        "event": {
            "original": "{\"Message\":\"File created:\\r\\nRuleName: -\\r\\nUtcTime: 2023-05-23 14:04:21.411\\r\\nProcessGuid: {4dc16835-fdc0-646c-1c00-000000008000}\\r\\nProcessId: 1512\\r\\nImage: C:\\\\Windows\\\\system32\\\\svchost.exe\\r\\nTargetFilename: C:\\\\Windows\\\\SoftwareDistribution\\\\Download\\\\24e8a2276eae23c74ec6e3c4b93f9a94\\\\Metadata\\\\DesktopTargetServicedCompDB_Neutral.xml.cab\\r\\nCreationUtcTime: 2023-04-27 08:43:46.000\",\"Event\":\"<Event xmlns='http://schemas.microsoft.com/win/2004/08/events/event'><System><Provider Name='Microsoft-Windows-Sysmon' Guid='{5770385f-c22a-43e0-bf4c-06f5698ffbd9}'/><EventID>11</EventID><Version>2</Version><Level>4</Level><Task>11</Task><Opcode>0</Opcode><Keywords>0x8000000000000000</Keywords><TimeCreated SystemTime='2023-05-23T14:04:21.4129644Z'/><EventRecordID>584906</EventRecordID><Correlation/><Execution ProcessID='2484' ThreadID='3364'/><Channel>Microsoft-Windows-Sysmon/Operational</Channel><Computer>hrmanager.ExchangeTest.com</Computer><Security UserID='S-1-5-18'/></System><EventData><Data Name='RuleName'>-</Data><Data Name='UtcTime'>2023-05-23 14:04:21.411</Data><Data Name='ProcessGuid'>{4dc16835-fdc0-646c-1c00-000000008000}</Data><Data Name='ProcessId'>1512</Data><Data Name='Image'>C:\\\\Windows\\\\system32\\\\svchost.exe</Data><Data Name='TargetFilename'>C:\\\\Windows\\\\SoftwareDistribution\\\\Download\\\\24e8a2276eae23c74ec6e3c4b93f9a94\\\\Metadata\\\\DesktopTargetServicedCompDB_Neutral.xml.cab</Data><Data Name='CreationUtcTime'>2023-04-27 08:43:46.000</Data></EventData></Event>\"}",
            "module": "windows",
            "dataset": "sysmon",
            "start": "2023-05-23T14:04:21.4129644Z",
            "code": "11",
            "id": "11",
            "kind": "event",
            "provider": "Microsoft-Windows-Sysmon"
        },
        "host": {
            "id": "001",
            "name": "hrmanager.ExchangeTest.com"
        },
        "log": {
            "level": "Information"
        },
        "rule": {
            "name": "-"
        },
        "process": {
            "entity_id": "{4dc16835-fdc0-646c-1c00-000000008000}",
            "pid": "1512",
            "executable": "C:\\Windows\\system32\\svchost.exe",
            "name": "svchost.exe",
            "parent": {
                "name": "svchost.exe"
            }
        },
        "file": {
            "path": "C:\\Windows\\SoftwareDistribution\\Download\\24e8a2276eae23c74ec6e3c4b93f9a94\\Metadata\\DesktopTargetServicedCompDB_Neutral.xml.cab",
            "directory": "C:\\Windows\\SoftwareDistribution\\Download\\24e8a2276eae23c74ec6e3c4b93f9a94\\Metadata",
            "extension": "cab",
            "name": "DesktopTargetServicedCompDB_Neutral.xml.cab"
        },
        "user": {
            "id": "S-1-5-18"
        }
    },
    {
        "wazuh": {
            "queue": 102,
            "location": "[001] (hrmanager) any->EventChannel",
            "message": "{\"Message\":\"Registry object added or deleted:\\r\\nRuleName: technique_id=T1543,technique_name=Service Creation\\r\\nEventType: CreateKey\\r\\nUtcTime: 2023-05-23 20:15:57.418\\r\\nProcessGuid: {4dc16835-c586-646c-6d92-030000000000}\\r\\nProcessId: 3372\\r\\nImage: C:\\\\Windows\\\\system32\\\\wbem\\\\wmiprvse.exe\\r\\nTargetObject: HKLM\\\\System\\\\CurrentControlSet\\\\Services\\\\MSDTC Bridge 3.0.0.0\\\\Linkage\",\"Event\":\"<Event xmlns='http://schemas.microsoft.com/win/2004/08/events/event'><System><Provider Name='Microsoft-Windows-Sysmon' Guid='{5770385f-c22a-43e0-bf4c-06f5698ffbd9}'/><EventID>12</EventID><Version>2</Version><Level>4</Level><Task>12</Task><Opcode>0</Opcode><Keywords>0x8000000000000000</Keywords><TimeCreated SystemTime='2023-05-23T20:15:57.4193210Z'/><EventRecordID>588699</EventRecordID><Correlation/><Execution ProcessID='2484' ThreadID='3364'/><Channel>Microsoft-Windows-Sysmon/Operational</Channel><Computer>hrmanager.ExchangeTest.com</Computer><Security UserID='S-1-5-18'/></System><EventData><Data Name='RuleName'>technique_id=T1543,technique_name=Service Creation</Data><Data Name='EventType'>CreateKey</Data><Data Name='UtcTime'>2023-05-23 20:15:57.418</Data><Data Name='ProcessGuid'>{4dc16835-c586-646c-6d92-030000000000}</Data><Data Name='ProcessId'>3372</Data><Data Name='Image'>C:\\\\Windows\\\\system32\\\\wbem\\\\wmiprvse.exe</Data><Data Name='TargetObject'>HKLM\\\\System\\\\CurrentControlSet\\\\Services\\\\MSDTC Bridge 3.0.0.0\\\\Linkage</Data></EventData></Event>\"}",
            "origin": "EventChannel",
            "registered_ip": "any",
            "decoders": [
                "core-wazuh-message",
                "core-windows",
                "integrations",
                "windows-json",
                "windows-event-decoder",
                "windows-sysmon"
            ],
            "source": "logcollector"
        },
        "agent": {
            "id": "001",
            "name": "hrmanager",
            "type": "wazuh"
        },
        "event": {
            "original": "{\"Message\":\"Registry object added or deleted:\\r\\nRuleName: technique_id=T1543,technique_name=Service Creation\\r\\nEventType: CreateKey\\r\\nUtcTime: 2023-05-23 20:15:57.418\\r\\nProcessGuid: {4dc16835-c586-646c-6d92-030000000000}\\r\\nProcessId: 3372\\r\\nImage: C:\\\\Windows\\\\system32\\\\wbem\\\\wmiprvse.exe\\r\\nTargetObject: HKLM\\\\System\\\\CurrentControlSet\\\\Services\\\\MSDTC Bridge 3.0.0.0\\\\Linkage\",\"Event\":\"<Event xmlns='http://schemas.microsoft.com/win/2004/08/events/event'><System><Provider Name='Microsoft-Windows-Sysmon' Guid='{5770385f-c22a-43e0-bf4c-06f5698ffbd9}'/><EventID>12</EventID><Version>2</Version><Level>4</Level><Task>12</Task><Opcode>0</Opcode><Keywords>0x8000000000000000</Keywords><TimeCreated SystemTime='2023-05-23T20:15:57.4193210Z'/><EventRecordID>588699</EventRecordID><Correlation/><Execution ProcessID='2484' ThreadID='3364'/><Channel>Microsoft-Windows-Sysmon/Operational</Channel><Computer>hrmanager.ExchangeTest.com</Computer><Security UserID='S-1-5-18'/></System><EventData><Data Name='RuleName'>technique_id=T1543,technique_name=Service Creation</Data><Data Name='EventType'>CreateKey</Data><Data Name='UtcTime'>2023-05-23 20:15:57.418</Data><Data Name='ProcessGuid'>{4dc16835-c586-646c-6d92-030000000000}</Data><Data Name='ProcessId'>3372</Data><Data Name='Image'>C:\\\\Windows\\\\system32\\\\wbem\\\\wmiprvse.exe</Data><Data Name='TargetObject'>HKLM\\\\System\\\\CurrentControlSet\\\\Services\\\\MSDTC Bridge 3.0.0.0\\\\Linkage</Data></EventData></Event>\"}",
            "module": "windows",
            "dataset": "sysmon",
            "start": "2023-05-23T20:15:57.4193210Z",
            "code": "12",
            "id": "12",
            "kind": "event",
            "provider": "Microsoft-Windows-Sysmon"
        },
        "host": {
            "id": "001",
            "name": "hrmanager.ExchangeTest.com"
        },
        "log": {
            "level": "Information"
        },
        "rule": {
            "name": "technique_id=T1543,technique_name=Service Creation"
        },
        "process": {
            "entity_id": "{4dc16835-c586-646c-6d92-030000000000}",
            "pid": "3372",
            "executable": "C:\\Windows\\system32\\wbem\\wmiprvse.exe",
            "name": "wmiprvse.exe",
            "parent": {
                "name": "wmiprvse.exe"
            }
        },
        "file": {
            "directory": "C:\\Windows\\system32\\wbem",
            "extension": "exe",
            "name": "wmiprvse.exe"
        },
        "user": {
            "id": "S-1-5-18"
        },
        "registry": {
            "path": "HKLM\\System\\CurrentControlSet\\Services\\MSDTC Bridge 3.0.0.0\\Linkage",
            "hive": "HKLM",
            "key": "System\\CurrentControlSet\\Services\\MSDTC Bridge 3.0.0.0\\Linkage",
            "value": "Linkage"
        }
    },
    {
        "wazuh": {
            "queue": 102,
            "location": "[001] (hrmanager) any->EventChannel",
            "message": "{\"Message\":\"Provider \\\"Function\\\" is Started. \\r\\n\\r\\nDetails: \\r\\n\\tProviderName=Function\\r\\n\\tNewProviderState=Started\\r\\n\\r\\n\\tSequenceNumber=9\\r\\n\\r\\n\\tHostName=ConsoleHost\\r\\n\\tHostVersion=5.1.19041.1645\\r\\n\\tHostId=9b855067-ec42-4acb-a34e-616853c24ecd\\r\\n\\tHostApplication=powershell Get-ADDefaultDomainPasswordPolicy -Current LoggedOnUser\\r\\n\\tEngineVersion=\\r\\n\\tRunspaceId=\\r\\n\\tPipelineId=\\r\\n\\tCommandName=\\r\\n\\tCommandType=\\r\\n\\tScriptName=\\r\\n\\tCommandPath=\\r\\n\\tCommandLine=\",\"Event\":\"<Event xmlns='http://schemas.microsoft.com/win/2004/08/events/event'><System><Provider Name='PowerShell'/><EventID Qualifiers='0'>600</EventID><Version>0</Version><Level>4</Level><Task>6</Task><Opcode>0</Opcode><Keywords>0x80000000000000</Keywords><TimeCreated SystemTime='2023-05-24T14:38:07.8889543Z'/><EventRecordID>97131</EventRecordID><Correlation/><Execution ProcessID='0' ThreadID='0'/><Channel>Windows PowerShell</Channel><Computer>hrmanager.ExchangeTest.com</Computer><Security/></System><EventData><Data>Function</Data><Data>Started</Data><Data>\\tProviderName=Function   NewProviderState=Started     SequenceNumber=9     HostName=ConsoleHost   HostVersion=5.1.19041.1645   HostId=9b855067-ec42-4acb-a34e-616853c24ecd   HostApplication=powershell Get-ADDefaultDomainPasswordPolicy -Current LoggedOnUser   EngineVersion=   RunspaceId=   PipelineId=   CommandName=   CommandType=   ScriptName=   CommandPath=   CommandLine=</Data></EventData></Event>\"}",
            "origin": "EventChannel",
            "registered_ip": "any",
            "decoders": [
                "core-wazuh-message",
                "core-windows",
                "integrations",
                "windows-json",
                "windows-event-decoder",
                "windows-powershell"
            ],
            "source": "logcollector"
        },
        "agent": {
            "id": "001",
            "name": "hrmanager",
            "type": "wazuh"
        },
        "event": {
            "original": "{\"Message\":\"Provider \\\"Function\\\" is Started. \\r\\n\\r\\nDetails: \\r\\n\\tProviderName=Function\\r\\n\\tNewProviderState=Started\\r\\n\\r\\n\\tSequenceNumber=9\\r\\n\\r\\n\\tHostName=ConsoleHost\\r\\n\\tHostVersion=5.1.19041.1645\\r\\n\\tHostId=9b855067-ec42-4acb-a34e-616853c24ecd\\r\\n\\tHostApplication=powershell Get-ADDefaultDomainPasswordPolicy -Current LoggedOnUser\\r\\n\\tEngineVersion=\\r\\n\\tRunspaceId=\\r\\n\\tPipelineId=\\r\\n\\tCommandName=\\r\\n\\tCommandType=\\r\\n\\tScriptName=\\r\\n\\tCommandPath=\\r\\n\\tCommandLine=\",\"Event\":\"<Event xmlns='http://schemas.microsoft.com/win/2004/08/events/event'><System><Provider Name='PowerShell'/><EventID Qualifiers='0'>600</EventID><Version>0</Version><Level>4</Level><Task>6</Task><Opcode>0</Opcode><Keywords>0x80000000000000</Keywords><TimeCreated SystemTime='2023-05-24T14:38:07.8889543Z'/><EventRecordID>97131</EventRecordID><Correlation/><Execution ProcessID='0' ThreadID='0'/><Channel>Windows PowerShell</Channel><Computer>hrmanager.ExchangeTest.com</Computer><Security/></System><EventData><Data>Function</Data><Data>Started</Data><Data>\\tProviderName=Function   NewProviderState=Started     SequenceNumber=9     HostName=ConsoleHost   HostVersion=5.1.19041.1645   HostId=9b855067-ec42-4acb-a34e-616853c24ecd   HostApplication=powershell Get-ADDefaultDomainPasswordPolicy -Current LoggedOnUser   EngineVersion=   RunspaceId=   PipelineId=   CommandName=   CommandType=   ScriptName=   CommandPath=   CommandLine=</Data></EventData></Event>\"}",
            "module": "windows",
            "dataset": "powershell",
            "start": "2023-05-24T14:38:07.8889543Z",
            "code": "600",
            "id": "600",
            "kind": "event",
            "provider": "PowerShell",
            "category": [
                "process"
            ],
            "type": [
                "info"
            ]
        },
        "host": {
            "id": "001",
            "name": "hrmanager.ExchangeTest.com"
        },
        "log": {
            "level": "Information"
        }
    }
]
