<Event xmlns='http://schemas.microsoft.com/win/2004/08/events/event'><System><Provider Name='PowerShell'/><EventID Qualifiers='0'>400</EventID><Level>4</Level><Task>4</Task><Keywords>0x80000000000000</Keywords><TimeCreated SystemTime='2023-07-19T14:59:19.000000000Z'/><EventRecordID>1389</EventRecordID><Channel>Windows PowerShell</Channel><Computer>vm-win7</Computer><Security/></System><EventData><Data>Available</Data><Data>None</Data><Data>	NewEngineState=Available	PreviousEngineState=None	SequenceNumber=9	HostName=ConsoleHost	HostVersion=2.0	HostId=c2645b23-d44c-49d2-82bc-dd9e79259dd5	EngineVersion=2.0	RunspaceId=b85f3bd3-d6e8-44d0-98e9-51c05a17b4b3	PipelineId=	CommandName=	CommandType=	ScriptName=	CommandPath=	CommandLine=</Data></EventData></Event>
<Event xmlns='http://schemas.microsoft.com/win/2004/08/events/event'><System><Provider Name='PowerShell'/><EventID Qualifiers='0'>600</EventID><Level>4</Level><Task>6</Task><Keywords>0x80000000000000</Keywords><TimeCreated SystemTime='2023-07-19T14:59:19.000000000Z'/><EventRecordID>1383</EventRecordID><Channel>Windows PowerShell</Channel><Computer>vm-win7</Computer><Security/></System><EventData><Data>Environment</Data><Data>Started</Data><Data>	ProviderName=Environment	NewProviderState=Started	SequenceNumber=3	HostName=ConsoleHost	HostVersion=2.0	HostId=c2645b23-d44c-49d2-82bc-dd9e79259dd5	EngineVersion=	RunspaceId=	PipelineId=	CommandName=	CommandType=	ScriptName=	CommandPath=	CommandLine=</Data></EventData></Event>
<Event xmlns='http://schemas.microsoft.com/win/2004/08/events/event'><System><Provider Name='PowerShell'/><EventID Qualifiers='0'>403</EventID><Level>4</Level><Task>4</Task><Keywords>0x80000000000000</Keywords><TimeCreated SystemTime='2023-07-19T15:00:21.000000000Z'/><EventRecordID>1390</EventRecordID><Channel>Windows PowerShell</Channel><Computer>vm-win7</Computer><Security/></System><EventData><Data>Stopped</Data><Data>Available</Data><Data>	NewEngineState=Stopped	PreviousEngineState=Available	SequenceNumber=10	HostName=ConsoleHost	HostVersion=2.0	HostId=c2645b23-d44c-49d2-82bc-dd9e79259dd5	EngineVersion=2.0	RunspaceId=b85f3bd3-d6e8-44d0-98e9-51c05a17b4b3	PipelineId=	CommandName=	CommandType=	ScriptName=	CommandPath=	CommandLine=</Data></EventData></Event>
<Event xmlns='http://schemas.microsoft.com/win/2004/08/events/event'><System><Provider Name='PowerShell'/><EventID Qualifiers='0'>400</EventID><Level>4</Level><Task>4</Task><Keywords>0x80000000000000</Keywords><TimeCreated SystemTime='2015-10-15T14:23:49.000000000Z'/><EventRecordID>102</EventRecordID><Channel>Windows PowerShell</Channel><Computer>WIN-IV0BOSRBARR</Computer><Security/></System><EventData><Data>Available</Data><Data>None</Data><Data>	NewEngineState=Available	PreviousEngineState=None	SequenceNumber=13	HostName=ConsoleHost	HostVersion=4.0	HostId=7b8f500a-e63c-4dac-87f6-7e2b79f6e2a7	HostApplication=powershell -encodedCommand KAAoAHQAZQBzAHQALQB3AHMAbQBhAG4AKQAuAHAAcgBvAGQAdQBjAHQAdgBlAHIAcwBpAG8AbgAuAHMAcABsAGkAdAAoACIAIAAiACkAIAB8ACAAcwBlAGwAZQBjAHQAIAAtAGwAYQBzAHQAIAAxACkALgBzAHAAbABpAHQAKAAiAFwALgAiACkAWwAwAF0ADQAKAGkAZgAgACgAJAA/ACkAIAB7ACAAZQB4AGkAdAAgADAAIAB9ACAAZQBsAHMAZQAgAHsAIABpAGYAKAAkAEwAQQBTAFQARQBYAEkAVABDAE8ARABFACkAIAB7ACAAZQB4AGkAdAAgACQATABBAFMAVABFAFgASQBUAEMATwBEAEUAIAB9ACAAZQBsAHMAZQAgAHsAIABlAHgAaQB0ACAAMQAgAH0AIAB9AA==	EngineVersion=4.0	RunspaceId=ade61752-ffcc-41d4-acfe-3a72166a5dad	PipelineId=	CommandName=	CommandType=	ScriptName=	CommandPath=	CommandLine=</Data></EventData></Event>
<Event xmlns='http://schemas.microsoft.com/win/2004/08/events/event'><System><Provider Name='PowerShell'/><EventID Qualifiers='0'>600</EventID><Level>4</Level><Task>6</Task><Keywords>0x80000000000000</Keywords><TimeCreated SystemTime='2015-10-15T14:23:49.000000000Z'/><EventRecordID>99</EventRecordID><Channel>Windows PowerShell</Channel><Computer>WIN-IV0BOSRBARR</Computer><Security/></System><EventData><Data>Function</Data><Data>Started</Data><Data>	ProviderName=Function	NewProviderState=Started	SequenceNumber=7	HostName=ConsoleHost	HostVersion=4.0	HostId=7b8f500a-e63c-4dac-87f6-7e2b79f6e2a7	HostApplication=powershell -encodedCommand KAAoAHQAZQBzAHQALQB3AHMAbQBhAG4AKQAuAHAAcgBvAGQAdQBjAHQAdgBlAHIAcwBpAG8AbgAuAHMAcABsAGkAdAAoACIAIAAiACkAIAB8ACAAcwBlAGwAZQBjAHQAIAAtAGwAYQBzAHQAIAAxACkALgBzAHAAbABpAHQAKAAiAFwALgAiACkAWwAwAF0ADQAKAGkAZgAgACgAJAA/ACkAIAB7ACAAZQB4AGkAdAAgADAAIAB9ACAAZQBsAHMAZQAgAHsAIABpAGYAKAAkAEwAQQBTAFQARQBYAEkAVABDAE8ARABFACkAIAB7ACAAZQB4AGkAdAAgACQATABBAFMAVABFAFgASQBUAEMATwBEAEUAIAB9ACAAZQBsAHMAZQAgAHsAIABlAHgAaQB0ACAAMQAgAH0AIAB9AA==	EngineVersion=	RunspaceId=	PipelineId=	CommandName=	CommandType=	ScriptName=	CommandPath=	CommandLine=</Data></EventData></Event>
<Event xmlns='http://schemas.microsoft.com/win/2004/08/events/event'><System><Provider Name='PowerShell'/><EventID Qualifiers='0'>403</EventID><Level>4</Level><Task>4</Task><Keywords>0x80000000000000</Keywords><TimeCreated SystemTime='2015-10-15T14:23:49.000000000Z'/><EventRecordID>95</EventRecordID><Channel>Windows PowerShell</Channel><Computer>WIN-IV0BOSRBARR</Computer><Security/></System><EventData><Data>Stopped</Data><Data>Available</Data><Data>	NewEngineState=Stopped	PreviousEngineState=Available	SequenceNumber=15	HostName=ConsoleHost	HostVersion=4.0	HostId=bbf53813-5d9d-4639-81a7-11512e4681ba	HostApplication=powershell -encodedCommand aABvAHMAdABuAGEAbQBlAA0ACgBpAGYAIAAoACQAPwApACAAewAgAGUAeABpAHQAIAAwACAAfQAgAGUAbABzAGUAIAB7ACAAaQBmACgAJABMAEEAUwBUAEUAWABJAFQAQwBPAEQARQApACAAewAgAGUAeABpAHQAIAAkAEwAQQBTAFQARQBYAEkAVABDAE8ARABFACAAfQAgAGUAbABzAGUAIAB7ACAAZQB4AGkAdAAgADEAIAB9ACAAfQA=	EngineVersion=4.0	RunspaceId=0b3920d8-9922-4371-bd8f-492852721fb4	PipelineId=	CommandName=	CommandType=	ScriptName=	CommandPath=	CommandLine=</Data></EventData></Event>
