<!--
  -  Windows logs rules
  -  Created by Wazuh, Inc. <support@wazuh.com>.
  -  This program is a free software; you can redistribute it and/or modify it under the terms of GPLv2.
-->

<!-- ID: 83200 - 83399 -->

<group name="windows,windows_logs,">

    <!--
    {"WinEvtChannel":{"System":{"ProviderName":"Microsoft-Windows-Eventlog","ProviderGuid":"{555908d1-a6d7-4695-8e1e-26931d2012f4}","EventSourceName":"Microsoft-Windows-Eventlog","EventID":"1102","Version":"0","Level":"4","Task":"0","Opcode":"0","Keywords":"0x8080000000000000","SystemTime":"2018-11-27T13:03:51.594213100Z","EventRecordID":"8453","Correlation":"","ProcessID":"608","ThreadID":"1296","Channel":"System","Computer":"hffg","Message":"The audit log was cleared.","SeverityValue":"INFORMATION"},"EventData":{"SubjectUserSid":"S-1-5-21-571","SubjectUserName":"HFFG$","SubjectDomainName":"WORKGROUP","SubjectLogonId":"0x3e7","TransactionId":"{D2399FF4-F177-11E8-82BA-08002750D7C5}","NewState":"52","ResourceManager":"{7D5F0E1F-ABCB-11E8-A2E2-D5514FE2B72B}","ProcessId":"0x3f8","ProcessName":"C:\\Windows\\System32\\svchost.exe"}}}
    -->
    <rule id="150000" level="5">
        <if_sid>200001</if_sid>
        <field name="WinEvtChannel.System.EventID">1102</field>
        <description>The audit log was cleared</description>
        <options>no_full_log</options>
        <group>log_clearing_auditlog,gpg13_10.1,gdpr_II_5.1.f,gdpr_IV_30.1.g,</group>
    </rule>

    <!--
    {"WinEvtChannel":{"System":{"ProviderName":"Microsoft-Windows-Eventlog","ProviderGuid":"{555908d1-a6d7-4695-8e1e-26931d2012f4}","EventSourceName":"Microsoft-Windows-Eventlog","EventID":"104","Version":"0","Level":"4","Task":"0","Opcode":"0","Keywords":"0x8080000000000000","SystemTime":"2018-11-27T13:03:51.594213100Z","EventRecordID":"8453","Correlation":"","ProcessID":"608","ThreadID":"1296","Channel":"System","Computer":"hffg","Message":"The Internet Explorer log file was cleared.","SeverityValue":"INFORMATION"},"EventData":{"SubjectUserSid":"S-1-5-21-571","SubjectUserName":"HFFG$","SubjectDomainName":"WORKGROUP","SubjectLogonId":"0x3e7","TransactionId":"{D2399FF4-F177-11E8-82BA-08002750D7C5}","NewState":"52","ResourceManager":"{7D5F0E1F-ABCB-11E8-A2E2-D5514FE2B72B}","ProcessId":"0x3f8","ProcessName":"C:\\Windows\\System32\\svchost.exe"}}}
    -->
    <rule id="150001" level="5">
        <if_sid>200001</if_sid>
        <field name="WinEvtChannel.System.EventID">^104$</field>
        <description>The Internet Explorer log file was cleared</description>
        <options>no_full_log</options>
        <group>log_clearing_ie,gpg13_10.1,gdpr_II_5.1.f,</group>
    </rule>

    <!--
    {"WinEvtChannel":{"System":{"ProviderName":"Microsoft-Windows-Eventlog","ProviderGuid":"{555908d1-a6d7-4695-8e1e-26931d2012f4}","EventSourceName":"Microsoft-Windows-Eventlog","EventID":"6005","Version":"0","Level":"4","Task":"0","Opcode":"0","Keywords":"0x8080000000000000","SystemTime":"2018-11-27T13:03:51.594213100Z","EventRecordID":"8453","Correlation":"","ProcessID":"608","ThreadID":"1296","Channel":"System","Computer":"hffg","Message":"The Event log service was started.","SeverityValue":"INFORMATION"},"EventData":{"SubjectUserSid":"S-1-5-21-571","SubjectUserName":"HFFG$","SubjectDomainName":"WORKGROUP","SubjectLogonId":"0x3e7","TransactionId":"{D2399FF4-F177-11E8-82BA-08002750D7C5}","NewState":"52","ResourceManager":"{7D5F0E1F-ABCB-11E8-A2E2-D5514FE2B72B}","ProcessId":"0x3f8","ProcessName":"C:\\Windows\\System32\\svchost.exe"}}}
    -->
    <rule id="15002" level="5">
        <if_sid>200001</if_sid>
        <field name="WinEvtChannel.System.EventID">^6005$</field>
        <description>The Event log service was started</description>
        <options>no_full_log</options>
        <group>windows_log_service_started,gpg13_10.1,</group>
    </rule>
</group>
