[Get-ItemProperty query]
log 1 pass = {"win":{"eventdata":{"path":"C:\\\\Users\\\\AtomicRed\\\\AppData\\\\Roaming\\\\TransbaseOdbcDriver\\\\LanCradDriver.ps1","messageNumber":"1","messageTotal":"1","scriptBlockText":"Get-ItemProperty -Path C:\\","scriptBlockId":"95af64d2-0002-4dd7-a150-d3dad1009afa"},"system":{"eventID":"4104","keywords":"0x0","providerGuid":"{a0c1853b-5c40-4b15-8766-3cf1c58f985a}","level":"3","channel":"Microsoft-Windows-PowerShell/Operational","opcode":"15","message":"Get-ItemProperty -Path C:\\","version":"1","systemTime":"2021-08-13T22:21:37.5045856Z","eventRecordID":"96584","threadID":"7128","computer":"hrmanager.ExchangeTest.com","task":"2","processID":"904","severityValue":"WARNING","providerName":"Microsoft-Windows-PowerShell"}}}
rule = 91810
alert = 0
decoder = json

[Get-ItemProperty query registry]
log 1 pass = {"win":{"eventdata":{"path":"C:\\\\Users\\\\AtomicRed\\\\AppData\\\\Roaming\\\\TransbaseOdbcDriver\\\\LanCradDriver.ps1","messageNumber":"1","messageTotal":"1","scriptBlockText":"$Payload = (Get-ItemProperty -Path HKCU:\\\\Software\\\\InternetExplorer\\\\AppDataLow\\\\Software\\\\Microsoft\\\\InternetExplorer).'{018247B2CAC14652E}'","scriptBlockId":"95af64d2-0002-4dd7-a150-d3dad1009afa"},"system":{"eventID":"4104","keywords":"0x0","providerGuid":"{a0c1853b-5c40-4b15-8766-3cf1c58f985a}","level":"3","channel":"Microsoft-Windows-PowerShell/Operational","opcode":"15","message":"$Payload = (Get-ItemProperty -Path HKCU:\\\\Software\\\\InternetExplorer\\\\AppDataLow\\\\Software\\\\Microsoft\\\\InternetExplorer).'{018247B2CAC14652E}'","version":"1","systemTime":"2021-08-13T22:21:37.5045856Z","eventRecordID":"96584","threadID":"7128","computer":"hrmanager.ExchangeTest.com","task":"2","processID":"904","severityValue":"WARNING","providerName":"Microsoft-Windows-PowerShell"}}}
rule = 91811
alert = 0
decoder = json

[Base64 decode from scriptblock]
log 1 pass = {"win":{"eventdata":{"path":"C:\\\\Users\\\\AtomicRed\\\\AppData\\\\Roaming\\\\TransbaseOdbcDriver\\\\LanCradDriver.ps1","messageNumber":"1","messageTotal":"1","scriptBlockText":"$bytes = [System.Convert]::FromBase64String($Payload)","scriptBlockId":"95af64d2-0002-4dd7-a150-d3dad1009afa"},"system":{"eventID":"4104","keywords":"0x0","providerGuid":"{a0c1853b-5c40-4b15-8766-3cf1c58f985a}","level":"3","channel":"Microsoft-Windows-PowerShell/Operational","opcode":"15","message":"$bytes = [System.Convert]::FromBase64String($Payload)","version":"1","systemTime":"2021-08-13T22:21:37.5045856Z","eventRecordID":"96584","threadID":"7128","computer":"hrmanager.ExchangeTest.com","task":"2","processID":"904","severityValue":"WARNING","providerName":"Microsoft-Windows-PowerShell"}}}
rule = 91820
alert = 10
decoder = json

[CreateThread API execution]
log 1 pass = {"win":{"eventdata":{"path":"C:\\\\Users\\\\AtomicRed\\\\AppData\\\\Roaming\\\\TransbaseOdbcDriver\\\\LanCradDriver.ps1","messageNumber":"1","messageTotal":"1","scriptBlockText":"$WinObj::CreateThread(0,0,$WinMem,0,0,0)","scriptBlockId":"95af64d2-0002-4dd7-a150-d3dad1009afa"},"system":{"eventID":"4104","keywords":"0x0","providerGuid":"{a0c1853b-5c40-4b15-8766-3cf1c58f985a}","level":"3","channel":"Microsoft-Windows-PowerShell/Operational","opcode":"15","message":"$WinObj::CreateThread(0,0,$WinMem,0,0,0)","version":"1","systemTime":"2021-08-13T22:21:37.5045856Z","eventRecordID":"96584","threadID":"7128","computer":"hrmanager.ExchangeTest.com","task":"2","processID":"904","severityValue":"WARNING","providerName":"Microsoft-Windows-PowerShell"}}}
rule = 91830
alert = 10
decoder = json