[A loaded module matches the Supernova trojan hashes]
log 1 pass = {"win":{"system":{"providerName":"Microsoft-Windows-Sysmon","providerGuid":"{5770385f-c22a-43e0-bf4c-06f5698ffbd9}","eventID":"7","version":"3","level":"4","task":"7","opcode":"0","keywords":"0x8000000000000000","systemTime":"2021-01-12T13:19:19.452639500Z","eventRecordID":"816438","processID":"12392","threadID":"13020","channel":"Microsoft-Windows-Sysmon/Operational","computer":"DESKTOP-J78PBB7","severityValue":"INFORMATION","message":"\"Image loaded:\r\nRuleName: -\r\nUtcTime: 2021-01-12 13:19:19.451\r\nProcessGuid: {9446e88e-feb3-5fd2-5a00-000000002c00}\r\nProcessId: 4560\r\nImage: C:\\Windows\\System32\\svchost.exe\r\nImageLoaded: C:\\Windows\\System32\\wosc.dll\r\nFileVersion: 10.0.18362.329 (WinBuild.160101.0800)\r\nDescription: Windows OneSettings Client\r\nProduct: Microsoft® Windows® Operating System\r\nCompany: Microsoft Corporation\r\nOriginalFileName: wosc.dll\r\nHashes: MD5=56CEB6D0011D87B6E4D7023D7EF85676,SHA256=C15ABAF51E78CA56C0376522D699C978217BF041A3BD3C71D09193EFA5717C71,SHA1=75AF292F34789A1C782EA36C7127BF6106F595E8\r\nSigned: true\r\nSignature: Microsoft Windows\r\nSignatureStatus: Valid\""},"eventdata":{"utcTime":"2021-01-12 13:19:19.451","processGuid":"{9446e88e-feb3-5fd2-5a00-000000002c00}","processId":"4560","image":"C:\\\\Windows\\\\System32\\\\svchost.exe","imageLoaded":"C:\\\\Windows\\\\System32\\\\wosc.dll","fileVersion":"10.0.18362.329 (WinBuild.160101.0800)","description":"Windows OneSettings Client","product":"Microsoft® Windows® Operating System","company":"Microsoft Corporation","originalFileName":"wosc.dll","hashes":"MD5=56CEB6D0011D87B6E4D7023D7EF85676,SHA256=C15ABAF51E78CA56C0376522D699C978217BF041A3BD3C71D09193EFA5717C71,SHA1=75AF292F34789A1C782EA36C7127BF6106F595E8","signed":"true","signature":"Microsoft Windows","signatureStatus":"Valid"}}}
rule = 66500 
alert = 12
decoder = json

[A created or modified file is potentially a Supernova trojan file]
log 1 pass = {"win":{"system":{"providerName":"Microsoft-Windows-Sysmon","providerGuid":"{5770385f-c22a-43e0-bf4c-06f5698ffbd9}","eventID":"11","version":"2","level":"4","task":"11","opcode":"0","keywords":"0x8000000000000000","systemTime":"2021-01-12T13:19:15.802761000Z","eventRecordID":"816437","processID":"12392","threadID":"13020","channel":"Microsoft-Windows-Sysmon/Operational","computer":"DESKTOP-J78PBB7","severityValue":"INFORMATION","message":"\"File created:\r\nRuleName: T1023\r\nUtcTime: 2021-01-12 13:19:15.780\r\nProcessGuid: {9446e88e-a096-5ffd-22e0-010000002c00}\r\nProcessId: 24296\r\nImage: C:\\totalcmd\\tcmadm64.exe\r\nTargetFilename: C:\\ProgramData\\Microsoft\\Windows\\Start Menu\\Programs\\StartUp\\logoimagehandler.ashx\r\nCreationUtcTime: 2021-01-12 12:44:16.769\""},"eventdata":{"ruleName":"T1023","utcTime":"2021-01-12 13:19:15.780","processGuid":"{9446e88e-a096-5ffd-22e0-010000002c00}","processId":"24296","image":"C:\\\\totalcmd\\\\tcmadm64.exe","targetFilename":"C:\\\\ProgramData\\\\Microsoft\\\\Windows\\\\Start Menu\\\\Programs\\\\StartUp\\\\logoimagehandler.ashx","creationUtcTime":"2021-01-12 12:44:16.769"}}} 
rule = 66501
alert = 10
decoder = json

[A Solarwinds executable creates a potentially Supernova trojan file]
log 1 pass = {"win":{"system":{"providerName":"Microsoft-Windows-Sysmon","providerGuid":"{5770385f-c22a-43e0-bf4c-06f5698ffbd9}","eventID":"11","version":"2","level":"4","task":"11","opcode":"0","keywords":"0x8000000000000000","systemTime":"2021-01-12T13:19:15.802761000Z","eventRecordID":"816437","processID":"12392","threadID":"13020","channel":"Microsoft-Windows-Sysmon/Operational","computer":"DESKTOP-J78PBB7","severityValue":"INFORMATION","message":"\"File created:\r\nRuleName: T1023\r\nUtcTime: 2021-01-12 13:19:15.780\r\nProcessGuid: {9446e88e-a096-5ffd-22e0-010000002c00}\r\nProcessId: 24296\r\nImage: C:\\totalcmd\\solarwinds.businesslayerhost.exe\r\nTargetFilename: C:\\ProgramData\\Microsoft\\Windows\\Start Menu\\Programs\\StartUp\\logoimagehandler.jpg\r\nCreationUtcTime: 2021-01-12 12:44:16.769\""},"eventdata":{"ruleName":"T1023","utcTime":"2021-01-12 13:19:15.780","processGuid":"{9446e88e-a096-5ffd-22e0-010000002c00}","processId":"24296","image":"C:\\\\totalcmd\\\\solarwinds.businesslayerhost.exe","targetFilename":"C:\\\\ProgramData\\\\Microsoft\\\\Windows\\\\Start Menu\\\\Programs\\\\StartUp\\\\logoimagehandler.jpg","creationUtcTime":"2021-01-12 12:44:16.769"}}} 
rule = 66502
alert = 13
decoder = json

[A Solarwinds executable removes a file - Potentially Supernova trojan file]
log 1 pass = {"win":{"system":{"providerName":"Microsoft-Windows-Sysmon","providerGuid":"{5770385f-c22a-43e0-bf4c-06f5698ffbd9}","eventID":"23","version":"2","level":"4","task":"11","opcode":"0","keywords":"0x8000000000000000","systemTime":"2021-01-12T13:19:15.802761000Z","eventRecordID":"816437","processID":"12392","threadID":"13020","channel":"Microsoft-Windows-Sysmon/Operational","computer":"DESKTOP-J78PBB7","severityValue":"INFORMATION","message":"\"File created:\r\nRuleName: T1023\r\nUtcTime: 2021-01-12 13:19:15.780\r\nProcessGuid: {9446e88e-a096-5ffd-22e0-010000002c00}\r\nProcessId: 24296\r\nImage: C:\\totalcmd\\solarwinds.businesslayerhost.exe\r\nTargetFilename: C:\\ProgramData\\Microsoft\\Windows\\Start Menu\\Programs\\StartUp\\logoimagehandler.jpg\r\nCreationUtcTime: 2021-01-12 12:44:16.769\""},"eventdata":{"ruleName":"T1023","utcTime":"2021-01-12 13:19:15.780","processGuid":"{9446e88e-a096-5ffd-22e0-010000002c00}","processId":"24296","image":"C:\\\\totalcmd\\\\solarwinds.businesslayerhost.exe","targetFilename":"C:\\\\ProgramData\\\\Microsoft\\\\Windows\\\\Start Menu\\\\Programs\\\\StartUp\\\\logoimagehandler.jpg","creationUtcTime":"2021-01-12 12:44:16.769"}}}
rule = 66503
alert = 13
decoder = json
