log 1 pass = {"win":{"eventdata":{"originalFileName":"CertUtil.exe","image":"C:\\\\Windows\\\\cert.exe","product":"Microsoft® Windows® Operating System","parentProcessGuid":"{4dc16835-5b4e-60e3-1b01-000000004800}","description":"CertUtil.exe","logonGuid":"{4dc16835-599e-60e3-ad77-240000000000}","parentCommandLine":"\\\"C:\\\\Windows\\\\system32\\\\cmd.exe\\\"","processGuid":"{4dc16835-6c17-60e3-8f01-000000004800}","logonId":"0x2477ad","parentProcessId":"5616","processId":"3960","currentDirectory":"C:\\\\Windows\\\\","utcTime":"2021-07-05 20:31:19.061","hashes":"SHA1=ED314BE18A50107B404681FA5FD74B6B17109CBE,MD5=AB8F510E2A9B9F932A6AB1BBA4E73ED9,SHA256=97DB9285A916F00B0C8149C7B36438726E227C5DD26E874037734C23B50066DC,IMPHASH=7B7F7ED372C027216AE5100589C424EA","parentImage":"C:\\\\Windows\\\\System32\\\\cmd.exe","ruleName":"technique_id=T1202,technique_name=Indirect Command Execution","company":"Microsoft Corporation","commandLine":"C:\\\\Windows\\\\cert.exe","integrityLevel":"High","fileVersion":"10.0.19041.1 (WinBuild.160101.0800)","user":"EXCHANGETEST\\\\AtomicRed","terminalSessionId":"1"},"system":{"eventID":"1","keywords":"0x8000000000000000","providerGuid":"{5770385f-c22a-43e0-bf4c-06f5698ffbd9}","level":"4","channel":"Microsoft-Windows-Sysmon/Operational","opcode":"0","message":"\"Process Create:\r\nRuleName: technique_id=T1202,technique_name=Indirect Command Execution\r\nUtcTime: 2021-07-05 20:31:19.061\r\nProcessGuid: {4dc16835-6c17-60e3-8f01-000000004800}\r\nProcessId: 3960\r\nImage: C:\\Windows\\cert.exe\r\nFileVersion: 10.0.19041.1 (WinBuild.160101.0800)\r\nDescription: CertUtil.exe\r\nProduct: Microsoft® Windows® Operating System\r\nCompany: Microsoft Corporation\r\nOriginalFileName: CertUtil.exe\r\nCommandLine: C:\\Windows\\cert.exe  -decode c:\\x\\peer.crt c:\\x\\agent.exe\r\nCurrentDirectory: C:\\Windows\\\r\nUser: EXCHANGETEST\\AtomicRed\r\nLogonGuid: {4dc16835-599e-60e3-ad77-240000000000}\r\nLogonId: 0x2477AD\r\nTerminalSessionId: 1\r\nIntegrityLevel: High\r\nHashes: SHA1=ED314BE18A50107B404681FA5FD74B6B17109CBE,MD5=AB8F510E2A9B9F932A6AB1BBA4E73ED9,SHA256=97DB9285A916F00B0C8149C7B36438726E227C5DD26E874037734C23B50066DC,IMPHASH=7B7F7ED372C027216AE5100589C424EA\r\nParentProcessGuid: {4dc16835-5b4e-60e3-1b01-000000004800}\r\nParentProcessId: 5616\r\nParentImage: C:\\Windows\\System32\\cmd.exe\r\nParentCommandLine: \"C:\\Windows\\system32\\cmd.exe\" \"","version":"5","systemTime":"2021-07-05T20:31:19.0634236Z","eventRecordID":"253469","threadID":"3184","computer":"hrmanager.ExchangeTest.com","task":"1","processID":"2184","severityValue":"INFORMATION","providerName":"Microsoft-Windows-Sysmon"}}}
rule = 92016
alert = 13
decoder = json

[Masqueraded CertUtil.exe used to decode binary file]
log 1 pass = {"win":{"eventdata":{"originalFileName":"CertUtil.exe","image":"C:\\\\Windows\\\\cert.exe","product":"Microsoft® Windows® Operating System","parentProcessGuid":"{4dc16835-5b4e-60e3-1b01-000000004800}","description":"CertUtil.exe","logonGuid":"{4dc16835-599e-60e3-ad77-240000000000}","parentCommandLine":"\\\"C:\\\\Windows\\\\system32\\\\cmd.exe\\\"","processGuid":"{4dc16835-6c17-60e3-8f01-000000004800}","logonId":"0x2477ad","parentProcessId":"5616","processId":"3960","currentDirectory":"C:\\\\Windows\\\\","utcTime":"2021-07-05 20:31:19.061","hashes":"SHA1=ED314BE18A50107B404681FA5FD74B6B17109CBE,MD5=AB8F510E2A9B9F932A6AB1BBA4E73ED9,SHA256=97DB9285A916F00B0C8149C7B36438726E227C5DD26E874037734C23B50066DC,IMPHASH=7B7F7ED372C027216AE5100589C424EA","parentImage":"C:\\\\Windows\\\\System32\\\\cmd.exe","ruleName":"technique_id=T1202,technique_name=Indirect Command Execution","company":"Microsoft Corporation","commandLine":"C:\\\\Windows\\\\cert.exe  -decode c:\\\\x\\\\peer.crt c:\\\\x\\\\agent.exe","integrityLevel":"High","fileVersion":"10.0.19041.1 (WinBuild.160101.0800)","user":"EXCHANGETEST\\\\AtomicRed","terminalSessionId":"1"},"system":{"eventID":"1","keywords":"0x8000000000000000","providerGuid":"{5770385f-c22a-43e0-bf4c-06f5698ffbd9}","level":"4","channel":"Microsoft-Windows-Sysmon/Operational","opcode":"0","message":"\"Process Create:\r\nRuleName: technique_id=T1202,technique_name=Indirect Command Execution\r\nUtcTime: 2021-07-05 20:31:19.061\r\nProcessGuid: {4dc16835-6c17-60e3-8f01-000000004800}\r\nProcessId: 3960\r\nImage: C:\\Windows\\cert.exe\r\nFileVersion: 10.0.19041.1 (WinBuild.160101.0800)\r\nDescription: CertUtil.exe\r\nProduct: Microsoft® Windows® Operating System\r\nCompany: Microsoft Corporation\r\nOriginalFileName: CertUtil.exe\r\nCommandLine: C:\\Windows\\cert.exe  -decode c:\\x\\peer.crt c:\\x\\agent.exe\r\nCurrentDirectory: C:\\Windows\\\r\nUser: EXCHANGETEST\\AtomicRed\r\nLogonGuid: {4dc16835-599e-60e3-ad77-240000000000}\r\nLogonId: 0x2477AD\r\nTerminalSessionId: 1\r\nIntegrityLevel: High\r\nHashes: SHA1=ED314BE18A50107B404681FA5FD74B6B17109CBE,MD5=AB8F510E2A9B9F932A6AB1BBA4E73ED9,SHA256=97DB9285A916F00B0C8149C7B36438726E227C5DD26E874037734C23B50066DC,IMPHASH=7B7F7ED372C027216AE5100589C424EA\r\nParentProcessGuid: {4dc16835-5b4e-60e3-1b01-000000004800}\r\nParentProcessId: 5616\r\nParentImage: C:\\Windows\\System32\\cmd.exe\r\nParentCommandLine: \"C:\\Windows\\system32\\cmd.exe\" \"","version":"5","systemTime":"2021-07-05T20:31:19.0634236Z","eventRecordID":"253469","threadID":"3184","computer":"hrmanager.ExchangeTest.com","task":"1","processID":"2184","severityValue":"INFORMATION","providerName":"Microsoft-Windows-Sysmon"}}}
rule = 92017
alert = 13
decoder = json

[CertUtil.exe used to decode binary file]
log 1 pass = {"win":{"eventdata":{"originalFileName":"CertUtil.exe","image":"C:\\\\Windows\\\\certutil.exe","product":"Microsoft® Windows® Operating System","parentProcessGuid":"{4dc16835-5b4e-60e3-1b01-000000004800}","description":"CertUtil.exe","logonGuid":"{4dc16835-599e-60e3-ad77-240000000000}","parentCommandLine":"\\\"C:\\\\Windows\\\\system32\\\\cmd.exe\\\"","processGuid":"{4dc16835-6c17-60e3-8f01-000000004800}","logonId":"0x2477ad","parentProcessId":"5616","processId":"3960","currentDirectory":"C:\\\\Windows\\\\","utcTime":"2021-07-05 20:31:19.061","hashes":"SHA1=ED314BE18A50107B404681FA5FD74B6B17109CBE,MD5=AB8F510E2A9B9F932A6AB1BBA4E73ED9,SHA256=97DB9285A916F00B0C8149C7B36438726E227C5DD26E874037734C23B50066DC,IMPHASH=7B7F7ED372C027216AE5100589C424EA","parentImage":"C:\\\\Windows\\\\System32\\\\cmd.exe","ruleName":"technique_id=T1202,technique_name=Indirect Command Execution","company":"Microsoft Corporation","commandLine":"C:\\\\Windows\\\\cert.exe  -decode c:\\\\x\\\\peer.crt c:\\\\x\\\\agent.exe","integrityLevel":"High","fileVersion":"10.0.19041.1 (WinBuild.160101.0800)","user":"EXCHANGETEST\\\\AtomicRed","terminalSessionId":"1"},"system":{"eventID":"1","keywords":"0x8000000000000000","providerGuid":"{5770385f-c22a-43e0-bf4c-06f5698ffbd9}","level":"4","channel":"Microsoft-Windows-Sysmon/Operational","opcode":"0","message":"\"Process Create:\r\nRuleName: technique_id=T1202,technique_name=Indirect Command Execution\r\nUtcTime: 2021-07-05 20:31:19.061\r\nProcessGuid: {4dc16835-6c17-60e3-8f01-000000004800}\r\nProcessId: 3960\r\nImage: C:\\Windows\\cert.exe\r\nFileVersion: 10.0.19041.1 (WinBuild.160101.0800)\r\nDescription: CertUtil.exe\r\nProduct: Microsoft® Windows® Operating System\r\nCompany: Microsoft Corporation\r\nOriginalFileName: CertUtil.exe\r\nCommandLine: C:\\Windows\\cert.exe  -decode c:\\x\\peer.crt c:\\x\\agent.exe\r\nCurrentDirectory: C:\\Windows\\\r\nUser: EXCHANGETEST\\AtomicRed\r\nLogonGuid: {4dc16835-599e-60e3-ad77-240000000000}\r\nLogonId: 0x2477AD\r\nTerminalSessionId: 1\r\nIntegrityLevel: High\r\nHashes: SHA1=ED314BE18A50107B404681FA5FD74B6B17109CBE,MD5=AB8F510E2A9B9F932A6AB1BBA4E73ED9,SHA256=97DB9285A916F00B0C8149C7B36438726E227C5DD26E874037734C23B50066DC,IMPHASH=7B7F7ED372C027216AE5100589C424EA\r\nParentProcessGuid: {4dc16835-5b4e-60e3-1b01-000000004800}\r\nParentProcessId: 5616\r\nParentImage: C:\\Windows\\System32\\cmd.exe\r\nParentCommandLine: \"C:\\Windows\\system32\\cmd.exe\" \"","version":"5","systemTime":"2021-07-05T20:31:19.0634236Z","eventRecordID":"253469","threadID":"3184","computer":"hrmanager.ExchangeTest.com","task":"1","processID":"2184","severityValue":"INFORMATION","providerName":"Microsoft-Windows-Sysmon"}}}
rule = 92018
alert = 13
decoder = json

[Windows Defender executed from suspicious path, possible DLL side-loading]
log 1 pass = {"win":{"eventdata":{"originalFileName":"MsMpEng.exe","image":"C:\\\\Windows\\\\MsMpEng.exe","product":"Microsoft® Windows® Operating System","parentProcessGuid":"{4dc16835-5b4e-60e3-1b01-000000004800}","description":"Antimalware Service Executable","logonGuid":"{4dc16835-599e-60e3-ad77-240000000000}","parentCommandLine":"\\\"C:\\\\Windows\\\\system32\\\\cmd.exe\\\"","processGuid":"{4dc16835-68de-60e3-7d01-000000004800}","logonId":"0x2477ad","parentProcessId":"5616","processId":"4304","currentDirectory":"C:\\\\Windows\\\\","utcTime":"2021-07-05 20:17:34.077","hashes":"SHA1=85536AD6AFEE43B728ED12EE8CFFCA41F74F6446,MD5=CA2DE21D04A42228B707ABCE64EBBC8B,SHA256=2CCB6063389F3512BE2EF169E236C7474380C542ABD82B4B6BCAA8DEE2E3DCBE,IMPHASH=E568A0358C31B8910DC7FFF649D3FE0D","parentImage":"C:\\\\Windows\\\\System32\\\\cmd.exe","ruleName":"technique_id=T1059.003,technique_name=Windows Command Shell","company":"Microsoft Corporation","commandLine":"msmpeng","integrityLevel":"High","fileVersion":"4.18.1909.6 (WinBuild.160101.0800)","user":"EXCHANGETEST\\\\AtomicRed","terminalSessionId":"1"},"system":{"eventID":"1","keywords":"0x8000000000000000","providerGuid":"{5770385f-c22a-43e0-bf4c-06f5698ffbd9}","level":"4","channel":"Microsoft-Windows-Sysmon/Operational","opcode":"0","message":"\"Process Create:\r\nRuleName: technique_id=T1059.003,technique_name=Windows Command Shell\r\nUtcTime: 2021-07-05 20:17:34.077\r\nProcessGuid: {4dc16835-68de-60e3-7d01-000000004800}\r\nProcessId: 4304\r\nImage: C:\\Windows\\MsMpEng.exe\r\nFileVersion: 4.18.1909.6 (WinBuild.160101.0800)\r\nDescription: Antimalware Service Executable\r\nProduct: Microsoft® Windows® Operating System\r\nCompany: Microsoft Corporation\r\nOriginalFileName: MsMpEng.exe\r\nCommandLine: msmpeng\r\nCurrentDirectory: C:\\Windows\\\r\nUser: EXCHANGETEST\\AtomicRed\r\nLogonGuid: {4dc16835-599e-60e3-ad77-240000000000}\r\nLogonId: 0x2477AD\r\nTerminalSessionId: 1\r\nIntegrityLevel: High\r\nHashes: SHA1=85536AD6AFEE43B728ED12EE8CFFCA41F74F6446,MD5=CA2DE21D04A42228B707ABCE64EBBC8B,SHA256=2CCB6063389F3512BE2EF169E236C7474380C542ABD82B4B6BCAA8DEE2E3DCBE,IMPHASH=E568A0358C31B8910DC7FFF649D3FE0D\r\nParentProcessGuid: {4dc16835-5b4e-60e3-1b01-000000004800}\r\nParentProcessId: 5616\r\nParentImage: C:\\Windows\\System32\\cmd.exe\r\nParentCommandLine: \"C:\\Windows\\system32\\cmd.exe\" \"","version":"5","systemTime":"2021-07-05T20:17:34.0803610Z","eventRecordID":"253242","threadID":"3184","computer":"hrmanager.ExchangeTest.com","task":"1","processID":"2184","severityValue":"INFORMATION","providerName":"Microsoft-Windows-Sysmon"}}}
rule = 92019
alert = 13
decoder = json

[Gathered user information from Remote Desktop Service sessions]
log 1 pass = {"win":{"eventdata":{"originalFileName":"qwinsta.exe","image":"C:\\\\Windows\\\\System32\\\\qwinsta.exe","product":"Microsoft® Windows® Operating System","parentProcessGuid":"{86107A5D-799F-60E7-7DC7-150100000000}","description":"Query Session Utility","logonGuid":"{86107A5D-76D7-60E7-8BFB-390000000000}","parentCommandLine":"\\\"C:\\\\Windows\\\\System32\\\\WindowsPowerShell\\\\v1.0\\\\powershell.exe\\\"","processGuid":"{86107A5D-7C05-60E7-F289-D00100000000}","logonId":"0x39fb8b","parentProcessId":"6272","processId":"7808","currentDirectory":"C:\\\\Users\\\\Administrator\\\\","utcTime":"2021-07-08 22:28:21.470","hashes":"SHA1=FA14C6ED7BF22CD174D95642DC2C58105299BE1D,MD5=D36DBFEBFDF8580FD6A3945548DC2208,SHA256=4E4F3651C108BB2D3B660DC1FE492373EAC23BC9D4C79B2D65521D03732797C0,IMPHASH=374BAB87D27C0874C5C374A1D2C1F399","parentImage":"C:\\\\Windows\\\\System32\\\\WindowsPowerShell\\\\v1.0\\\\powershell.exe","ruleName":"technique_id=T1086,technique_name=PowerShell","company":"Microsoft Corporation","commandLine":"\\\"C:\\\\Windows\\\\system32\\\\qwinsta.exe\\\" /server:hrmanager","integrityLevel":"High","fileVersion":"10.0.14393.0 (rs1_release.160715-1616)","user":"EXCHANGETEST\\\\Administrator","terminalSessionId":"1"},"system":{"eventID":"1","keywords":"0x8000000000000000","providerGuid":"{5770385F-C22A-43E0-BF4C-06F5698FFBD9}","level":"4","channel":"Microsoft-Windows-Sysmon/Operational","opcode":"0","message":"\"Process Create:\r\nRuleName: technique_id=T1086,technique_name=PowerShell\r\nUtcTime: 2021-07-08 22:28:21.470\r\nProcessGuid: {86107A5D-7C05-60E7-F289-D00100000000}\r\nProcessId: 7808\r\nImage: C:\\Windows\\System32\\qwinsta.exe\r\nFileVersion: 10.0.14393.0 (rs1_release.160715-1616)\r\nDescription: Query Session Utility\r\nProduct: Microsoft® Windows® Operating System\r\nCompany: Microsoft Corporation\r\nOriginalFileName: qwinsta.exe\r\nCommandLine: \"C:\\Windows\\system32\\qwinsta.exe\" /server:hrmanager\r\nCurrentDirectory: C:\\Users\\Administrator\\\r\nUser: EXCHANGETEST\\Administrator\r\nLogonGuid: {86107A5D-76D7-60E7-8BFB-390000000000}\r\nLogonId: 0x39FB8B\r\nTerminalSessionId: 1\r\nIntegrityLevel: High\r\nHashes: SHA1=FA14C6ED7BF22CD174D95642DC2C58105299BE1D,MD5=D36DBFEBFDF8580FD6A3945548DC2208,SHA256=4E4F3651C108BB2D3B660DC1FE492373EAC23BC9D4C79B2D65521D03732797C0,IMPHASH=374BAB87D27C0874C5C374A1D2C1F399\r\nParentProcessGuid: {86107A5D-799F-60E7-7DC7-150100000000}\r\nParentProcessId: 6272\r\nParentImage: C:\\Windows\\System32\\WindowsPowerShell\\v1.0\\powershell.exe\r\nParentCommandLine: \"C:\\Windows\\System32\\WindowsPowerShell\\v1.0\\powershell.exe\" \"","version":"5","systemTime":"2021-07-08T22:28:21.473279400Z","eventRecordID":"1280040","threadID":"4028","computer":"bankdc.ExchangeTest.com","task":"1","processID":"2664","severityValue":"INFORMATION","providerName":"Microsoft-Windows-Sysmon"}}}
rule = 92022
alert = 3
decoder = json

[A file was copied to other system over SSH using pscp.exe]
log 1 pass = {"win":{"eventdata":{"originalFileName":"PSCP","image":"C:\\\\Users\\\\AtomicRed\\\\AppData\\\\Roaming\\\\TransbaseOdbcDriver\\\\pscp.exe","product":"PuTTY suite","parentProcessGuid":"{4dc16835-3bdd-609c-5901-000000003b00}","description":"Command-line SCP/SFTP client","logonGuid":"{4dc16835-2e5f-609c-19a4-7c0000000000}","parentCommandLine":"C:\\\\Windows\\\\system32\\\\cmd.exe","processGuid":"{4dc16835-416a-609c-7601-000000003b00}","logonId":"0x7ca419","parentProcessId":"5560","processId":"2180","currentDirectory":"C:\\\\Users\\\\AtomicRed\\\\AppData\\\\Roaming\\\\TransbaseOdbcDriver\\\\","utcTime":"2021-05-12 20:58:18.149","hashes":"SHA1=EE1B5F3A7F9563A9E7575EDDA467794584555F97,MD5=3145D4A197A3523253880E9E6E76F798,SHA256=7A09FD6885CA5662A40D6F9212C115D8F38C88F9C1BCDA697854BFB202F289B2,IMPHASH=C2612378E2F461D6FCF8743722ABEB7A","parentImage":"C:\\\\Windows\\\\System32\\\\cmd.exe","ruleName":"technique_id=T1059.003,technique_name=Windows Command Shell","company":"Simon Tatham","commandLine":"pscp.exe  -scp psexec.py administrator@Exchangetest.com@192.168.0.218:/tmp/psexec.py","integrityLevel":"Medium","fileVersion":"Release 0.73","user":"EXCHANGETEST\\\\AtomicRed","terminalSessionId":"1"},"system":{"eventID":"1","keywords":"0x8000000000000000","providerGuid":"{5770385f-c22a-43e0-bf4c-06f5698ffbd9}","level":"4","channel":"Microsoft-Windows-Sysmon/Operational","opcode":"0","message":"\"Process Create:\r\nRuleName: technique_id=T1059.003,technique_name=Windows Command Shell\r\nUtcTime: 2021-05-12 20:58:18.149\r\nProcessGuid: {4dc16835-416a-609c-7601-000000003b00}\r\nProcessId: 2180\r\nImage: C:\\Users\\AtomicRed\\AppData\\Roaming\\TransbaseOdbcDriver\\pscp.exe\r\nFileVersion: Release 0.73\r\nDescription: Command-line SCP/SFTP client\r\nProduct: PuTTY suite\r\nCompany: Simon Tatham\r\nOriginalFileName: PSCP\r\nCommandLine: pscp.exe  -scp psexec.py administrator@Exchangetest.com@192.168.0.218:/tmp/psexec.py\r\nCurrentDirectory: C:\\Users\\AtomicRed\\AppData\\Roaming\\TransbaseOdbcDriver\\\r\nUser: EXCHANGETEST\\AtomicRed\r\nLogonGuid: {4dc16835-2e5f-609c-19a4-7c0000000000}\r\nLogonId: 0x7CA419\r\nTerminalSessionId: 1\r\nIntegrityLevel: Medium\r\nHashes: SHA1=EE1B5F3A7F9563A9E7575EDDA467794584555F97,MD5=3145D4A197A3523253880E9E6E76F798,SHA256=7A09FD6885CA5662A40D6F9212C115D8F38C88F9C1BCDA697854BFB202F289B2,IMPHASH=C2612378E2F461D6FCF8743722ABEB7A\r\nParentProcessGuid: {4dc16835-3bdd-609c-5901-000000003b00}\r\nParentProcessId: 5560\r\nParentImage: C:\\Windows\\System32\\cmd.exe\r\nParentCommandLine: C:\\Windows\\system32\\cmd.exe\"","version":"5","systemTime":"2021-05-12T20:58:18.1529188Z","eventRecordID":"199658","threadID":"3320","computer":"hrmanager.ExchangeTest.com","task":"1","processID":"2080","severityValue":"INFORMATION","providerName":"Microsoft-Windows-Sysmon"}}}
rule = 92020
alert = 6
decoder = json

[Powershell was used to delete files or directories]
log 1 pass = {"win":{"eventdata":{"originalFileName":"PowerShell.EXE","image":"C:\\\\Windows\\\\System32\\\\WindowsPowerShell\\\\v1.0\\\\powershell.exe","product":"Microsoft® Windows® Operating System","parentProcessGuid":"{4dc16835-1eb6-60f7-99b1-260000000000}","description":"Windows PowerShell","logonGuid":"{4dc16835-1d4f-60f7-39ca-130000000000}","parentCommandLine":"cmd.exe","processGuid":"{4dc16835-2c0a-60f7-46c4-570000000000}","logonId":"0x13ca39","parentProcessId":"6056","processId":"3328","currentDirectory":"C:\\\\Users\\\\AtomicRed\\\\Downloads\\\\","utcTime":"2021-07-20 20:03:22.083","hashes":"SHA1=F43D9BB316E30AE1A3494AC5B0624F6BEA1BF054,MD5=04029E121A0CFA5991749937DD22A1D9,SHA256=9F914D42706FE215501044ACD85A32D58AAEF1419D404FDDFA5D3B48F66CCD9F,IMPHASH=7C955A0ABC747F57CCC4324480737EF7","parentImage":"C:\\\\Windows\\\\System32\\\\WindowsPowerShell\\\\v1.0\\\\cmd.exe","ruleName":"technique_id=T1086,technique_name=PowerShell","company":"Microsoft Corporation","commandLine":"powershell.exe -c Remove-Item $env:TEMP\\\\* -Recurse -Force -Erroraction 'silentlycontinue'","integrityLevel":"High","fileVersion":"10.0.19041.546 (WinBuild.160101.0800)","user":"EXCHANGETEST\\\\AtomicRed","terminalSessionId":"1"},"system":{"eventID":"1","keywords":"0x8000000000000000","providerGuid":"{5770385f-c22a-43e0-bf4c-06f5698ffbd9}","level":"4","channel":"Microsoft-Windows-Sysmon/Operational","opcode":"0","message":"\"Process Create:\r\nRuleName: technique_id=T1086,technique_name=PowerShell\r\nUtcTime: 2021-07-20 20:03:22.083\r\nProcessGuid: {4dc16835-2c0a-60f7-46c4-570000000000}\r\nProcessId: 3328\r\nImage: C:\\Windows\\System32\\WindowsPowerShell\\v1.0\\powershell.exe\r\nFileVersion: 10.0.19041.546 (WinBuild.160101.0800)\r\nDescription: Windows PowerShell\r\nProduct: Microsoft® Windows® Operating System\r\nCompany: Microsoft Corporation\r\nOriginalFileName: PowerShell.EXE\r\nCommandLine: powershell.exe -c Remove-Item $env:TEMP\\* -Recurse -Force -Erroraction 'silentlycontinue'\r\nCurrentDirectory: C:\\Users\\AtomicRed\\Downloads\\\r\nUser: EXCHANGETEST\\AtomicRed\r\nLogonGuid: {4dc16835-1d4f-60f7-39ca-130000000000}\r\nLogonId: 0x13CA39\r\nTerminalSessionId: 1\r\nIntegrityLevel: High\r\nHashes: SHA1=F43D9BB316E30AE1A3494AC5B0624F6BEA1BF054,MD5=04029E121A0CFA5991749937DD22A1D9,SHA256=9F914D42706FE215501044ACD85A32D58AAEF1419D404FDDFA5D3B48F66CCD9F,IMPHASH=7C955A0ABC747F57CCC4324480737EF7\r\nParentProcessGuid: {4dc16835-1eb6-60f7-99b1-260000000000}\r\nParentProcessId: 6056\r\nParentImage: C:\\Windows\\System32\\WindowsPowerShell\\v1.0\\powershell.exe\r\nParentCommandLine: powershell  -ExecutionPolicy Bypass -NoExit .\\meta.ps1\"","version":"5","systemTime":"2021-07-20T20:03:22.0909717Z","eventRecordID":"279401","threadID":"3248","computer":"hrmanager.ExchangeTest.com","task":"1","processID":"2392","severityValue":"INFORMATION","providerName":"Microsoft-Windows-Sysmon"}}}
rule = 92021
alert = 3
decoder = json

[Suspicious Powershell activity with VSS and Windows SAM hive]
log 1 pass = {"win":{"eventdata":{"originalFileName":"PowerShell.EXE","image":"C:\\\\Windows\\\\System32\\\\WindowsPowerShell\\\\v1.0\\\\powershell.exe","product":"Microsoft® Windows® Operating System","parentProcessGuid":"{4dc16835-6ce9-60f8-2605-580000000000}","description":"Windows PowerShell","logonGuid":"{4dc16835-577d-60f8-9e02-1b0000000000}","parentCommandLine":"ShadowSteal.exe","processGuid":"{4dc16835-6ce9-60f8-f206-580000000000}","logonId":"0x1b029e","parentProcessId":"4252","processId":"3316","currentDirectory":"C:\\\\Users\\\\AtomicRed\\\\Downloads\\\\shadow2\\\\","utcTime":"2021-07-21 18:52:25.041","hashes":"SHA1=F43D9BB316E30AE1A3494AC5B0624F6BEA1BF054,MD5=04029E121A0CFA5991749937DD22A1D9,SHA256=9F914D42706FE215501044ACD85A32D58AAEF1419D404FDDFA5D3B48F66CCD9F,IMPHASH=7C955A0ABC747F57CCC4324480737EF7","parentImage":"C:\\\\Users\\\\AtomicRed\\\\Downloads\\\\shadow2\\\\ShadowSteal.exe","ruleName":"technique_id=T1086,technique_name=PowerShell","company":"Microsoft Corporation","commandLine":"powershell.exe -c \\\"[System.IO.File]::Exists('\\\\\\\\?\\\\GLOBALROOT\\\\Device\\\\HarddiskVolumeShadowCopy1\\\\Windows\\\\System32\\\\config\\\\SAM')\\\"","integrityLevel":"Medium","fileVersion":"10.0.19041.546 (WinBuild.160101.0800)","user":"EXCHANGETEST\\\\AtomicRed","terminalSessionId":"1"},"system":{"eventID":"1","keywords":"0x8000000000000000","providerGuid":"{5770385f-c22a-43e0-bf4c-06f5698ffbd9}","level":"4","channel":"Microsoft-Windows-Sysmon/Operational","opcode":"0","message":"\"Process Create:\r\nRuleName: technique_id=T1086,technique_name=PowerShell\r\nUtcTime: 2021-07-21 18:52:25.041\r\nProcessGuid: {4dc16835-6ce9-60f8-f206-580000000000}\r\nProcessId: 3316\r\nImage: C:\\Windows\\System32\\WindowsPowerShell\\v1.0\\powershell.exe\r\nFileVersion: 10.0.19041.546 (WinBuild.160101.0800)\r\nDescription: Windows PowerShell\r\nProduct: Microsoft® Windows® Operating System\r\nCompany: Microsoft Corporation\r\nOriginalFileName: PowerShell.EXE\r\nCommandLine: powershell.exe -c \"[System.IO.File]::Exists('\\\\?\\GLOBALROOT\\Device\\HarddiskVolumeShadowCopy1\\Windows\\System32\\config\\SAM')\"\r\nCurrentDirectory: C:\\Users\\AtomicRed\\Downloads\\shadow2\\\r\nUser: EXCHANGETEST\\AtomicRed\r\nLogonGuid: {4dc16835-577d-60f8-9e02-1b0000000000}\r\nLogonId: 0x1B029E\r\nTerminalSessionId: 1\r\nIntegrityLevel: Medium\r\nHashes: SHA1=F43D9BB316E30AE1A3494AC5B0624F6BEA1BF054,MD5=04029E121A0CFA5991749937DD22A1D9,SHA256=9F914D42706FE215501044ACD85A32D58AAEF1419D404FDDFA5D3B48F66CCD9F,IMPHASH=7C955A0ABC747F57CCC4324480737EF7\r\nParentProcessGuid: {4dc16835-6ce9-60f8-2605-580000000000}\r\nParentProcessId: 4252\r\nParentImage: C:\\Users\\AtomicRed\\Downloads\\shadow2\\ShadowSteal.exe\r\nParentCommandLine: ShadowSteal.exe\"","version":"5","systemTime":"2021-07-21T18:52:25.0482836Z","eventRecordID":"296247","threadID":"3460","computer":"hrmanager.ExchangeTest.com","task":"1","processID":"2428","severityValue":"INFORMATION","providerName":"Microsoft-Windows-Sysmon"}}}
rule = 92023
alert = 8
decoder = json

[Powershell used to copy SAM hive from VSS]
log 1 pass = {"win":{"eventdata":{"originalFileName":"PowerShell.EXE","image":"C:\\\\Windows\\\\System32\\\\WindowsPowerShell\\\\v1.0\\\\powershell.exe","product":"Microsoft® Windows® Operating System","parentProcessGuid":"{4dc16835-6d03-60f8-3101-000000005300}","description":"Windows PowerShell","logonGuid":"{4dc16835-577d-60f8-7c02-1b0000000000}","parentCommandLine":"ShadowSteal.exe","processGuid":"{4dc16835-6d03-60f8-fd83-590000000000}","logonId":"0x1b027c","parentProcessId":"4832","processId":"4636","currentDirectory":"C:\\\\Users\\\\AtomicRed\\\\Downloads\\\\shadow2\\\\","utcTime":"2021-07-21 18:52:51.728","hashes":"SHA1=F43D9BB316E30AE1A3494AC5B0624F6BEA1BF054,MD5=04029E121A0CFA5991749937DD22A1D9,SHA256=9F914D42706FE215501044ACD85A32D58AAEF1419D404FDDFA5D3B48F66CCD9F,IMPHASH=7C955A0ABC747F57CCC4324480737EF7","parentImage":"C:\\\\Users\\\\AtomicRed\\\\Downloads\\\\shadow2\\\\ShadowSteal.exe","ruleName":"technique_id=T1086,technique_name=PowerShell","company":"Microsoft Corporation","commandLine":"powershell.exe -c \\\"[System.IO.File]::Copy('\\\\\\\\?\\\\GLOBALROOT\\\\Device\\\\HarddiskVolumeShadowCopy1\\\\Windows\\\\System32\\\\config\\\\SECURITY', 'tmp\\\\202107211152_SECURITY')\\\"","integrityLevel":"High","fileVersion":"10.0.19041.546 (WinBuild.160101.0800)","user":"EXCHANGETEST\\\\AtomicRed","terminalSessionId":"1"},"system":{"eventID":"1","keywords":"0x8000000000000000","providerGuid":"{5770385f-c22a-43e0-bf4c-06f5698ffbd9}","level":"4","channel":"Microsoft-Windows-Sysmon/Operational","opcode":"0","message":"\"Process Create:\r\nRuleName: technique_id=T1086,technique_name=PowerShell\r\nUtcTime: 2021-07-21 18:52:51.728\r\nProcessGuid: {4dc16835-6d03-60f8-fd83-590000000000}\r\nProcessId: 4636\r\nImage: C:\\Windows\\System32\\WindowsPowerShell\\v1.0\\powershell.exe\r\nFileVersion: 10.0.19041.546 (WinBuild.160101.0800)\r\nDescription: Windows PowerShell\r\nProduct: Microsoft® Windows® Operating System\r\nCompany: Microsoft Corporation\r\nOriginalFileName: PowerShell.EXE\r\nCommandLine: powershell.exe -c \"[System.IO.File]::Copy('\\\\?\\GLOBALROOT\\Device\\HarddiskVolumeShadowCopy1\\Windows\\System32\\config\\SECURITY', 'tmp\\202107211152_SECURITY')\"\r\nCurrentDirectory: C:\\Users\\AtomicRed\\Downloads\\shadow2\\\r\nUser: EXCHANGETEST\\AtomicRed\r\nLogonGuid: {4dc16835-577d-60f8-7c02-1b0000000000}\r\nLogonId: 0x1B027C\r\nTerminalSessionId: 1\r\nIntegrityLevel: High\r\nHashes: SHA1=F43D9BB316E30AE1A3494AC5B0624F6BEA1BF054,MD5=04029E121A0CFA5991749937DD22A1D9,SHA256=9F914D42706FE215501044ACD85A32D58AAEF1419D404FDDFA5D3B48F66CCD9F,IMPHASH=7C955A0ABC747F57CCC4324480737EF7\r\nParentProcessGuid: {4dc16835-6d03-60f8-3101-000000005300}\r\nParentProcessId: 4832\r\nParentImage: C:\\Users\\AtomicRed\\Downloads\\shadow2\\ShadowSteal.exe\r\nParentCommandLine: ShadowSteal.exe\"","version":"5","systemTime":"2021-07-21T18:52:51.7297548Z","eventRecordID":"296414","threadID":"3460","computer":"hrmanager.ExchangeTest.com","task":"1","processID":"2428","severityValue":"INFORMATION","providerName":"Microsoft-Windows-Sysmon"}}}
rule = 92024
alert = 14
decoder = json

[Reg.exe used to dump SAM hive]
log 1 pass = {"win":{"eventdata":{"originalFileName":"reg.exe","image":"C:\\\\Windows\\\\System32\\\\reg.exe","product":"Microsoft® Windows® Operating System","parentProcessGuid":"{4dc16835-57e4-60f8-f782-260000000000}","description":"Registry Console Tool","logonGuid":"{4dc16835-577d-60f8-7c02-1b0000000000}","parentCommandLine":"\\\"C:\\\\Windows\\\\system32\\\\cmd.exe\\\"","processGuid":"{4dc16835-795e-60f8-c58a-770000000000}","logonId":"0x1b027c","parentProcessId":"5488","processId":"4616","currentDirectory":"C:\\\\Users\\\\AtomicRed\\\\Downloads\\\\shadow2\\\\","utcTime":"2021-07-21 19:45:34.763","hashes":"SHA1=C0DB341DEFA8EF40C03ED769A9001D600E0F4DAE,MD5=227F63E1D9008B36BDBCC4B397780BE4,SHA256=C0E25B1F9B22DE445298C1E96DDFCEAD265CA030FA6626F61A4A4786CC4A3B7D,IMPHASH=BE482BE427FE212CFEF2CDA0E61F19AC","parentImage":"C:\\\\Windows\\\\System32\\\\cmd.exe","ruleName":"technique_id=T1112,technique_name=Modify Registry","company":"Microsoft Corporation","commandLine":"reg  save HKLM\\\\sam C:\\\\Users\\\\ATOMIC~2\\\\AppData\\\\Local\\\\Temp\\\\sam","integrityLevel":"High","fileVersion":"10.0.19041.1 (WinBuild.160101.0800)","user":"EXCHANGETEST\\\\AtomicRed","terminalSessionId":"1"},"system":{"eventID":"1","keywords":"0x8000000000000000","providerGuid":"{5770385f-c22a-43e0-bf4c-06f5698ffbd9}","level":"4","channel":"Microsoft-Windows-Sysmon/Operational","opcode":"0","message":"\"Process Create:\r\nRuleName: technique_id=T1112,technique_name=Modify Registry\r\nUtcTime: 2021-07-21 19:45:34.763\r\nProcessGuid: {4dc16835-795e-60f8-c58a-770000000000}\r\nProcessId: 4616\r\nImage: C:\\Windows\\System32\\reg.exe\r\nFileVersion: 10.0.19041.1 (WinBuild.160101.0800)\r\nDescription: Registry Console Tool\r\nProduct: Microsoft® Windows® Operating System\r\nCompany: Microsoft Corporation\r\nOriginalFileName: reg.exe\r\nCommandLine: reg  save HKLM\\sam C:\\Users\\ATOMIC~2\\AppData\\Local\\Temp\\sam\r\nCurrentDirectory: C:\\Users\\AtomicRed\\Downloads\\shadow2\\\r\nUser: EXCHANGETEST\\AtomicRed\r\nLogonGuid: {4dc16835-577d-60f8-7c02-1b0000000000}\r\nLogonId: 0x1B027C\r\nTerminalSessionId: 1\r\nIntegrityLevel: High\r\nHashes: SHA1=C0DB341DEFA8EF40C03ED769A9001D600E0F4DAE,MD5=227F63E1D9008B36BDBCC4B397780BE4,SHA256=C0E25B1F9B22DE445298C1E96DDFCEAD265CA030FA6626F61A4A4786CC4A3B7D,IMPHASH=BE482BE427FE212CFEF2CDA0E61F19AC\r\nParentProcessGuid: {4dc16835-57e4-60f8-f782-260000000000}\r\nParentProcessId: 5488\r\nParentImage: C:\\Windows\\System32\\cmd.exe\r\nParentCommandLine: \"C:\\Windows\\system32\\cmd.exe\" \"","version":"5","systemTime":"2021-07-21T19:45:34.7662294Z","eventRecordID":"298155","threadID":"3460","computer":"hrmanager.ExchangeTest.com","task":"1","processID":"2428","severityValue":"INFORMATION","providerName":"Microsoft-Windows-Sysmon"}}}
rule = 92026
alert = 14
decoder = json

[add base 64 string to registry using reg.exe]
log 1 pass = {"win":{"eventdata":{"originalFileName":"reg.exe","image":"C:\\\\Windows\\\\System32\\\\reg.exe","product":"Microsoft® Windows® Operating System","parentProcessGuid":"{4dc16835-387f-6110-ef44-160000000000}","description":"Registry Console Tool","logonGuid":"{4dc16835-3832-6110-5bcc-0a0000000000}","parentCommandLine":"\\\"C:\\\\Windows\\\\System32\\\\cmd.exe\\\"","processGuid":"{4dc16835-38ea-6110-b7f6-220000000000}","logonId":"0xacc5b","parentProcessId":"5476","processId":"3148","currentDirectory":"C:\\\\Windows\\\\system32\\\\","utcTime":"2021-08-08 20:04:58.696","hashes":"SHA1=C0DB341DEFA8EF40C03ED769A9001D600E0F4DAE,MD5=227F63E1D9008B36BDBCC4B397780BE4,SHA256=C0E25B1F9B22DE445298C1E96DDFCEAD265CA030FA6626F61A4A4786CC4A3B7D,IMPHASH=BE482BE427FE212CFEF2CDA0E61F19AC","parentImage":"C:\\\\Windows\\\\System32\\\\cmd.exe","ruleName":"technique_id=T1112,technique_name=Modify Registry","company":"Microsoft Corporation","commandLine":"REG  ADD \\\"HKCU\\\\Software\\\\InternetExplorer\\\\AppDataLow\\\\Software\\\\Microsoft\\\\InternetExplorer\\\" /v \\\"{018247B2CAC14652E}\\\" /t REG_SZ /d UnVsZSBjcmVhdGVkIGJ5IEZhYnJpY2lvIEJydW5ldHRp","integrityLevel":"Medium","fileVersion":"10.0.19041.1 (WinBuild.160101.0800)","user":"EXCHANGETEST\\\\AtomicRed","terminalSessionId":"1"},"system":{"eventID":"1","keywords":"0x8000000000000000","providerGuid":"{5770385f-c22a-43e0-bf4c-06f5698ffbd9}","level":"4","channel":"Microsoft-Windows-Sysmon/Operational","opcode":"0","message":"\"Process Create:\r\nRuleName: technique_id=T1112,technique_name=Modify Registry\r\nUtcTime: 2021-08-08 20:04:58.696\r\nProcessGuid: {4dc16835-38ea-6110-b7f6-220000000000}\r\nProcessId: 3148\r\nImage: C:\\Windows\\System32\\reg.exe\r\nFileVersion: 10.0.19041.1 (WinBuild.160101.0800)\r\nDescription: Registry Console Tool\r\nProduct: Microsoft® Windows® Operating System\r\nCompany: Microsoft Corporation\r\nOriginalFileName: reg.exe\r\nCommandLine: REG  ADD \"HKCU\\Software\\InternetExplorer\\AppDataLow\\Software\\Microsoft\\InternetExplorer\" /v \"{018247B2CAC14652E}\" /t REG_SZ /d UnVsZSBjcmVhdGVkIGJ5IEZhYnJpY2lvIEJydW5ldHRp\r\nCurrentDirectory: C:\\Windows\\system32\\\r\nUser: EXCHANGETEST\\AtomicRed\r\nLogonGuid: {4dc16835-3832-6110-5bcc-0a0000000000}\r\nLogonId: 0xACC5B\r\nTerminalSessionId: 1\r\nIntegrityLevel: Medium\r\nHashes: SHA1=C0DB341DEFA8EF40C03ED769A9001D600E0F4DAE,MD5=227F63E1D9008B36BDBCC4B397780BE4,SHA256=C0E25B1F9B22DE445298C1E96DDFCEAD265CA030FA6626F61A4A4786CC4A3B7D,IMPHASH=BE482BE427FE212CFEF2CDA0E61F19AC\r\nParentProcessGuid: {4dc16835-387f-6110-ef44-160000000000}\r\nParentProcessId: 5476\r\nParentImage: C:\\Windows\\System32\\cmd.exe\r\nParentCommandLine: \"C:\\Windows\\System32\\cmd.exe\" \"","version":"5","systemTime":"2021-08-08T20:04:58.6993877Z","eventRecordID":"322805","threadID":"3860","computer":"hrmanager.ExchangeTest.com","task":"1","processID":"2284","severityValue":"INFORMATION","providerName":"Microsoft-Windows-Sysmon"}}}
rule = 92041
alert = 10
decoder = json

[add VNC firewall rule]
log 1 pass = {"win":{"eventdata":{"originalFileName":"netsh.exe","image":"C:\\\\Windows\\\\System32\\\\netsh.exe","product":"Microsoft® Windows® Operating System","parentProcessGuid":"{4dc16835-02d8-60fa-f5a3-300000000000}","description":"Network Command Shell","logonGuid":"{4dc16835-02d7-60fa-a599-300000000000}","parentCommandLine":"cmd.exe /c netsh advfirewall firewall add rule name='Service Host' dir=in action=allow protocol=TCP localport=5900","processGuid":"{4dc16835-02d9-60fa-3db5-300000000000}","logonId":"0x3099a5","parentProcessId":"6432","processId":"4448","currentDirectory":"C:\\\\Windows\\\\system32\\\\","utcTime":"2021-07-22 23:44:25.211","hashes":"SHA1=9184E64C36629A1DCEF084E19CC3E3BEF78F2D7B,MD5=6F1E6DD688818BC3D1391D0CC7D597EB,SHA256=6B691B06FA865F52C9484EF4F10E2E02ED6D7C3A3F474B8B138A33AF7258B2A9,IMPHASH=90B4317BE51850B8EF9F14EB56FB7DDC","parentImage":"C:\\\\Windows\\\\System32\\\\cmd.exe","ruleName":"technique_id=T1063,technique_name=Security Software Discovery","company":"Microsoft Corporation","commandLine":"netsh  advfirewall firewall add rule name='Service Host' dir=in action=allow protocol=TCP localport=5900","integrityLevel":"High","fileVersion":"10.0.19041.1 (WinBuild.160101.0800)","user":"EXCHANGETEST\\\\Administrator","terminalSessionId":"1"},"system":{"eventID":"1","keywords":"0x8000000000000000","providerGuid":"{5770385f-c22a-43e0-bf4c-06f5698ffbd9}","level":"4","channel":"Microsoft-Windows-Sysmon/Operational","opcode":"0","message":"\"Process Create:\r\nRuleName: technique_id=T1063,technique_name=Security Software Discovery\r\nUtcTime: 2021-07-22 23:44:25.211\r\nProcessGuid: {4dc16835-02d9-60fa-3db5-300000000000}\r\nProcessId: 4448\r\nImage: C:\\Windows\\System32\\netsh.exe\r\nFileVersion: 10.0.19041.1 (WinBuild.160101.0800)\r\nDescription: Network Command Shell\r\nProduct: Microsoft® Windows® Operating System\r\nCompany: Microsoft Corporation\r\nOriginalFileName: netsh.exe\r\nCommandLine: netsh  advfirewall firewall add rule name='Service Host' dir=in action=allow protocol=TCP localport=5900\r\nCurrentDirectory: C:\\Windows\\system32\\\r\nUser: EXCHANGETEST\\Administrator\r\nLogonGuid: {4dc16835-02d7-60fa-a599-300000000000}\r\nLogonId: 0x3099A5\r\nTerminalSessionId: 1\r\nIntegrityLevel: High\r\nHashes: SHA1=9184E64C36629A1DCEF084E19CC3E3BEF78F2D7B,MD5=6F1E6DD688818BC3D1391D0CC7D597EB,SHA256=6B691B06FA865F52C9484EF4F10E2E02ED6D7C3A3F474B8B138A33AF7258B2A9,IMPHASH=90B4317BE51850B8EF9F14EB56FB7DDC\r\nParentProcessGuid: {4dc16835-02d8-60fa-f5a3-300000000000}\r\nParentProcessId: 6432\r\nParentImage: C:\\Windows\\System32\\cmd.exe\r\nParentCommandLine: cmd.exe /c netsh advfirewall firewall add rule name='Service Host' dir=in action=allow protocol=TCP localport=5900\"","version":"5","systemTime":"2021-07-22T23:44:25.2143624Z","eventRecordID":"302277","threadID":"3456","computer":"hrmanager.ExchangeTest.com","task":"1","processID":"2320","severityValue":"INFORMATION","providerName":"Microsoft-Windows-Sysmon"}}}
rule = 92044
alert = 14
decoder = json

[Modified registry with suspicious file]
log 1 pass = {"win":{"eventdata":{"originalFileName":"reg.exe","image":"C:\\\\Windows\\\\System32\\\\reg.exe","product":"Microsoft® Windows® Operating System","parentProcessGuid":"{4dc16835-06bf-60fa-134e-3a0000000000}","description":"Registry Console Tool","logonGuid":"{4dc16835-06be-60fa-bb4a-3a0000000000}","parentCommandLine":"cmd.exe /c reg.exe IMPORT C:\\\\Users\\\\Public\\\\vnc-settings.reg","processGuid":"{4dc16835-06c0-60fa-6c5a-3a0000000000}","logonId":"0x3a4abb","parentProcessId":"5404","processId":"6060","currentDirectory":"C:\\\\Windows\\\\system32\\\\","utcTime":"2021-07-23 00:01:04.005","hashes":"SHA1=C0DB341DEFA8EF40C03ED769A9001D600E0F4DAE,MD5=227F63E1D9008B36BDBCC4B397780BE4,SHA256=C0E25B1F9B22DE445298C1E96DDFCEAD265CA030FA6626F61A4A4786CC4A3B7D,IMPHASH=BE482BE427FE212CFEF2CDA0E61F19AC","parentImage":"C:\\\\Windows\\\\System32\\\\cmd.exe","ruleName":"technique_id=T1112,technique_name=Modify Registry","company":"Microsoft Corporation","commandLine":"reg.exe  IMPORT C:\\\\Users\\\\Public\\\\vnc-settings.reg","integrityLevel":"High","fileVersion":"10.0.19041.1 (WinBuild.160101.0800)","user":"EXCHANGETEST\\\\Administrator","terminalSessionId":"1"},"system":{"eventID":"1","keywords":"0x8000000000000000","providerGuid":"{5770385f-c22a-43e0-bf4c-06f5698ffbd9}","level":"4","channel":"Microsoft-Windows-Sysmon/Operational","opcode":"0","message":"\"Process Create:\r\nRuleName: technique_id=T1112,technique_name=Modify Registry\r\nUtcTime: 2021-07-23 00:01:04.005\r\nProcessGuid: {4dc16835-06c0-60fa-6c5a-3a0000000000}\r\nProcessId: 6060\r\nImage: C:\\Windows\\System32\\reg.exe\r\nFileVersion: 10.0.19041.1 (WinBuild.160101.0800)\r\nDescription: Registry Console Tool\r\nProduct: Microsoft® Windows® Operating System\r\nCompany: Microsoft Corporation\r\nOriginalFileName: reg.exe\r\nCommandLine: reg.exe  IMPORT C:\\Users\\Public\\vnc-settings.reg\r\nCurrentDirectory: C:\\Windows\\system32\\\r\nUser: EXCHANGETEST\\Administrator\r\nLogonGuid: {4dc16835-06be-60fa-bb4a-3a0000000000}\r\nLogonId: 0x3A4ABB\r\nTerminalSessionId: 1\r\nIntegrityLevel: High\r\nHashes: SHA1=C0DB341DEFA8EF40C03ED769A9001D600E0F4DAE,MD5=227F63E1D9008B36BDBCC4B397780BE4,SHA256=C0E25B1F9B22DE445298C1E96DDFCEAD265CA030FA6626F61A4A4786CC4A3B7D,IMPHASH=BE482BE427FE212CFEF2CDA0E61F19AC\r\nParentProcessGuid: {4dc16835-06bf-60fa-134e-3a0000000000}\r\nParentProcessId: 5404\r\nParentImage: C:\\Windows\\System32\\cmd.exe\r\nParentCommandLine: cmd.exe /c reg.exe IMPORT C:\\Users\\Public\\vnc-settings.reg\"","version":"5","systemTime":"2021-07-23T00:01:04.0096631Z","eventRecordID":"302543","threadID":"3456","computer":"hrmanager.ExchangeTest.com","task":"1","processID":"2320","severityValue":"INFORMATION","providerName":"Microsoft-Windows-Sysmon"}}}
rule = 92045
alert = 14
decoder = json

[Powershell executes script from suspicious path]
log 1 pass = {"win":{"eventdata":{"originalFileName":"PowerShell.EXE","image":"C:\\\\Windows\\\\System32\\\\WindowsPowerShell\\\\v1.0\\\\powershell.exe","product":"Microsoft® Windows® Operating System","parentProcessGuid":"{4dc16835-fc27-6140-8277-6d0000000000}","description":"Windows PowerShell","logonGuid":"{4dc16835-face-6140-b05f-3d0000000000}","parentCommandLine":"powershell  -ExecutionPolicy Bypass -NoExit .\\\\meta.ps1","processGuid":"{4dc16835-0124-6141-07ac-de0000000000}","logonId":"0x3d5fb0","parentProcessId":"6760","processId":"7152","currentDirectory":"C:\\\\Users\\\\AtomicRed\\\\Downloads\\\\","utcTime":"2021-09-14 20:08:04.834","hashes":"SHA1=F43D9BB316E30AE1A3494AC5B0624F6BEA1BF054,MD5=04029E121A0CFA5991749937DD22A1D9,SHA256=9F914D42706FE215501044ACD85A32D58AAEF1419D404FDDFA5D3B48F66CCD9F,IMPHASH=7C955A0ABC747F57CCC4324480737EF7","parentImage":"C:\\\\Windows\\\\System32\\\\WindowsPowerShell\\\\v1.0\\\\powershell.exe","ruleName":"technique_id=T1086,technique_name=PowerShell","company":"Microsoft Corporation","commandLine":"powershell.exe -c C:\\\\Users\\\\AtomicRed\\\\AppData\\\\Roaming\\\\TransbaseOdbcDriver\\\\rad353F7.ps1","integrityLevel":"High","fileVersion":"10.0.19041.546 (WinBuild.160101.0800)","user":"EXCHANGETEST\\\\AtomicRed","terminalSessionId":"2"},"system":{"eventID":"1","keywords":"0x8000000000000000","providerGuid":"{5770385f-c22a-43e0-bf4c-06f5698ffbd9}","level":"4","channel":"Microsoft-Windows-Sysmon/Operational","opcode":"0","message":"\"Process Create:\r\nRuleName: technique_id=T1086,technique_name=PowerShell\r\nUtcTime: 2021-09-14 20:08:04.834\r\nProcessGuid: {4dc16835-0124-6141-07ac-de0000000000}\r\nProcessId: 7152\r\nImage: C:\\Windows\\System32\\WindowsPowerShell\\v1.0\\powershell.exe\r\nFileVersion: 10.0.19041.546 (WinBuild.160101.0800)\r\nDescription: Windows PowerShell\r\nProduct: Microsoft® Windows® Operating System\r\nCompany: Microsoft Corporation\r\nOriginalFileName: PowerShell.EXE\r\nCommandLine: powershell.exe -c C:\\Users\\AtomicRed\\AppData\\Roaming\\TransbaseOdbcDriver\\rad353F7.ps1\r\nCurrentDirectory: C:\\Users\\AtomicRed\\Downloads\\\r\nUser: EXCHANGETEST\\AtomicRed\r\nLogonGuid: {4dc16835-face-6140-b05f-3d0000000000}\r\nLogonId: 0x3D5FB0\r\nTerminalSessionId: 2\r\nIntegrityLevel: High\r\nHashes: SHA1=F43D9BB316E30AE1A3494AC5B0624F6BEA1BF054,MD5=04029E121A0CFA5991749937DD22A1D9,SHA256=9F914D42706FE215501044ACD85A32D58AAEF1419D404FDDFA5D3B48F66CCD9F,IMPHASH=7C955A0ABC747F57CCC4324480737EF7\r\nParentProcessGuid: {4dc16835-fc27-6140-8277-6d0000000000}\r\nParentProcessId: 6760\r\nParentImage: C:\\Windows\\System32\\WindowsPowerShell\\v1.0\\powershell.exe\r\nParentCommandLine: powershell  -ExecutionPolicy Bypass -NoExit .\\meta.ps1\"","version":"5","systemTime":"2021-09-14T20:08:04.8361828Z","eventRecordID":"360340","threadID":"3756","computer":"hrmanager.ExchangeTest.com","task":"1","processID":"2664","severityValue":"INFORMATION","providerName":"Microsoft-Windows-Sysmon"}}}
rule = 92029
alert = 6
decoder = json

[Suspicious windows cmd shell execution]
log 1 pass = {"win":{"eventdata":{"originalFileName":"calc.exe","image":"C:\\\\Users\\\\AtomicRed\\\\AppData\\\\Roaming\\\\TransbaseOdbcDriver\\\\smrs.exe","product":"EVALS CALC","parentProcessGuid":"{4dc16835-052b-6141-b91c-ea0000000000}","description":"Calc for Windows","logonGuid":"{4dc16835-face-6140-b05f-3d0000000000}","parentCommandLine":"\\\"cmd.exe\\\" /C C:\\\\Users\\\\AtomicRed\\\\AppData\\\\Roaming\\\\TransbaseOdbcDriver\\\\smrs.exe &gt; C:\\\\Users\\\\AtomicRed\\\\AppData\\\\Roaming\\\\TransbaseOdbcDriver\\\\MGsCOxPSNK.txt","processGuid":"{4dc16835-052b-6141-bc2f-ea0000000000}","logonId":"0x3d5fb0","parentProcessId":"3348","processId":"6004","currentDirectory":"C:\\\\Users\\\\AtomicRed\\\\Downloads\\\\","utcTime":"2021-09-14 20:25:15.285","hashes":"SHA1=4051AED37DA66751A835B8A8036837A57D121363,MD5=52EC16A75AE1B6810AFD2C5260C8DE3B,SHA256=33A15DA56CF3849A0AFCBA6188919289B64B303DCFC162D40A2386083ED7A6A3,IMPHASH=255DECF44F8564B14D231ACDFCC817EC","parentImage":"C:\\\\Windows\\\\System32\\\\cmd.exe","ruleName":"technique_id=T1059,technique_name=Command-Line Interface","company":"EVALS","commandLine":"C:\\\\Users\\\\AtomicRed\\\\AppData\\\\Roaming\\\\TransbaseOdbcDriver\\\\smrs.exe","integrityLevel":"High","fileVersion":"2.2.2.2","user":"EXCHANGETEST\\\\AtomicRed","terminalSessionId":"2"},"system":{"eventID":"1","keywords":"0x8000000000000000","providerGuid":"{5770385f-c22a-43e0-bf4c-06f5698ffbd9}","level":"4","channel":"Microsoft-Windows-Sysmon/Operational","opcode":"0","message":"\"Process Create:\r\nRuleName: technique_id=T1059,technique_name=Command-Line Interface\r\nUtcTime: 2021-09-14 20:25:15.285\r\nProcessGuid: {4dc16835-052b-6141-bc2f-ea0000000000}\r\nProcessId: 6004\r\nImage: C:\\Users\\AtomicRed\\AppData\\Roaming\\TransbaseOdbcDriver\\smrs.exe\r\nFileVersion: 2.2.2.2\r\nDescription: Calc for Windows\r\nProduct: EVALS CALC\r\nCompany: EVALS\r\nOriginalFileName: calc.exe\r\nCommandLine: C:\\Users\\AtomicRed\\AppData\\Roaming\\TransbaseOdbcDriver\\smrs.exe  \r\nCurrentDirectory: C:\\Users\\AtomicRed\\Downloads\\\r\nUser: EXCHANGETEST\\AtomicRed\r\nLogonGuid: {4dc16835-face-6140-b05f-3d0000000000}\r\nLogonId: 0x3D5FB0\r\nTerminalSessionId: 2\r\nIntegrityLevel: High\r\nHashes: SHA1=4051AED37DA66751A835B8A8036837A57D121363,MD5=52EC16A75AE1B6810AFD2C5260C8DE3B,SHA256=33A15DA56CF3849A0AFCBA6188919289B64B303DCFC162D40A2386083ED7A6A3,IMPHASH=255DECF44F8564B14D231ACDFCC817EC\r\nParentProcessGuid: {4dc16835-052b-6141-b91c-ea0000000000}\r\nParentProcessId: 3348\r\nParentImage: C:\\Windows\\System32\\cmd.exe\r\nParentCommandLine: \"cmd.exe\" /C C:\\Users\\AtomicRed\\AppData\\Roaming\\TransbaseOdbcDriver\\smrs.exe > C:\\Users\\AtomicRed\\AppData\\Roaming\\TransbaseOdbcDriver\\MGsCOxPSNK.txt\"","version":"5","systemTime":"2021-09-14T20:25:15.3105073Z","eventRecordID":"360653","threadID":"3756","computer":"hrmanager.ExchangeTest.com","task":"1","processID":"2664","severityValue":"INFORMATION","providerName":"Microsoft-Windows-Sysmon"}}}
rule = 92032
alert = 3
decoder = json

[Fodhelper UAC bypass]
log 1 pass = {"win":{"eventdata":{"originalFileName":"Cmd.Exe","image":"C:\\\\Windows\\\\System32\\\\cmd.exe","product":"Microsoft® Windows® Operating System","parentProcessGuid":"{4dc16835-0127-6141-4fd9-de0000000000}","description":"Windows Command Processor","logonGuid":"{4dc16835-face-6140-b05f-3d0000000000}","parentCommandLine":"\\\"C:\\\\Windows\\\\system32\\\\fodhelper.exe\\\"","processGuid":"{4dc16835-0127-6141-68f0-de0000000000}","logonId":"0x3d5fb0","parentProcessId":"6072","processId":"5336","currentDirectory":"C:\\\\Users\\\\AtomicRed\\\\Downloads\\\\","utcTime":"2021-09-14 20:08:07.789","hashes":"SHA1=F1EFB0FDDC156E4C61C5F78A54700E4E7984D55D,MD5=8A2122E8162DBEF04694B9C3E0B6CDEE,SHA256=B99D61D874728EDC0918CA0EB10EAB93D381E7367E377406E65963366C874450,IMPHASH=272245E2988E1E430500B852C4FB5E18","parentImage":"C:\\\\Windows\\\\System32\\\\fodhelper.exe","ruleName":"technique_id=T1548.002,technique_name=Bypass User Access Control","company":"Microsoft Corporation","commandLine":"\\\"cmd.exe\\\" /C C:\\\\Users\\\\kmitnick.FINANCIAL\\\\AppData\\\\Roaming\\\\TransbaseOdbcDriver\\\\smrs.exe &gt; C:\\\\Users\\\\kmitnick.financial\\\\AppData\\\\Roaming\\\\TransbaseOdbcDriver\\\\MGsCOxPSNK.txt","integrityLevel":"High","fileVersion":"10.0.19041.746 (WinBuild.160101.0800)","user":"EXCHANGETEST\\\\AtomicRed","terminalSessionId":"2"},"system":{"eventID":"1","keywords":"0x8000000000000000","providerGuid":"{5770385f-c22a-43e0-bf4c-06f5698ffbd9}","level":"4","channel":"Microsoft-Windows-Sysmon/Operational","opcode":"0","message":"\"Process Create:\r\nRuleName: technique_id=T1548.002,technique_name=Bypass User Access Control\r\nUtcTime: 2021-09-14 20:08:07.789\r\nProcessGuid: {4dc16835-0127-6141-68f0-de0000000000}\r\nProcessId: 5336\r\nImage: C:\\Windows\\System32\\cmd.exe\r\nFileVersion: 10.0.19041.746 (WinBuild.160101.0800)\r\nDescription: Windows Command Processor\r\nProduct: Microsoft® Windows® Operating System\r\nCompany: Microsoft Corporation\r\nOriginalFileName: Cmd.Exe\r\nCommandLine: \"cmd.exe\" /C C:\\Users\\kmitnick.FINANCIAL\\AppData\\Roaming\\TransbaseOdbcDriver\\smrs.exe > C:\\Users\\kmitnick.financial\\AppData\\Roaming\\TransbaseOdbcDriver\\MGsCOxPSNK.txt\r\nCurrentDirectory: C:\\Users\\AtomicRed\\Downloads\\\r\nUser: EXCHANGETEST\\AtomicRed\r\nLogonGuid: {4dc16835-face-6140-b05f-3d0000000000}\r\nLogonId: 0x3D5FB0\r\nTerminalSessionId: 2\r\nIntegrityLevel: High\r\nHashes: SHA1=F1EFB0FDDC156E4C61C5F78A54700E4E7984D55D,MD5=8A2122E8162DBEF04694B9C3E0B6CDEE,SHA256=B99D61D874728EDC0918CA0EB10EAB93D381E7367E377406E65963366C874450,IMPHASH=272245E2988E1E430500B852C4FB5E18\r\nParentProcessGuid: {4dc16835-0127-6141-4fd9-de0000000000}\r\nParentProcessId: 6072\r\nParentImage: C:\\Windows\\System32\\fodhelper.exe\r\nParentCommandLine: \"C:\\Windows\\system32\\fodhelper.exe\" \"","version":"5","systemTime":"2021-09-14T20:08:07.7990760Z","eventRecordID":"360362","threadID":"3756","computer":"hrmanager.ExchangeTest.com","task":"1","processID":"2664","severityValue":"INFORMATION","providerName":"Microsoft-Windows-Sysmon"}}}
rule = 92046
alert = 12
decoder = json

[Word mshta execution]
