log 1 pass = {"win":{"eventdata":{"originalFileName":"MSHTA.EXE","image":"C:\\\\Windows\\\\SysWOW64\\\\mshta.exe","product":"Internet Explorer","parentProcessGuid":"{4dc16835-8cd1-614b-1585-cc0000000000}","description":"Microsoft (R) HTML Application host","logonGuid":"{4dc16835-7259-614b-a2b6-1b0000000000}","parentCommandLine":"\\\"C:\\\\Program Files (x86)\\\\Microsoft Office\\\\Root\\\\Office16\\\\WINWORD.EXE\\\" /n \\\"C:\\\\Users\\\\AtomicRed\\\\Desktop\\\\2-list.rtf\\\" /o \\\"\\\"","processGuid":"{4dc16835-8cdf-614b-90f6-cf0000000000}","logonId":"0x1bb6a2","parentProcessId":"8108","processId":"7736","currentDirectory":"C:\\\\Users\\\\AtomicRed\\\\Desktop\\\\","utcTime":"2021-09-22 20:06:55.823","hashes":"SHA1=089B8363EB686C8D055EC2C4E5899FDD450EF77D,MD5=06B02D5C097C7DB1F109749C45F3F505,SHA256=213AB5658E44F2A111C5E4CFFA043660BC49307EBB1B7EEDD21DBDDCA5DA41AC,IMPHASH=EE4E4A67C3E30B424AA8A1C9C579181F","parentImage":"C:\\\\Program Files (x86)\\\\Microsoft Office\\\\root\\\\Office16\\\\WINWORD.EXE","ruleName":"technique_id=T1170,technique_name=Mshta","company":"Microsoft Corporation","commandLine":"C:\\\\Windows\\\\SysWOW64\\\\mshta.exe vbscript:Execute(\\\"On Error Resume Next:set w=GetObject(,\\\"\\\"Wor\\\"\\\"+\\\"\\\"d.Application\\\"\\\"):execute w.ActiveDocument.Shapes(3).TextFrame.TextRange.Text:close\\\")","integrityLevel":"Medium","fileVersion":"11.00.19041.1 (WinBuild.160101.0800)","user":"EXCHANGETEST\\\\AtomicRed","terminalSessionId":"1"},"system":{"eventID":"1","keywords":"0x8000000000000000","providerGuid":"{5770385f-c22a-43e0-bf4c-06f5698ffbd9}","level":"4","channel":"Microsoft-Windows-Sysmon/Operational","opcode":"0","message":"\"Process Create:\r\nRuleName: technique_id=T1170,technique_name=Mshta\r\nUtcTime: 2021-09-22 20:06:55.823\r\nProcessGuid: {4dc16835-8cdf-614b-90f6-cf0000000000}\r\nProcessId: 7736\r\nImage: C:\\Windows\\SysWOW64\\mshta.exe\r\nFileVersion: 11.00.19041.1 (WinBuild.160101.0800)\r\nDescription: Microsoft (R) HTML Application host\r\nProduct: Internet Explorer\r\nCompany: Microsoft Corporation\r\nOriginalFileName: MSHTA.EXE\r\nCommandLine: C:\\Windows\\SysWOW64\\mshta.exe vbscript:Execute(\"On Error Resume Next:set w=GetObject(,\"\"Wor\"\"+\"\"d.Application\"\"):execute w.ActiveDocument.Shapes(3).TextFrame.TextRange.Text:close\")\r\nCurrentDirectory: C:\\Users\\AtomicRed\\Desktop\\\r\nUser: EXCHANGETEST\\AtomicRed\r\nLogonGuid: {4dc16835-7259-614b-a2b6-1b0000000000}\r\nLogonId: 0x1BB6A2\r\nTerminalSessionId: 1\r\nIntegrityLevel: Medium\r\nHashes: SHA1=089B8363EB686C8D055EC2C4E5899FDD450EF77D,MD5=06B02D5C097C7DB1F109749C45F3F505,SHA256=213AB5658E44F2A111C5E4CFFA043660BC49307EBB1B7EEDD21DBDDCA5DA41AC,IMPHASH=EE4E4A67C3E30B424AA8A1C9C579181F\r\nParentProcessGuid: {4dc16835-8cd1-614b-1585-cc0000000000}\r\nParentProcessId: 8108\r\nParentImage: C:\\Program Files (x86)\\Microsoft Office\\root\\Office16\\WINWORD.EXE\r\nParentCommandLine: \"C:\\Program Files (x86)\\Microsoft Office\\Root\\Office16\\WINWORD.EXE\" /n \"C:\\Users\\AtomicRed\\Desktop\\2-list.rtf\" /o \"\"\"","version":"5","systemTime":"2021-09-22T20:06:55.8265758Z","eventRecordID":"385167","threadID":"3560","computer":"hrmanager.ExchangeTest.com","task":"1","processID":"2736","severityValue":"INFORMATION","providerName":"Microsoft-Windows-Sysmon"}}}
rule = 92048
alert = 15
decoder = json

[Office application invoked Verclsid.exe]
log 1 pass = {"win":{"eventdata":{"originalFileName":"verclsid.exe","image":"C:\\\\Windows\\\\SysWOW64\\\\verclsid.exe","product":"Microsoft® Windows® Operating System","parentProcessGuid":"{4dc16835-8cd1-614b-1585-cc0000000000}","description":"Extension CLSID Verification Host","logonGuid":"{4dc16835-7259-614b-a2b6-1b0000000000}","parentCommandLine":"\\\"C:\\\\Program Files (x86)\\\\Microsoft Office\\\\Root\\\\Office16\\\\WINWORD.EXE\\\" /n \\\"C:\\\\Users\\\\AtomicRed\\\\Desktop\\\\2-list.rtf\\\" /o \\\"\\\"","processGuid":"{4dc16835-8cdb-614b-2719-ce0000000000}","logonId":"0x1bb6a2","parentProcessId":"8108","processId":"6408","currentDirectory":"C:\\\\Users\\\\AtomicRed\\\\Desktop\\\\","utcTime":"2021-09-22 20:06:51.238","hashes":"SHA1=A2C097DB996DCAB5AC01D11DF4DDEEBC7D0F04B6,MD5=190A347DF06F8486F193ADA0E90B49C5,SHA256=5F6FD0BC72EB2E71918241213E97DCD8FD0DE2887A36BE58B769E8C5A4FF8598,IMPHASH=BDC7940F5DE0DB2F5978F34E0BD82FF0","parentImage":"C:\\\\Program Files (x86)\\\\Microsoft Office\\\\root\\\\Office16\\\\WINWORD.EXE","ruleName":"technique_id=T1218,technique_name=Signed Binary Proxy Execution","company":"Microsoft Corporation","commandLine":"C:\\\\Windows\\\\SysWOW64\\\\verclsid.exe /S /C {00021401-0000-0000-C000-000000000046} /I {00000112-0000-0000-C000-000000000046} /X 0x5","integrityLevel":"Medium","fileVersion":"10.0.19041.1 (WinBuild.160101.0800)","user":"EXCHANGETEST\\\\AtomicRed","terminalSessionId":"1"},"system":{"eventID":"1","keywords":"0x8000000000000000","providerGuid":"{5770385f-c22a-43e0-bf4c-06f5698ffbd9}","level":"4","channel":"Microsoft-Windows-Sysmon/Operational","opcode":"0","message":"\"Process Create:\r\nRuleName: technique_id=T1218,technique_name=Signed Binary Proxy Execution\r\nUtcTime: 2021-09-22 20:06:51.238\r\nProcessGuid: {4dc16835-8cdb-614b-2719-ce0000000000}\r\nProcessId: 6408\r\nImage: C:\\Windows\\SysWOW64\\verclsid.exe\r\nFileVersion: 10.0.19041.1 (WinBuild.160101.0800)\r\nDescription: Extension CLSID Verification Host\r\nProduct: Microsoft® Windows® Operating System\r\nCompany: Microsoft Corporation\r\nOriginalFileName: verclsid.exe\r\nCommandLine: C:\\Windows\\SysWOW64\\verclsid.exe /S /C {00021401-0000-0000-C000-000000000046} /I {00000112-0000-0000-C000-000000000046} /X 0x5\r\nCurrentDirectory: C:\\Users\\AtomicRed\\Desktop\\\r\nUser: EXCHANGETEST\\AtomicRed\r\nLogonGuid: {4dc16835-7259-614b-a2b6-1b0000000000}\r\nLogonId: 0x1BB6A2\r\nTerminalSessionId: 1\r\nIntegrityLevel: Medium\r\nHashes: SHA1=A2C097DB996DCAB5AC01D11DF4DDEEBC7D0F04B6,MD5=190A347DF06F8486F193ADA0E90B49C5,SHA256=5F6FD0BC72EB2E71918241213E97DCD8FD0DE2887A36BE58B769E8C5A4FF8598,IMPHASH=BDC7940F5DE0DB2F5978F34E0BD82FF0\r\nParentProcessGuid: {4dc16835-8cd1-614b-1585-cc0000000000}\r\nParentProcessId: 8108\r\nParentImage: C:\\Program Files (x86)\\Microsoft Office\\root\\Office16\\WINWORD.EXE\r\nParentCommandLine: \"C:\\Program Files (x86)\\Microsoft Office\\Root\\Office16\\WINWORD.EXE\" /n \"C:\\Users\\AtomicRed\\Desktop\\2-list.rtf\" /o \"\"\"","version":"5","systemTime":"2021-09-22T20:06:51.2507253Z","eventRecordID":"385146","threadID":"3560","computer":"hrmanager.ExchangeTest.com","task":"1","processID":"2736","severityValue":"INFORMATION","providerName":"Microsoft-Windows-Sysmon"}}}
rule = 92050
alert = 12
decoder = json

[Executed a renamed copy of wscript.exe]
log 1 pass = {"win":{"eventdata":{"originalFileName":"wscript.exe","image":"C:\\\\Users\\\\AtomicRed\\\\AppData\\\\Local\\\\adb156.exe","product":"Microsoft ® Windows Script Host","parentProcessGuid":"{00000000-0000-0000-0000-000000000000}","description":"Microsoft ® Windows Based Script Host","logonGuid":"{4dc16835-7259-614b-a2b6-1b0000000000}","processGuid":"{4dc16835-8e0d-614b-1d56-d70000000000}","logonId":"0x1bb6a2","parentProcessId":"492","processId":"2284","currentDirectory":"C:\\\\Windows\\\\system32\\\\","utcTime":"2021-09-22 20:11:57.014","hashes":"SHA1=C2326CC50A739D3BC512BB65A24D42F1CDE745C9,MD5=FF00E0480075B095948000BDC66E81F0,SHA256=8C767077BB410F95B1DB237B31F4F6E1512C78C1F0120DE3F215B501F6D1C7EA,IMPHASH=3602F3C025378F418F804C5D183603FE","ruleName":"technique_id=T1202,technique_name=Indirect Command Execution","company":"Microsoft Corporation","commandLine":"C:\\\\Users\\\\AtomicRed\\\\AppData\\\\Local\\\\adb156.exe /b /e:jscript C:\\\\Users\\\\AtomicRed\\\\AppData\\\\Local\\\\sql-rat.js","integrityLevel":"Medium","fileVersion":"5.812.10240.16384","user":"EXCHANGETEST\\\\AtomicRed","terminalSessionId":"1"},"system":{"eventID":"1","keywords":"0x8000000000000000","providerGuid":"{5770385f-c22a-43e0-bf4c-06f5698ffbd9}","level":"4","channel":"Microsoft-Windows-Sysmon/Operational","opcode":"0","message":"\"Process Create:\r\nRuleName: technique_id=T1202,technique_name=Indirect Command Execution\r\nUtcTime: 2021-09-22 20:11:57.014\r\nProcessGuid: {4dc16835-8e0d-614b-1d56-d70000000000}\r\nProcessId: 2284\r\nImage: C:\\Users\\AtomicRed\\AppData\\Local\\adb156.exe\r\nFileVersion: 5.812.10240.16384\r\nDescription: Microsoft ® Windows Based Script Host\r\nProduct: Microsoft ® Windows Script Host\r\nCompany: Microsoft Corporation\r\nOriginalFileName: wscript.exe\r\nCommandLine: C:\\Users\\AtomicRed\\AppData\\Local\\adb156.exe /b /e:jscript C:\\Users\\AtomicRed\\AppData\\Local\\sql-rat.js\r\nCurrentDirectory: C:\\Windows\\system32\\\r\nUser: EXCHANGETEST\\AtomicRed\r\nLogonGuid: {4dc16835-7259-614b-a2b6-1b0000000000}\r\nLogonId: 0x1BB6A2\r\nTerminalSessionId: 1\r\nIntegrityLevel: Medium\r\nHashes: SHA1=C2326CC50A739D3BC512BB65A24D42F1CDE745C9,MD5=FF00E0480075B095948000BDC66E81F0,SHA256=8C767077BB410F95B1DB237B31F4F6E1512C78C1F0120DE3F215B501F6D1C7EA,IMPHASH=3602F3C025378F418F804C5D183603FE\r\nParentProcessGuid: {00000000-0000-0000-0000-000000000000}\r\nParentProcessId: 492\r\nParentImage: -\r\nParentCommandLine: -\"","version":"5","systemTime":"2021-09-22T20:11:57.0180219Z","eventRecordID":"385388","threadID":"3560","computer":"hrmanager.ExchangeTest.com","task":"1","processID":"2736","severityValue":"INFORMATION","providerName":"Microsoft-Windows-Sysmon"}}}
rule = 92051
alert = 12
decoder = json

[Windows command prompt started by an abnormal process]
log 1 pass = {"win":{"eventdata":{"originalFileName":"Cmd.Exe","image":"C:\\\\Windows\\\\SysWOW64\\\\cmd.exe","product":"Microsoft® Windows® Operating System","parentProcessGuid":"{4dc16835-bbae-6154-f75a-270100000000}","description":"Windows Command Processor","logonGuid":"{4dc16835-6022-6154-b4d3-080000000000}","parentCommandLine":"adb156.exe","processGuid":"{4dc16835-bbbd-6154-4432-290100000000}","logonId":"0x8d3b4","parentProcessId":"3500","processId":"3520","currentDirectory":"C:\\\\Users\\\\AtomicRed\\\\AppData\\\\Local\\\\","utcTime":"2021-09-29 19:17:17.758","hashes":"SHA1=4048488DE6BA4BFEF9EDF103755519F1F762668F,MD5=D0FCE3AFA6AA1D58CE9FA336CC2B675B,SHA256=4D89FC34D5F0F9BABD022271C585A9477BF41E834E46B991DEAA0530FDB25E22,IMPHASH=392B4D61B1D1DADC1F06444DF258188A","parentImage":"C:\\\\Users\\\\AtomicRed\\\\AppData\\\\Local\\\\adb156.exe","ruleName":"technique_id=T1059,technique_name=Command-Line Interface","company":"Microsoft Corporation","commandLine":"\\\"C:\\\\Windows\\\\system32\\\\cmd.exe\\\" /C powershell.exe -ExecutionPolicy Bypass -NoExit -File C:\\\\Users\\\\AtomicRed\\\\AppData\\\\Local\\\\stager.ps1 &gt; C:\\\\Users\\\\ATOMIC~2\\\\AppData\\\\Local\\\\Temp\\\\radC5410.tmp 2&gt;&amp;1","integrityLevel":"Medium","fileVersion":"10.0.19041.746 (WinBuild.160101.0800)","user":"EXCHANGETEST\\\\AtomicRed","terminalSessionId":"1"},"system":{"eventID":"1","keywords":"0x8000000000000000","providerGuid":"{5770385f-c22a-43e0-bf4c-06f5698ffbd9}","level":"4","channel":"Microsoft-Windows-Sysmon/Operational","opcode":"0","message":"\"Process Create:\r\nRuleName: technique_id=T1059,technique_name=Command-Line Interface\r\nUtcTime: 2021-09-29 19:17:17.758\r\nProcessGuid: {4dc16835-bbbd-6154-4432-290100000000}\r\nProcessId: 3520\r\nImage: C:\\Windows\\SysWOW64\\cmd.exe\r\nFileVersion: 10.0.19041.746 (WinBuild.160101.0800)\r\nDescription: Windows Command Processor\r\nProduct: Microsoft® Windows® Operating System\r\nCompany: Microsoft Corporation\r\nOriginalFileName: Cmd.Exe\r\nCommandLine: \"C:\\Windows\\system32\\cmd.exe\" /C powershell.exe -ExecutionPolicy Bypass -NoExit -File C:\\Users\\AtomicRed\\AppData\\Local\\stager.ps1 > C:\\Users\\ATOMIC~2\\AppData\\Local\\Temp\\radC5410.tmp 2>&1\r\nCurrentDirectory: C:\\Users\\AtomicRed\\AppData\\Local\\\r\nUser: EXCHANGETEST\\AtomicRed\r\nLogonGuid: {4dc16835-6022-6154-b4d3-080000000000}\r\nLogonId: 0x8D3B4\r\nTerminalSessionId: 1\r\nIntegrityLevel: Medium\r\nHashes: SHA1=4048488DE6BA4BFEF9EDF103755519F1F762668F,MD5=D0FCE3AFA6AA1D58CE9FA336CC2B675B,SHA256=4D89FC34D5F0F9BABD022271C585A9477BF41E834E46B991DEAA0530FDB25E22,IMPHASH=392B4D61B1D1DADC1F06444DF258188A\r\nParentProcessGuid: {4dc16835-bbae-6154-f75a-270100000000}\r\nParentProcessId: 3500\r\nParentImage: C:\\Users\\AtomicRed\\AppData\\Local\\adb156.exe\r\nParentCommandLine: adb156.exe /b /e:jscript sql-rat.js\"","version":"5","systemTime":"2021-09-29T19:17:17.7620274Z","eventRecordID":"397781","threadID":"3224","computer":"hrmanager.ExchangeTest.com","task":"1","processID":"2276","severityValue":"INFORMATION","providerName":"Microsoft-Windows-Sysmon"}}}
rule = 92052
alert = 4
decoder = json

[Suspicious process with a jscript engine signature launched]
log 1 pass = { "win": { "eventdata": { "originalFileName": "Cmd.Exe", "image": "C:\\\\Windows\\\\System32\\\\cmd.exe", "product": "Microsoft® Windows® Operating System", "parentProcessGuid": "{94f48244-1c92-6153-b501-000000000900}", "description": "Windows Command Processor", "logonGuid": "{94f48244-0278-6153-d847-020000000000}", "parentCommandLine": "C:\\\\Users\\\\chris\\\\AppData\\\\Local\\\\adb156.exe /b /e:jscript C:\\\\Users\\\\chris\\\\AppData\\\\Local\\\\sql-rat.js", "processGuid": "{94f48244-1e54-6153-c501-000000000900}", "logonId": "0x247d8", "parentProcessId": "5236", "processId": "3624", "currentDirectory": "C:\\\\Windows\\\\system32\\\\", "utcTime": "2021-09-28 13:53:24.910", "hashes": "SHA1=F1EFB0FDDC156E4C61C5F78A54700E4E7984D55D,MD5=8A2122E8162DBEF04694B9C3E0B6CDEE,SHA256=B99D61D874728EDC0918CA0EB10EAB93D381E7367E377406E65963366C874450,IMPHASH=272245E2988E1E430500B852C4FB5E18", "parentImage": "C:\\\\Users\\\\chris\\\\AppData\\\\Local\\\\adb156.exe", "ruleName": "technique_id=T1059,technique_name=Command-Line Interface", "company": "Microsoft Corporation", "commandLine": "\\\"C:\\\\Windows\\\\system32\\\\cmd.exe\\\" /C echo '[+] Upload Complete' &gt; C:\\\\Users\\\\chris\\\\AppData\\\\Local\\\\Temp\\\\radC3C5F.tmp 2&gt;&amp;1", "integrityLevel": "Medium", "fileVersion": "10.0.19041.746 (WinBuild.160101.0800)", "user": "DESKTOP-5F55T89\\\\chris", "terminalSessionId": "1" }, "system": { "eventID": "1", "keywords": "0x8000000000000000", "providerGuid": "{5770385f-c22a-43e0-bf4c-06f5698ffbd9}", "level": "4", "channel": "Microsoft-Windows-Sysmon/Operational", "opcode": "0", "message": "\"Process Create:\r\nRuleName: technique_id=T1059,technique_name=Command-Line Interface\r\nUtcTime: 2021-09-28 13:53:24.910\r\nProcessGuid: {94f48244-1e54-6153-c501-000000000900}\r\nProcessId: 3624\r\nImage: C:\\Windows\\System32\\cmd.exe\r\nFileVersion: 10.0.19041.746 (WinBuild.160101.0800)\r\nDescription: Windows Command Processor\r\nProduct: Microsoft® Windows® Operating System\r\nCompany: Microsoft Corporation\r\nOriginalFileName: Cmd.Exe\r\nCommandLine: \"C:\\Windows\\system32\\cmd.exe\" /C echo '[+] Upload Complete' > C:\\Users\\chris\\AppData\\Local\\Temp\\radC3C5F.tmp 2>&1\r\nCurrentDirectory: C:\\Windows\\system32\\\r\nUser: DESKTOP-5F55T89\\chris\r\nLogonGuid: {94f48244-0278-6153-d847-020000000000}\r\nLogonId: 0x247D8\r\nTerminalSessionId: 1\r\nIntegrityLevel: Medium\r\nHashes: SHA1=F1EFB0FDDC156E4C61C5F78A54700E4E7984D55D,MD5=8A2122E8162DBEF04694B9C3E0B6CDEE,SHA256=B99D61D874728EDC0918CA0EB10EAB93D381E7367E377406E65963366C874450,IMPHASH=272245E2988E1E430500B852C4FB5E18\r\nParentProcessGuid: {94f48244-1c92-6153-b501-000000000900}\r\nParentProcessId: 5236\r\nParentImage: C:\\Users\\chris\\AppData\\Local\\adb156.exe\r\nParentCommandLine: C:\\Users\\chris\\AppData\\Local\\adb156.exe /b /e:jscript C:\\Users\\chris\\AppData\\Local\\sql-rat.js\"", "version": "5", "systemTime": "2021-09-28T13:53:24.9138709Z", "eventRecordID": "1791", "threadID": "6676", "computer": "DESKTOP-5F55T89", "task": "1", "processID": "6284", "severityValue": "INFORMATION", "providerName": "Microsoft-Windows-Sysmon" } } }
rule = 92053
alert = 12
decoder = json

[net.exe domain discovery command]
log 1 pass = { "win": { "eventdata": { "originalFileName": "net.exe", "image": "C:\\\\Windows\\\\System32\\\\net.exe", "product": "Microsoft® Windows® Operating System", "parentProcessGuid": "{94f48244-1dc2-6153-c101-000000000900}", "description": "Net Command", "logonGuid": "{94f48244-0278-6153-d847-020000000000}", "parentCommandLine": "cmd.exe /c net view /domain hospitality.local 2&gt;&amp;1", "processGuid": "{94f48244-1dc3-6153-c401-000000000900}", "logonId": "0x247d8", "parentProcessId": "6860", "processId": "5476", "currentDirectory": "C:\\\\Windows\\\\system32\\\\", "utcTime": "2021-09-28 13:50:59.112", "hashes": "SHA1=88B101598CC6726B7A57D02B1FA95BE1B272A821,MD5=0BD94A338EEA5A4E1F2830AE326E6D19,SHA256=9F376759BCBCD705F726460FC4A7E2B07F310F52BAA73CAAAAA124FDDBDF993E,IMPHASH=57F0C47AE2A1A2C06C8B987372AB0B07", "parentImage": "C:\\\\Windows\\\\System32\\\\cmd.exe", "ruleName": "technique_id=T1018,technique_name=Remote System Discovery", "company": "Microsoft Corporation", "commandLine": "net  view /domain hospitality.local", "integrityLevel": "Medium", "fileVersion": "10.0.19041.1 (WinBuild.160101.0800)", "user": "DESKTOP-5F55T89\\\\chris", "terminalSessionId": "1" }, "system": { "eventID": "1", "keywords": "0x8000000000000000", "providerGuid": "{5770385f-c22a-43e0-bf4c-06f5698ffbd9}", "level": "4", "channel": "Microsoft-Windows-Sysmon/Operational", "opcode": "0", "message": "\"Process Create:\r\nRuleName: technique_id=T1018,technique_name=Remote System Discovery\r\nUtcTime: 2021-09-28 13:50:59.112\r\nProcessGuid: {94f48244-1dc3-6153-c401-000000000900}\r\nProcessId: 5476\r\nImage: C:\\Windows\\System32\\net.exe\r\nFileVersion: 10.0.19041.1 (WinBuild.160101.0800)\r\nDescription: Net Command\r\nProduct: Microsoft® Windows® Operating System\r\nCompany: Microsoft Corporation\r\nOriginalFileName: net.exe\r\nCommandLine: net  view /domain hospitality.local \r\nCurrentDirectory: C:\\Windows\\system32\\\r\nUser: DESKTOP-5F55T89\\chris\r\nLogonGuid: {94f48244-0278-6153-d847-020000000000}\r\nLogonId: 0x247D8\r\nTerminalSessionId: 1\r\nIntegrityLevel: Medium\r\nHashes: SHA1=88B101598CC6726B7A57D02B1FA95BE1B272A821,MD5=0BD94A338EEA5A4E1F2830AE326E6D19,SHA256=9F376759BCBCD705F726460FC4A7E2B07F310F52BAA73CAAAAA124FDDBDF993E,IMPHASH=57F0C47AE2A1A2C06C8B987372AB0B07\r\nParentProcessGuid: {94f48244-1dc2-6153-c101-000000000900}\r\nParentProcessId: 6860\r\nParentImage: C:\\Windows\\System32\\cmd.exe\r\nParentCommandLine: cmd.exe /c net view /domain hospitality.local 2>&1\"", "version": "5", "systemTime": "2021-09-28T13:50:59.1613047Z", "eventRecordID": "1781", "threadID": "6676", "computer": "DESKTOP-5F55T89", "task": "1", "processID": "6284", "severityValue": "INFORMATION", "providerName": "Microsoft-Windows-Sysmon" } } }
rule = 92035
alert = 3
decoder = json

[A SystemPropertiesAdvanced.exe binary was started by a suspicious Windows cmd shell.]
log 1 pass = { "win": { "eventdata": { "originalFileName": "SystemPropertiesAdvanced.EXE", "image": "C:\\\\Windows\\\\SysWOW64\\\\SystemPropertiesAdvanced.exe", "product": "Microsoft® Windows® Operating System", "parentProcessGuid": "{94f48244-c492-615e-ba00-000000001a00}", "description": "Advanced System Settings", "logonGuid": "{94f48244-c374-615e-b8f6-1b0000000000}", "parentCommandLine": "cmd.exe /c C:\\\\Windows\\\\Syswow64\\\\SystemPropertiesAdvanced.exe", "processGuid": "{94f48244-c497-615e-bc00-000000001a00}", "logonId": "0x1bf6b8", "parentProcessId": "2612", "processId": "3544", "currentDirectory": "C:\\\\Windows\\\\system32\\\\", "utcTime": "2021-10-07 09:57:43.466", "hashes": "SHA1=45526CE11BD5D10073B2DA21B608A8DFA652A80A,MD5=26230E6CBB94363405DCA88E06C96C12,SHA256=3C52E817A18EFD5670C1B8A2FEBBA53673DC70875271933C075116990EF0C255,IMPHASH=B788892AE84BA86201A726810F01CB07", "parentImage": "C:\\\\Windows\\\\System32\\\\cmd.exe", "ruleName": "technique_id=T1059,technique_name=Command-Line Interface", "company": "Microsoft Corporation", "commandLine": "C:\\\\Windows\\\\Syswow64\\\\SystemPropertiesAdvanced.exe", "integrityLevel": "High", "fileVersion": "10.0.19041.1 (WinBuild.160101.0800)", "user": "XRISBARNEY\\\\itadmin", "terminalSessionId": "1" }, "system": { "eventID": "1", "keywords": "0x8000000000000000", "providerGuid": "{5770385f-c22a-43e0-bf4c-06f5698ffbd9}", "level": "4", "channel": "Microsoft-Windows-Sysmon/Operational", "opcode": "0", "message": "\"Process Create:\r\nRuleName: technique_id=T1059,technique_name=Command-Line Interface\r\nUtcTime: 2021-10-07 09:57:43.466\r\nProcessGuid: {94f48244-c497-615e-bc00-000000001a00}\r\nProcessId: 3544\r\nImage: C:\\Windows\\SysWOW64\\SystemPropertiesAdvanced.exe\r\nFileVersion: 10.0.19041.1 (WinBuild.160101.0800)\r\nDescription: Advanced System Settings\r\nProduct: Microsoft® Windows® Operating System\r\nCompany: Microsoft Corporation\r\nOriginalFileName: SystemPropertiesAdvanced.EXE\r\nCommandLine: C:\\Windows\\Syswow64\\SystemPropertiesAdvanced.exe\r\nCurrentDirectory: C:\\Windows\\system32\\\r\nUser: XRISBARNEY\\itadmin\r\nLogonGuid: {94f48244-c374-615e-b8f6-1b0000000000}\r\nLogonId: 0x1BF6B8\r\nTerminalSessionId: 1\r\nIntegrityLevel: High\r\nHashes: SHA1=45526CE11BD5D10073B2DA21B608A8DFA652A80A,MD5=26230E6CBB94363405DCA88E06C96C12,SHA256=3C52E817A18EFD5670C1B8A2FEBBA53673DC70875271933C075116990EF0C255,IMPHASH=B788892AE84BA86201A726810F01CB07\r\nParentProcessGuid: {94f48244-c492-615e-ba00-000000001a00}\r\nParentProcessId: 2612\r\nParentImage: C:\\Windows\\System32\\cmd.exe\r\nParentCommandLine: cmd.exe /c C:\\Windows\\Syswow64\\SystemPropertiesAdvanced.exe\"", "version": "5", "systemTime": "2021-10-07T09:57:45.3147346Z", "eventRecordID": "16636", "threadID": "2836", "computer": "itadmin.xrisbarney.local", "task": "1", "processID": "2400", "severityValue": "INFORMATION", "providerName": "Microsoft-Windows-Sysmon" } } }
rule = 92036
alert = 3
decoder = json

[Suspicious execution of .js file by $(win.eventdata.image)]
log 1 pass = { "win": { "eventdata": { "originalFileName": "wscript.exe", "image": "C:\\\\Users\\\\st9\\\\AppData\\\\Local\\\\adb156.exe", "product": "Microsoft ® Windows Script Host", "parentProcessGuid": "{50263ab4-28cb-6154-1400-000000000d00}", "description": "Microsoft ® Windows Based Script Host", "logonGuid": "{50263ab4-28e1-6154-3272-050000000000}", "parentCommandLine": "C:\\\\Windows\\\\system32\\\\svchost.exe -k netsvcs -p", "processGuid": "{50263ab4-3306-6154-5101-000000000d00}", "logonId": "0x57232", "parentProcessId": "368", "processId": "6988", "currentDirectory": "C:\\\\Windows\\\\system32\\\\", "utcTime": "2021-09-29 09:33:58.115", "hashes": "SHA1=C2326CC50A739D3BC512BB65A24D42F1CDE745C9,MD5=FF00E0480075B095948000BDC66E81F0,SHA256=8C767077BB410F95B1DB237B31F4F6E1512C78C1F0120DE3F215B501F6D1C7EA,IMPHASH=3602F3C025378F418F804C5D183603FE", "parentImage": "C:\\\\Windows\\\\System32\\\\svchost.exe", "ruleName": "technique_id=T1202,technique_name=Indirect Command Execution", "company": "Microsoft Corporation", "commandLine": "C:\\\\Users\\\\st9\\\\AppData\\\\Local\\\\adb156.exe /b /e:jscript C:\\\\Users\\\\st9\\\\AppData\\\\Local\\\\sql-rat.js", "integrityLevel": "Medium", "fileVersion": "5.812.10240.16384", "user": "DESKTOP-P45R1DM\\\\st9", "terminalSessionId": "1" }, "system": { "eventID": "1", "keywords": "0x8000000000000000", "providerGuid": "{5770385f-c22a-43e0-bf4c-06f5698ffbd9}", "level": "4", "channel": "Microsoft-Windows-Sysmon/Operational", "opcode": "0", "message": "\"Process Create:\r\nRuleName: technique_id=T1202,technique_name=Indirect Command Execution\r\nUtcTime: 2021-09-29 09:33:58.115\r\nProcessGuid: {50263ab4-3306-6154-5101-000000000d00}\r\nProcessId: 6988\r\nImage: C:\\Users\\st9\\AppData\\Local\\adb156.exe\r\nFileVersion: 5.812.10240.16384\r\nDescription: Microsoft ® Windows Based Script Host\r\nProduct: Microsoft ® Windows Script Host\r\nCompany: Microsoft Corporation\r\nOriginalFileName: wscript.exe\r\nCommandLine: C:\\Users\\st9\\AppData\\Local\\adb156.exe /b /e:jscript C:\\Users\\st9\\AppData\\Local\\sql-rat.js\r\nCurrentDirectory: C:\\Windows\\system32\\\r\nUser: DESKTOP-P45R1DM\\st9\r\nLogonGuid: {50263ab4-28e1-6154-3272-050000000000}\r\nLogonId: 0x57232\r\nTerminalSessionId: 1\r\nIntegrityLevel: Medium\r\nHashes: SHA1=C2326CC50A739D3BC512BB65A24D42F1CDE745C9,MD5=FF00E0480075B095948000BDC66E81F0,SHA256=8C767077BB410F95B1DB237B31F4F6E1512C78C1F0120DE3F215B501F6D1C7EA,IMPHASH=3602F3C025378F418F804C5D183603FE\r\nParentProcessGuid: {50263ab4-28cb-6154-1400-000000000d00}\r\nParentProcessId: 368\r\nParentImage: C:\\Windows\\System32\\svchost.exe\r\nParentCommandLine: C:\\Windows\\system32\\svchost.exe -k netsvcs -p\"", "version": "5", "systemTime": "2021-09-29T09:33:58.1211923Z", "eventRecordID": "17827", "threadID": "3400", "computer": "DESKTOP-P45R1DM", "task": "1", "processID": "2384", "severityValue": "INFORMATION", "providerName": "Microsoft-Windows-Sysmon" } } }
rule = 92054
alert = 14
decoder = json


[Powershell process invoked known auto-elevated utility]
log 1 pass = {"win":{"eventdata":{"originalFileName":"ComputerDefaults.EXE","image":"C:\\\\Windows\\\\System32\\\\ComputerDefaults.exe","product":"Microsoft® Windows® Operating System","parentProcessGuid":"{4dc16835-24e2-6157-09e1-390000000000}","description":"Set Program Access and Computer Defaults Control Panel","logonGuid":"{4dc16835-1dfb-6157-1cf5-0c0000000000}","parentCommandLine":"powershell.exe -c C:\\\\Users\\\\AtomicRed\\\\AppData\\\\Local\\\\uac-samcats.ps1","processGuid":"{4dc16835-24e3-6157-4920-3a0000000000}","logonId":"0xcf51c","parentProcessId":"3892","processId":"1328","currentDirectory":"C:\\\\Windows\\\\system32\\\\","utcTime":"2021-10-01 15:10:27.700","hashes":"SHA1=27A9BB9D7628D442F9B5CF47711C906E3315755B,MD5=D25A9E160E3B74EF2242023726F15416,SHA256=7B0334C329E40A542681BCAFF610AE58ADA8B1F77FF6477734C1B8B9A951EF4C,IMPHASH=00B74CCF8A4820BD574431AE64ECF0C5","parentImage":"C:\\\\Windows\\\\System32\\\\WindowsPowerShell\\\\v1.0\\\\powershell.exe","ruleName":"technique_id=T1086,technique_name=PowerShell","company":"Microsoft Corporation","commandLine":"\\\"C:\\\\Windows\\\\System32\\\\ComputerDefaults.exe\\\"","integrityLevel":"High","fileVersion":"10.0.19041.1 (WinBuild.160101.0800)","user":"EXCHANGETEST\\\\AtomicRed","terminalSessionId":"1"},"system":{"eventID":"1","keywords":"0x8000000000000000","providerGuid":"{5770385f-c22a-43e0-bf4c-06f5698ffbd9}","level":"4","channel":"Microsoft-Windows-Sysmon/Operational","opcode":"0","message":"\"Process Create:\r\nRuleName: technique_id=T1086,technique_name=PowerShell\r\nUtcTime: 2021-10-01 15:10:27.700\r\nProcessGuid: {4dc16835-24e3-6157-4920-3a0000000000}\r\nProcessId: 1328\r\nImage: C:\\Windows\\System32\\ComputerDefaults.exe\r\nFileVersion: 10.0.19041.1 (WinBuild.160101.0800)\r\nDescription: Set Program Access and Computer Defaults Control Panel\r\nProduct: Microsoft® Windows® Operating System\r\nCompany: Microsoft Corporation\r\nOriginalFileName: ComputerDefaults.EXE\r\nCommandLine: \"C:\\Windows\\System32\\ComputerDefaults.exe\" \r\nCurrentDirectory: C:\\Windows\\system32\\\r\nUser: EXCHANGETEST\\AtomicRed\r\nLogonGuid: {4dc16835-1dfb-6157-1cf5-0c0000000000}\r\nLogonId: 0xCF51C\r\nTerminalSessionId: 1\r\nIntegrityLevel: High\r\nHashes: SHA1=27A9BB9D7628D442F9B5CF47711C906E3315755B,MD5=D25A9E160E3B74EF2242023726F15416,SHA256=7B0334C329E40A542681BCAFF610AE58ADA8B1F77FF6477734C1B8B9A951EF4C,IMPHASH=00B74CCF8A4820BD574431AE64ECF0C5\r\nParentProcessGuid: {4dc16835-24e2-6157-09e1-390000000000}\r\nParentProcessId: 3892\r\nParentImage: C:\\Windows\\System32\\WindowsPowerShell\\v1.0\\powershell.exe\r\nParentCommandLine: powershell.exe -c C:\\Users\\AtomicRed\\AppData\\Local\\uac-samcats.ps1\"","version":"5","systemTime":"2021-10-01T15:10:27.7040242Z","eventRecordID":"404197","threadID":"3916","computer":"hrmanager.ExchangeTest.com","task":"1","processID":"2440","severityValue":"INFORMATION","providerName":"Microsoft-Windows-Sysmon"}}}
rule = 92056
alert = 14
decoder = json

[Powershell.exe spawned a powershell process which executed a base64 encoded command.]
log 1 pass = { "win": { "eventdata": { "originalFileName": "PowerShell.EXE", "image": "C:\\\\Windows\\\\System32\\\\WindowsPowerShell\\\\v1.0\\\\powershell.exe", "product": "Microsoft® Windows® Operating System", "parentProcessGuid": "{94f48244-3769-6164-9001-000000001200}", "description": "Windows PowerShell", "logonGuid": "{94f48244-3769-6164-61af-aa0000000000}", "parentCommandLine": "\\\"C:\\\\Windows\\\\System32\\\\WindowsPowerShell\\\\v1.0\\\\powershell.exe\\\"", "processGuid": "{94f48244-3a4f-6164-e701-000000001200}", "logonId": "0xaaaf61", "parentProcessId": "9672", "processId": "5968", "currentDirectory": "C:\\\\Windows\\\\system32\\\\", "utcTime": "2021-10-11 13:21:19.419", "hashes": "SHA1=F43D9BB316E30AE1A3494AC5B0624F6BEA1BF054,MD5=04029E121A0CFA5991749937DD22A1D9,SHA256=9F914D42706FE215501044ACD85A32D58AAEF1419D404FDDFA5D3B48F66CCD9F,IMPHASH=7C955A0ABC747F57CCC4324480737EF7", "parentImage": "C:\\\\Windows\\\\System32\\\\WindowsPowerShell\\\\v1.0\\\\powershell.exe", "ruleName": "technique_id=T1086,technique_name=PowerShell", "company": "Microsoft Corporation", "commandLine": "\\\"C:\\\\Windows\\\\System32\\\\WindowsPowerShell\\\\v1.0\\\\powershell.exe\\\" -noprofile -encodedCommand JABkAGwAbAAgAD0A==", "integrityLevel": "High", "fileVersion": "10.0.19041.546 (WinBuild.160101.0800)", "user": "XRISBARNEY\\\\itadmin", "terminalSessionId": "2" }, "system": { "eventID": "1", "keywords": "0x8000000000000000", "providerGuid": "{5770385f-c22a-43e0-bf4c-06f5698ffbd9}", "level": "4", "channel": "Microsoft-Windows-Sysmon/Operational", "opcode": "0", "message": "\"Process Create:\r\nRuleName: technique_id=T1086,technique_name=PowerShell\r\nUtcTime: 2021-10-11 13:21:19.419\r\nProcessGuid: {94f48244-3a4f-6164-e701-000000001200}\r\nProcessId: 5968\r\nImage: C:\\Windows\\System32\\WindowsPowerShell\\v1.0\\powershell.exe\r\nFileVersion: 10.0.19041.546 (WinBuild.160101.0800)\r\nDescription: Windows PowerShell\r\nProduct: Microsoft® Windows® Operating System\r\nCompany: Microsoft Corporation\r\nOriginalFileName: PowerShell.EXE\r\nCommandLine: \"C:\\Windows\\System32\\WindowsPowerShell\\v1.0\\powershell.exe\" -noprofile -encodedCommand JABkAGwAbAAgAD0A==\r\nCurrentDirectory: C:\\Windows\\system32\\\r\nUser: XRISBARNEY\\itadmin\r\nLogonGuid: {94f48244-3769-6164-61af-aa0000000000}\r\nLogonId: 0xAAAF61\r\nTerminalSessionId: 2\r\nIntegrityLevel: High\r\nHashes: SHA1=F43D9BB316E30AE1A3494AC5B0624F6BEA1BF054,MD5=04029E121A0CFA5991749937DD22A1D9,SHA256=9F914D42706FE215501044ACD85A32D58AAEF1419D404FDDFA5D3B48F66CCD9F,IMPHASH=7C955A0ABC747F57CCC4324480737EF7\r\nParentProcessGuid: {94f48244-3769-6164-9001-000000001200}\r\nParentProcessId: 9672\r\nParentImage: C:\\Windows\\System32\\WindowsPowerShell\\v1.0\\powershell.exe\r\nParentCommandLine: \"C:\\Windows\\System32\\WindowsPowerShell\\v1.0\\powershell.exe\" \"", "version": "5", "systemTime": "2021-10-11T13:21:19.4273225Z", "eventRecordID": "5712", "threadID": "4792", "computer": "accounting.xrisbarney.local", "task": "1", "processID": "6116", "severityValue": "INFORMATION", "providerName": "Microsoft-Windows-Sysmon" } } }
rule = 92057
alert = 12
decoder = json

[Possible Shimming. Application Compatibility Database launched from an encoded powershell command.]
log 1 pass = { "win": { "eventdata": { "originalFileName": "sdbinst.exe", "image": "C:\\\\Windows\\\\System32\\\\sdbinst.exe", "product": "Microsoft® Windows® Operating System", "parentProcessGuid": "{94f48244-3a4f-6164-e701-000000001200}", "description": "Application Compatibility Database Installer", "logonGuid": "{94f48244-3769-6164-61af-aa0000000000}", "parentCommandLine": "\\\"C:\\\\Windows\\\\System32\\\\WindowsPowerShell\\\\v1.0\\\\powershell.exe\\\" -noprofile -encodedCommand JABkAGwAbAAgAD0A==", "processGuid": "{94f48244-3a5a-6164-e801-000000001200}", "logonId": "0xaaaf61", "parentProcessId": "5968", "processId": "7160", "currentDirectory": "C:\\\\Windows\\\\system32\\\\", "utcTime": "2021-10-11 13:21:30.824", "hashes": "SHA1=105B3AC07AF3849E9A6ACB064AB9BDCBEB80F326,MD5=0D1846AA458BED45C564F6B050CECC44,SHA256=6A35A458BDCE60ABC8236C8EC2915505ADC9370812E78FCDEAAC8C494F563FB1,IMPHASH=5D01C40092C3C1075F7A8335CD70663B", "parentImage": "C:\\\\Windows\\\\System32\\\\WindowsPowerShell\\\\v1.0\\\\powershell.exe", "ruleName": "technique_id=T1546.011,technique_name=Application Shimming", "company": "Microsoft Corporation", "commandLine": "\\\"C:\\\\Windows\\\\system32\\\\sdbinst.exe\\\" C:\\\\Windows\\\\Temp\\\\sdbE376.tmp", "integrityLevel": "High", "fileVersion": "10.0.19041.928 (WinBuild.160101.0800)", "user": "XRISBARNEY\\\\itadmin", "terminalSessionId": "2" }, "system": { "eventID": "1", "keywords": "0x8000000000000000", "providerGuid": "{5770385f-c22a-43e0-bf4c-06f5698ffbd9}", "level": "4", "channel": "Microsoft-Windows-Sysmon/Operational", "opcode": "0", "message": "\"Process Create:\r\nRuleName: technique_id=T1546.011,technique_name=Application Shimming\r\nUtcTime: 2021-10-11 13:21:30.824\r\nProcessGuid: {94f48244-3a5a-6164-e801-000000001200}\r\nProcessId: 7160\r\nImage: C:\\Windows\\System32\\sdbinst.exe\r\nFileVersion: 10.0.19041.928 (WinBuild.160101.0800)\r\nDescription: Application Compatibility Database Installer\r\nProduct: Microsoft® Windows® Operating System\r\nCompany: Microsoft Corporation\r\nOriginalFileName: sdbinst.exe\r\nCommandLine: \"C:\\Windows\\system32\\sdbinst.exe\" C:\\Windows\\Temp\\sdbE376.tmp\r\nCurrentDirectory: C:\\Windows\\system32\\\r\nUser: XRISBARNEY\\itadmin\r\nLogonGuid: {94f48244-3769-6164-61af-aa0000000000}\r\nLogonId: 0xAAAF61\r\nTerminalSessionId: 2\r\nIntegrityLevel: High\r\nHashes: SHA1=105B3AC07AF3849E9A6ACB064AB9BDCBEB80F326,MD5=0D1846AA458BED45C564F6B050CECC44,SHA256=6A35A458BDCE60ABC8236C8EC2915505ADC9370812E78FCDEAAC8C494F563FB1,IMPHASH=5D01C40092C3C1075F7A8335CD70663B\r\nParentProcessGuid: {94f48244-3a4f-6164-e701-000000001200}\r\nParentProcessId: 5968\r\nParentImage: C:\\Windows\\System32\\WindowsPowerShell\\v1.0\\powershell.exe\r\nParentCommandLine: \"C:\\Windows\\System32\\WindowsPowerShell\\v1.0\\powershell.exe\" -noprofile -encodedCommand JABkAGwAbAAgAD0A==\"", "version": "5", "systemTime": "2021-10-11T13:21:30.9220110Z", "eventRecordID": "5741", "threadID": "4792", "computer": "accounting.xrisbarney.local", "task": "1", "processID": "6116", "severityValue": "INFORMATION", "providerName": "Microsoft-Windows-Sysmon" } } }
rule = 92059
alert = 14
decoder = json

[Sdclt.exe launched with medium integrity level.]
log 1 pass = { "win": { "eventdata": { "originalFileName": "sdclt.exe", "image": "C:\\\\Windows\\\\System32\\\\sdclt.exe", "product": "Microsoft® Windows® Operating System", "parentProcessGuid": "{94f48244-b437-616e-5001-000000001900}", "description": "Microsoft® Windows Backup", "logonGuid": "{94f48244-a5ad-616e-3dfb-0d0000000000}", "parentCommandLine": "\\\"C:\\\\windows\\\\system32\\\\cmd.exe\\\"", "processGuid": "{94f48244-b4be-616e-5301-000000001900}", "logonId": "0xdfb3d", "parentProcessId": "4252", "processId": "4448", "currentDirectory": "C:\\\\Users\\\\chris\\\\Desktop\\\\", "utcTime": "2021-10-19 12:06:22.776", "hashes": "SHA1=1C5B9322B51C09A407D182DF481609F7CB8C425D,MD5=E09D48F225E7ABCAB14EBD3B8A9668EC,SHA256=EFD238EA79B93D07852D39052F1411618C36E7597E8AF0966C4A3223F0021DC3,IMPHASH=1F4349F0C287A904C0483B5CD434DF28", "parentImage": "C:\\\\Windows\\\\System32\\\\cmd.exe", "ruleName": "technique_id=T1059,technique_name=Command-Line Interface", "company": "Microsoft Corporation", "commandLine": "C:\\\\Windows\\\\system32\\\\sdclt.exe", "integrityLevel": "Medium", "fileVersion": "10.0.19041.746 (WinBuild.160101.0800)", "user": "APT29W1\\\\chris", "terminalSessionId": "1" }, "system": { "eventID": "1", "keywords": "0x8000000000000000", "providerGuid": "{5770385f-c22a-43e0-bf4c-06f5698ffbd9}", "level": "4", "channel": "Microsoft-Windows-Sysmon/Operational", "opcode": "0", "message": "\"Process Create:\r\nRuleName: technique_id=T1059,technique_name=Command-Line Interface\r\nUtcTime: 2021-10-19 12:06:22.776\r\nProcessGuid: {94f48244-b4be-616e-5301-000000001900}\r\nProcessId: 4448\r\nImage: C:\\Windows\\System32\\sdclt.exe\r\nFileVersion: 10.0.19041.746 (WinBuild.160101.0800)\r\nDescription: Microsoft® Windows Backup\r\nProduct: Microsoft® Windows® Operating System\r\nCompany: Microsoft Corporation\r\nOriginalFileName: sdclt.exe\r\nCommandLine: C:\\Windows\\system32\\sdclt.exe\r\nCurrentDirectory: C:\\Users\\chris\\Desktop\\\r\nUser: APT29W1\\chris\r\nLogonGuid: {94f48244-a5ad-616e-3dfb-0d0000000000}\r\nLogonId: 0xDFB3D\r\nTerminalSessionId: 1\r\nIntegrityLevel: Medium\r\nHashes: SHA1=1C5B9322B51C09A407D182DF481609F7CB8C425D,MD5=E09D48F225E7ABCAB14EBD3B8A9668EC,SHA256=EFD238EA79B93D07852D39052F1411618C36E7597E8AF0966C4A3223F0021DC3,IMPHASH=1F4349F0C287A904C0483B5CD434DF28\r\nParentProcessGuid: {94f48244-b437-616e-5001-000000001900}\r\nParentProcessId: 4252\r\nParentImage: C:\\Windows\\System32\\cmd.exe\r\nParentCommandLine: \"C:\\windows\\system32\\cmd.exe\"\"", "version": "5", "systemTime": "2021-10-19T12:06:22.7938322Z", "eventRecordID": "48411", "threadID": "3932", "computer": "apt29w1.xrisbarney.local", "task": "1", "processID": "2340", "severityValue": "INFORMATION", "providerName": "Microsoft-Windows-Sysmon" } } }
rule = 92061
alert = 3
decoder = json

[Powershell launched with a high integrity level by control.exe.]
log 1 pass = { "win": { "eventdata": { "originalFileName": "PowerShell.EXE", "image": "C:\\\\Windows\\\\System32\\\\WindowsPowerShell\\\\v1.0\\\\powershell.exe", "product": "Microsoft® Windows® Operating System", "parentProcessGuid": "{94f48244-b4bf-616e-5701-000000001900}", "description": "Windows PowerShell", "logonGuid": "{94f48244-a5ad-616e-0efb-0d0000000000}", "parentCommandLine": "\\\"C:\\\\Windows\\\\System32\\\\control.exe\\\"  /name Microsoft.BackupAndRestoreCenter", "processGuid": "{94f48244-b4bf-616e-5901-000000001900}", "logonId": "0xdfb0e", "parentProcessId": "3740", "processId": "3260", "currentDirectory": "C:\\\\Windows\\\\system32\\\\", "utcTime": "2021-10-19 12:06:23.656", "hashes": "SHA1=F43D9BB316E30AE1A3494AC5B0624F6BEA1BF054,MD5=04029E121A0CFA5991749937DD22A1D9,SHA256=9F914D42706FE215501044ACD85A32D58AAEF1419D404FDDFA5D3B48F66CCD9F,IMPHASH=7C955A0ABC747F57CCC4324480737EF7", "parentImage": "C:\\\\Windows\\\\System32\\\\control.exe", "ruleName": "technique_id=T1086,technique_name=PowerShell", "company": "Microsoft Corporation", "commandLine": "\\\"PowerShell.exe\\\" -noni -noexit -ep bypass -window hidden -c \\\"sal a New-Object;Add-Type -AssemblyName 'System.Drawing'; $g=a System.Drawing.Bitmap('C:\\\\Users\\\\username\\\\Downloads\\\\monkey.png');$o=a Byte[] 4480;for($i=0; $i -le 6; $i++){foreach($x in(0..639)){$p=$g.GetPixel($x,$i);$o[$i*640+$x]=([math]::Floor(($p.B-band15)*16)-bor($p.G-band15))}};$g.Dispose();IEX([System.Text.Encoding]::ASCII.GetString($o[0..3932]))\\\"", "integrityLevel": "High", "fileVersion": "10.0.19041.546 (WinBuild.160101.0800)", "user": "APT29W1\\\\chris", "terminalSessionId": "1" }, "system": { "eventID": "1", "keywords": "0x8000000000000000", "providerGuid": "{5770385f-c22a-43e0-bf4c-06f5698ffbd9}", "level": "4", "channel": "Microsoft-Windows-Sysmon/Operational", "opcode": "0", "message": "\"Process Create:\r\nRuleName: technique_id=T1086,technique_name=PowerShell\r\nUtcTime: 2021-10-19 12:06:23.656\r\nProcessGuid: {94f48244-b4bf-616e-5901-000000001900}\r\nProcessId: 3260\r\nImage: C:\\Windows\\System32\\WindowsPowerShell\\v1.0\\powershell.exe\r\nFileVersion: 10.0.19041.546 (WinBuild.160101.0800)\r\nDescription: Windows PowerShell\r\nProduct: Microsoft® Windows® Operating System\r\nCompany: Microsoft Corporation\r\nOriginalFileName: PowerShell.EXE\r\nCommandLine: \"PowerShell.exe\" -noni -noexit -ep bypass -window hidden -c \"sal a New-Object;Add-Type -AssemblyName 'System.Drawing'; $g=a System.Drawing.Bitmap('C:\\Users\\username\\Downloads\\monkey.png');$o=a Byte[] 4480;for($i=0; $i -le 6; $i++){foreach($x in(0..639)){$p=$g.GetPixel($x,$i);$o[$i*640+$x]=([math]::Floor(($p.B-band15)*16)-bor($p.G-band15))}};$g.Dispose();IEX([System.Text.Encoding]::ASCII.GetString($o[0..3932]))\"\r\nCurrentDirectory: C:\\Windows\\system32\\\r\nUser: APT29W1\\chris\r\nLogonGuid: {94f48244-a5ad-616e-0efb-0d0000000000}\r\nLogonId: 0xDFB0E\r\nTerminalSessionId: 1\r\nIntegrityLevel: High\r\nHashes: SHA1=F43D9BB316E30AE1A3494AC5B0624F6BEA1BF054,MD5=04029E121A0CFA5991749937DD22A1D9,SHA256=9F914D42706FE215501044ACD85A32D58AAEF1419D404FDDFA5D3B48F66CCD9F,IMPHASH=7C955A0ABC747F57CCC4324480737EF7\r\nParentProcessGuid: {94f48244-b4bf-616e-5701-000000001900}\r\nParentProcessId: 3740\r\nParentImage: C:\\Windows\\System32\\control.exe\r\nParentCommandLine: \"C:\\Windows\\System32\\control.exe\"  /name Microsoft.BackupAndRestoreCenter\"", "version": "5", "systemTime": "2021-10-19T12:06:23.6618443Z", "eventRecordID": "48423", "threadID": "3932", "computer": "apt29w1.xrisbarney.local", "task": "1", "processID": "2340", "severityValue": "INFORMATION", "providerName": "Microsoft-Windows-Sysmon" } } }
rule = 92062
alert = 14
decoder = json

[Suspicious right to left override character in binary file]
log 1 pass = {"win":{"eventdata":{"image":"C:\\\\Users\\\\AtomicRed\\\\Downloads\\\\cod.3aka3.scr2\\\\cod.scr\\\\‭‭‮cod.abaf.scr","parentProcessGuid":"{4dc16835-ae8b-6171-a3be-1e0000000000}","logonGuid":"{4dc16835-ae85-6171-3684-1d0000000000}","parentCommandLine":"C:\\\\Windows\\\\Explorer.EXE","processGuid":"{4dc16835-c80d-6171-29c3-300100000000}","logonId":"0x1d8436","parentProcessId":"1000","processId":"7100","currentDirectory":"C:\\\\Users\\\\AtomicRed\\\\Downloads\\\\cod.3aka3.scr2\\\\cod.scr\\\\","utcTime":"2021-10-21 20:05:33.050","hashes":"SHA1=4DA8E4FB0D91B74A330E2B1BC1268564BDB5088D,MD5=420EEFE8A20A2F1880004FB698704760,SHA256=47EAA4CA06A26E28FB2333C6EF8E669352385225229D0D17900E5E0EC39FACC7,IMPHASH=4C3AA0D89512A05380301CA2EDA65F21","parentImage":"C:\\\\Windows\\\\explorer.exe","ruleName":"technique_id=T1204,technique_name=User Execution","commandLine":"\\\"C:\\\\Users\\\\AtomicRed\\\\Downloads\\\\cod.3aka3.scr2\\\\cod.scr\\\\‭‭‮cod.abaf.scr\\\" /S","integrityLevel":"Medium","user":"EXCHANGETEST\\\\AtomicRed","terminalSessionId":"1"},"system":{"eventID":"1","keywords":"0x8000000000000000","providerGuid":"{5770385f-c22a-43e0-bf4c-06f5698ffbd9}","level":"4","channel":"Microsoft-Windows-Sysmon/Operational","opcode":"0","message":"\"Process Create:\r\nRuleName: technique_id=T1204,technique_name=User Execution\r\nUtcTime: 2021-10-21 20:05:33.050\r\nProcessGuid: {4dc16835-c80d-6171-29c3-300100000000}\r\nProcessId: 7100\r\nImage: C:\\Users\\AtomicRed\\Downloads\\cod.3aka3.scr2\\cod.scr\\‭‭‮cod.abaf.scr\r\nFileVersion: -\r\nDescription: -\r\nProduct: -\r\nCompany: -\r\nOriginalFileName: -\r\nCommandLine: \"C:\\Users\\AtomicRed\\Downloads\\cod.3aka3.scr2\\cod.scr\\‭‭‮cod.abaf.scr\" /S\r\nCurrentDirectory: C:\\Users\\AtomicRed\\Downloads\\cod.3aka3.scr2\\cod.scr\\\r\nUser: EXCHANGETEST\\AtomicRed\r\nLogonGuid: {4dc16835-ae85-6171-3684-1d0000000000}\r\nLogonId: 0x1D8436\r\nTerminalSessionId: 1\r\nIntegrityLevel: Medium\r\nHashes: SHA1=4DA8E4FB0D91B74A330E2B1BC1268564BDB5088D,MD5=420EEFE8A20A2F1880004FB698704760,SHA256=47EAA4CA06A26E28FB2333C6EF8E669352385225229D0D17900E5E0EC39FACC7,IMPHASH=4C3AA0D89512A05380301CA2EDA65F21\r\nParentProcessGuid: {4dc16835-ae8b-6171-a3be-1e0000000000}\r\nParentProcessId: 1000\r\nParentImage: C:\\Windows\\explorer.exe\r\nParentCommandLine: C:\\Windows\\Explorer.EXE\"","version":"5","systemTime":"2021-10-21T20:05:33.1093435Z","eventRecordID":"397061","threadID":"4016","computer":"hrmanager.ExchangeTest.com","task":"1","processID":"2296","severityValue":"INFORMATION","providerName":"Microsoft-Windows-Sysmon"}}}
rule = 92064
alert = 15
decoder = json

[Parent process with suspicious right to left override character in binary file]
log 1 pass = {"win":{"eventdata":{"originalFileName":"sample.Exe","image":"C:\\\\Windows\\\\System32\\\\sample.exe","product":"Microsoft® Windows® Operating System","parentProcessGuid":"{4dc16835-c80d-6171-29c3-300100000000}","description":"Windows Command Processor","logonGuid":"{4dc16835-ae85-6171-3684-1d0000000000}","parentCommandLine":"\\\"C:\\\\Users\\\\AtomicRed\\\\Downloads\\\\cod.3aka3.scr2\\\\cod.scr\\\\‭‭‮cod.abaf.scr\\\" /S","processGuid":"{4dc16835-c852-6171-e804-320100000000}","logonId":"0x1d8436","parentProcessId":"7100","processId":"7468","currentDirectory":"C:\\\\Users\\\\AtomicRed\\\\Downloads\\\\cod.3aka3.scr2\\\\cod.scr\\\\","utcTime":"2021-10-21 20:06:42.724","hashes":"SHA1=F1EFB0FDDC156E4C61C5F78A54700E4E7984D55D,MD5=8A2122E8162DBEF04694B9C3E0B6CDEE,SHA256=B99D61D874728EDC0918CA0EB10EAB93D381E7367E377406E65963366C874450,IMPHASH=272245E2988E1E430500B852C4FB5E18","parentImage":"C:\\\\Users\\\\AtomicRed\\\\Downloads\\\\cod.3aka3.scr2\\\\cod.scr\\\\‭‭‮cod.abaf.scr","ruleName":"technique_id=T1059,technique_name=Command-Line Interface","company":"Microsoft Corporation","commandLine":"\\\"C:\\\\windows\\\\system32\\\\cmd.exe\\\"","integrityLevel":"Medium","fileVersion":"10.0.19041.746 (WinBuild.160101.0800)","user":"EXCHANGETEST\\\\AtomicRed","terminalSessionId":"1"},"system":{"eventID":"1","keywords":"0x8000000000000000","providerGuid":"{5770385f-c22a-43e0-bf4c-06f5698ffbd9}","level":"4","channel":"Microsoft-Windows-Sysmon/Operational","opcode":"0","message":"\"Process Create:\r\nRuleName: technique_id=T1059,technique_name=Command-Line Interface\r\nUtcTime: 2021-10-21 20:06:42.724\r\nProcessGuid: {4dc16835-c852-6171-e804-320100000000}\r\nProcessId: 7468\r\nImage: C:\\Windows\\System32\\cmd.exe\r\nFileVersion: 10.0.19041.746 (WinBuild.160101.0800)\r\nDescription: Windows Command Processor\r\nProduct: Microsoft® Windows® Operating System\r\nCompany: Microsoft Corporation\r\nOriginalFileName: Cmd.Exe\r\nCommandLine: \"C:\\windows\\system32\\cmd.exe\"\r\nCurrentDirectory: C:\\Users\\AtomicRed\\Downloads\\cod.3aka3.scr2\\cod.scr\\\r\nUser: EXCHANGETEST\\AtomicRed\r\nLogonGuid: {4dc16835-ae85-6171-3684-1d0000000000}\r\nLogonId: 0x1D8436\r\nTerminalSessionId: 1\r\nIntegrityLevel: Medium\r\nHashes: SHA1=F1EFB0FDDC156E4C61C5F78A54700E4E7984D55D,MD5=8A2122E8162DBEF04694B9C3E0B6CDEE,SHA256=B99D61D874728EDC0918CA0EB10EAB93D381E7367E377406E65963366C874450,IMPHASH=272245E2988E1E430500B852C4FB5E18\r\nParentProcessGuid: {4dc16835-c80d-6171-29c3-300100000000}\r\nParentProcessId: 7100\r\nParentImage: C:\\Users\\AtomicRed\\Downloads\\cod.3aka3.scr2\\cod.scr\\‭‭‮cod.abaf.scr\r\nParentCommandLine: \"C:\\Users\\AtomicRed\\Downloads\\cod.3aka3.scr2\\cod.scr\\‭‭‮cod.abaf.scr\" /S\"","version":"5","systemTime":"2021-10-21T20:06:42.7314769Z","eventRecordID":"397076","threadID":"4016","computer":"hrmanager.ExchangeTest.com","task":"1","processID":"2296","severityValue":"INFORMATION","providerName":"Microsoft-Windows-Sysmon"}}}
rule = 92060
alert = 15
decoder = json

[Powershell process spawned powershell instance]
log 1 pass = { "win": { "eventdata": { "originalFileName": "PowerShell.EXE", "image": "C:\\\\Windows\\\\System32\\\\WindowsPowerShell\\\\v1.0\\\\powershell.exe", "product": "Microsoft® Windows® Operating System", "parentProcessGuid": "{1f43d37e-6816-6170-cf00-000000001300}", "description": "Windows PowerShell", "logonGuid": "{1f43d37e-60e7-6170-4430-050000000000}", "parentCommandLine": "\\\"C:\\\\Windows\\\\System32\\\\WindowsPowerShell\\\\v1.0\\\\powershell.exe\\\"", "processGuid": "{1f43d37e-6be2-6170-0401-000000001300}", "logonId": "0x53044", "parentProcessId": "1040", "processId": "4308", "currentDirectory": "C:\\\\Users\\\\adminuser\\\\", "utcTime": "2021-10-20 19:20:02.644", "hashes": "SHA1=F43D9BB316E30AE1A3494AC5B0624F6BEA1BF054,MD5=04029E121A0CFA5991749937DD22A1D9,SHA256=9F914D42706FE215501044ACD85A32D58AAEF1419D404FDDFA5D3B48F66CCD9F,IMPHASH=7C955A0ABC747F57CCC4324480737EF7", "parentImage": "C:\\\\Windows\\\\System32\\\\WindowsPowerShell\\\\v1.0\\\\powershell.exe", "ruleName": "technique_id=T1086,technique_name=PowerShell", "company": "Microsoft Corporation", "commandLine": "powershell.exe", "integrityLevel": "Medium", "fileVersion": "10.0.19041.546 (WinBuild.160101.0800)", "user": "DC\\\\adminuser", "terminalSessionId": "1" }, "system": { "eventID": "1", "keywords": "0x8000000000000000", "providerGuid": "{5770385f-c22a-43e0-bf4c-06f5698ffbd9}", "level": "4", "channel": "Microsoft-Windows-Sysmon/Operational", "opcode": "0", "message": "\"Process Create:\r\nRuleName: technique_id=T1086,technique_name=PowerShell\r\nUtcTime: 2021-10-20 19:20:02.644\r\nProcessGuid: {1f43d37e-6be2-6170-0401-000000001300}\r\nProcessId: 4308\r\nImage: C:\\Windows\\System32\\WindowsPowerShell\\v1.0\\powershell.exe\r\nFileVersion: 10.0.19041.546 (WinBuild.160101.0800)\r\nDescription: Windows PowerShell\r\nProduct: Microsoft® Windows® Operating System\r\nCompany: Microsoft Corporation\r\nOriginalFileName: PowerShell.EXE\r\nCommandLine: powershell.exe\r\nCurrentDirectory: C:\\Users\\adminuser\\\r\nUser: DC\\adminuser\r\nLogonGuid: {1f43d37e-60e7-6170-4430-050000000000}\r\nLogonId: 0x53044\r\nTerminalSessionId: 1\r\nIntegrityLevel: Medium\r\nHashes: SHA1=F43D9BB316E30AE1A3494AC5B0624F6BEA1BF054,MD5=04029E121A0CFA5991749937DD22A1D9,SHA256=9F914D42706FE215501044ACD85A32D58AAEF1419D404FDDFA5D3B48F66CCD9F,IMPHASH=7C955A0ABC747F57CCC4324480737EF7\r\nParentProcessGuid: {1f43d37e-6816-6170-cf00-000000001300}\r\nParentProcessId: 1040\r\nParentImage: C:\\Windows\\System32\\WindowsPowerShell\\v1.0\\powershell.exe\r\nParentCommandLine: \"C:\\Windows\\System32\\WindowsPowerShell\\v1.0\\powershell.exe\" \"", "version": "5", "systemTime": "2021-10-20T19:20:02.6596596Z", "eventRecordID": "37049", "threadID": "1096", "computer": "Workstation1.dc.local", "task": "1", "processID": "2352", "severityValue": "INFORMATION", "providerName": "Microsoft-Windows-Sysmon" } } }
rule = 92027
alert = 4
decoder = json

[File deletion by process]
